[2026-02-23 20:32:08] local.ERROR: SQLSTATE[HY000]: General error: 1366 Incorrect integer value: 'true' for column 'is_ticketed' at row 1 (Connection: mysql, SQL: insert into `destinasi_wisatas` (`nama`, `deskripsi`, `alamat`, `kategori`, `harga_tiket`, `is_ticketed`, `slug`, `is_active`, `updated_at`, `created_at`) values (Mangrove Saleba, asdkajds, Jl.Test, alam, 30000, true, mangrove-saleba, 1, 2026-02-23 20:32:08, 2026-02-23 20:32:08)) {"exception":"[object] (Illuminate\\Database\\QueryException(code: HY000): SQLSTATE[HY000]: General error: 1366 Incorrect integer value: 'true' for column 'is_ticketed' at row 1 (Connection: mysql, SQL: insert into `destinasi_wisatas` (`nama`, `deskripsi`, `alamat`, `kategori`, `harga_tiket`, `is_ticketed`, `slug`, `is_active`, `updated_at`, `created_at`) values (Mangrove Saleba, asdkajds, Jl.Test, alam, 30000, true, mangrove-saleba, 1, 2026-02-23 20:32:08, 2026-02-23 20:32:08)) at C:/Freelance/EKRAF/ekraf-backend/vendor/illuminate/database/Connection.php:829)
[stacktrace]
#0 C:/Freelance/EKRAF/ekraf-backend/vendor/illuminate/database/Connection.php(783): Illuminate/Database/Connection->runQueryCallback('insert into `de...', Array, Object(Closure))
#1 C:/Freelance/EKRAF/ekraf-backend/vendor/illuminate/database/MySqlConnection.php(34): Illuminate/Database/Connection->run('insert into `de...', Array, Object(Closure))
#2 C:/Freelance/EKRAF/ekraf-backend/vendor/illuminate/database/Query/Processors/MySqlProcessor.php(35): Illuminate/Database/MySqlConnection->insert('insert into `de...', Array, 'id')
#3 C:/Freelance/EKRAF/ekraf-backend/vendor/illuminate/database/Query/Builder.php(3549): Illuminate/Database/Query/Processors/MySqlProcessor->processInsertGetId(Object(Illuminate/Database/Query/Builder), 'insert into `de...', Array, 'id')
#4 C:/Freelance/EKRAF/ekraf-backend/vendor/illuminate/database/Eloquent/Builder.php(1982): Illuminate/Database/Query/Builder->insertGetId(Array, 'id')
#5 C:/Freelance/EKRAF/ekraf-backend/vendor/illuminate/database/Eloquent/Model.php(1334): Illuminate/Database/Eloquent/Builder->__call('insertGetId', Array)
#6 C:/Freelance/EKRAF/ekraf-backend/vendor/illuminate/database/Eloquent/Model.php(1299): Illuminate/Database/Eloquent/Model->insertAndSetId(Object(Illuminate/Database/Eloquent/Builder), Array)
#7 C:/Freelance/EKRAF/ekraf-backend/vendor/illuminate/database/Eloquent/Model.php(1138): Illuminate/Database/Eloquent/Model->performInsert(Object(Illuminate/Database/Eloquent/Builder))
#8 C:/Freelance/EKRAF/ekraf-backend/vendor/illuminate/database/Eloquent/Builder.php(1025): Illuminate/Database/Eloquent/Model->save()
#9 C:/Freelance/EKRAF/ekraf-backend/vendor/illuminate/support/helpers.php(320): Illuminate/Database/Eloquent/Builder->Illuminate/Database/Eloquent/{closure}(Object(App/Models/DestinasiWisata))
#10 C:/Freelance/EKRAF/ekraf-backend/vendor/illuminate/database/Eloquent/Builder.php(1024): tap(Object(App/Models/DestinasiWisata), Object(Closure))
#11 C:/Freelance/EKRAF/ekraf-backend/vendor/illuminate/support/Traits/ForwardsCalls.php(23): Illuminate/Database/Eloquent/Builder->create(Array)
#12 C:/Freelance/EKRAF/ekraf-backend/vendor/illuminate/database/Eloquent/Model.php(2335): Illuminate/Database/Eloquent/Model->forwardCallTo(Object(Illuminate/Database/Eloquent/Builder), 'create', Array)
#13 C:/Freelance/EKRAF/ekraf-backend/vendor/illuminate/database/Eloquent/Model.php(2347): Illuminate/Database/Eloquent/Model->__call('create', Array)
#14 C:/Freelance/EKRAF/ekraf-backend/app/Http/Controllers/Admin/AdminContentController.php(135): Illuminate/Database/Eloquent/Model::__callStatic('create', Array)
#15 C:/Freelance/EKRAF/ekraf-backend/vendor/illuminate/container/BoundMethod.php(36): App/Http/Controllers/Admin/AdminContentController->storeDestinasi(Object(Laravel/Lumen/Http/Request))
#16 C:/Freelance/EKRAF/ekraf-backend/vendor/illuminate/container/Util.php(41): Illuminate/Container/BoundMethod::Illuminate/Container/{closure}()
#17 C:/Freelance/EKRAF/ekraf-backend/vendor/illuminate/container/BoundMethod.php(93): Illuminate/Container/Util::unwrapIfClosure(Object(Closure))
#18 C:/Freelance/EKRAF/ekraf-backend/vendor/illuminate/container/BoundMethod.php(35): Illuminate/Container/BoundMethod::callBoundMethod(Object(Laravel/Lumen/Application), Array, Object(Closure))
#19 C:/Freelance/EKRAF/ekraf-backend/vendor/illuminate/container/Container.php(662): Illuminate/Container/BoundMethod::call(Object(Laravel/Lumen/Application), Array, Array, NULL)
#20 C:/Freelance/EKRAF/ekraf-backend/vendor/laravel/lumen-framework/src/Concerns/RoutesRequests.php(391): Illuminate/Container/Container->call(Array, Array)
#21 C:/Freelance/EKRAF/ekraf-backend/vendor/laravel/lumen-framework/src/Concerns/RoutesRequests.php(356): Laravel/Lumen/Application->callControllerCallable(Array, Array)
#22 C:/Freelance/EKRAF/ekraf-backend/vendor/laravel/lumen-framework/src/Concerns/RoutesRequests.php(331): Laravel/Lumen/Application->callLumenController(Object(App/Http/Controllers/Admin/AdminContentController), 'storeDestinasi', Array)
#23 C:/Freelance/EKRAF/ekraf-backend/vendor/laravel/lumen-framework/src/Concerns/RoutesRequests.php(284): Laravel/Lumen/Application->callControllerAction(Array)
#24 C:/Freelance/EKRAF/ekraf-backend/vendor/laravel/lumen-framework/src/Concerns/RoutesRequests.php(264): Laravel/Lumen/Application->callActionOnArrayBasedRoute(Array)
#25 C:/Freelance/EKRAF/ekraf-backend/vendor/laravel/lumen-framework/src/Routing/Pipeline.php(48): Laravel/Lumen/Application->Laravel/Lumen/Concerns/{closure}(Object(Laravel/Lumen/Http/Request))
#26 C:/Freelance/EKRAF/ekraf-backend/app/Http/Middleware/RoleMiddleware.php(36): Laravel/Lumen/Routing/Pipeline->Laravel/Lumen/Routing/{closure}(Object(Laravel/Lumen/Http/Request))
#27 C:/Freelance/EKRAF/ekraf-backend/vendor/illuminate/pipeline/Pipeline.php(183): App/Http/Middleware/RoleMiddleware->handle(Object(Laravel/Lumen/Http/Request), Object(Closure), 'admin')
#28 C:/Freelance/EKRAF/ekraf-backend/vendor/laravel/lumen-framework/src/Routing/Pipeline.php(30): Illuminate/Pipeline/Pipeline->Illuminate/Pipeline/{closure}(Object(Laravel/Lumen/Http/Request))
#29 C:/Freelance/EKRAF/ekraf-backend/app/Http/Middleware/Authenticate.php(45): Laravel/Lumen/Routing/Pipeline->Laravel/Lumen/Routing/{closure}(Object(Laravel/Lumen/Http/Request))
#30 C:/Freelance/EKRAF/ekraf-backend/vendor/illuminate/pipeline/Pipeline.php(183): App/Http/Middleware/Authenticate->handle(Object(Laravel/Lumen/Http/Request), Object(Closure), 'api')
#31 C:/Freelance/EKRAF/ekraf-backend/vendor/laravel/lumen-framework/src/Routing/Pipeline.php(30): Illuminate/Pipeline/Pipeline->Illuminate/Pipeline/{closure}(Object(Laravel/Lumen/Http/Request))
#32 C:/Freelance/EKRAF/ekraf-backend/vendor/illuminate/pipeline/Pipeline.php(119): Laravel/Lumen/Routing/Pipeline->Laravel/Lumen/Routing/{closure}(Object(Laravel/Lumen/Http/Request))
#33 C:/Freelance/EKRAF/ekraf-backend/vendor/laravel/lumen-framework/src/Concerns/RoutesRequests.php(428): Illuminate/Pipeline/Pipeline->then(Object(Closure))
#34 C:/Freelance/EKRAF/ekraf-backend/vendor/laravel/lumen-framework/src/Concerns/RoutesRequests.php(263): Laravel/Lumen/Application->sendThroughPipeline(Array, Object(Closure))
#35 C:/Freelance/EKRAF/ekraf-backend/vendor/laravel/lumen-framework/src/Concerns/RoutesRequests.php(171): Laravel/Lumen/Application->handleFoundRoute(Array)
#36 C:/Freelance/EKRAF/ekraf-backend/vendor/laravel/lumen-framework/src/Routing/Pipeline.php(48): Laravel/Lumen/Application->Laravel/Lumen/Concerns/{closure}(Object(Laravel/Lumen/Http/Request))
#37 C:/Freelance/EKRAF/ekraf-backend/app/Http/Middleware/CorsMiddleware.php(30): Laravel/Lumen/Routing/Pipeline->Laravel/Lumen/Routing/{closure}(Object(Laravel/Lumen/Http/Request))
#38 C:/Freelance/EKRAF/ekraf-backend/vendor/illuminate/pipeline/Pipeline.php(183): App/Http/Middleware/CorsMiddleware->handle(Object(Laravel/Lumen/Http/Request), Object(Closure))
#39 C:/Freelance/EKRAF/ekraf-backend/vendor/laravel/lumen-framework/src/Routing/Pipeline.php(30): Illuminate/Pipeline/Pipeline->Illuminate/Pipeline/{closure}(Object(Laravel/Lumen/Http/Request))
#40 C:/Freelance/EKRAF/ekraf-backend/vendor/illuminate/pipeline/Pipeline.php(119): Laravel/Lumen/Routing/Pipeline->Laravel/Lumen/Routing/{closure}(Object(Laravel/Lumen/Http/Request))
#41 C:/Freelance/EKRAF/ekraf-backend/vendor/laravel/lumen-framework/src/Concerns/RoutesRequests.php(428): Illuminate/Pipeline/Pipeline->then(Object(Closure))
#42 C:/Freelance/EKRAF/ekraf-backend/vendor/laravel/lumen-framework/src/Concerns/RoutesRequests.php(167): Laravel/Lumen/Application->sendThroughPipeline(Array, Object(Closure))
#43 C:/Freelance/EKRAF/ekraf-backend/vendor/laravel/lumen-framework/src/Concerns/RoutesRequests.php(112): Laravel/Lumen/Application->dispatch(NULL)
#44 C:/Freelance/EKRAF/ekraf-backend/public/index.php(17): Laravel/Lumen/Application->run()
#45 {main}

[previous exception] [object] (PDOException(code: HY000): SQLSTATE[HY000]: General error: 1366 Incorrect integer value: 'true' for column 'is_ticketed' at row 1 at C:/Freelance/EKRAF/ekraf-backend/vendor/illuminate/database/MySqlConnection.php:45)
[stacktrace]
#0 C:/Freelance/EKRAF/ekraf-backend/vendor/illuminate/database/MySqlConnection.php(45): PDOStatement->execute()
#1 C:/Freelance/EKRAF/ekraf-backend/vendor/illuminate/database/Connection.php(816): Illuminate/Database/MySqlConnection->Illuminate/Database/{closure}('insert into `de...', Array)
#2 C:/Freelance/EKRAF/ekraf-backend/vendor/illuminate/database/Connection.php(783): Illuminate/Database/Connection->runQueryCallback('insert into `de...', Array, Object(Closure))
#3 C:/Freelance/EKRAF/ekraf-backend/vendor/illuminate/database/MySqlConnection.php(34): Illuminate/Database/Connection->run('insert into `de...', Array, Object(Closure))
#4 C:/Freelance/EKRAF/ekraf-backend/vendor/illuminate/database/Query/Processors/MySqlProcessor.php(35): Illuminate/Database/MySqlConnection->insert('insert into `de...', Array, 'id')
#5 C:/Freelance/EKRAF/ekraf-backend/vendor/illuminate/database/Query/Builder.php(3549): Illuminate/Database/Query/Processors/MySqlProcessor->processInsertGetId(Object(Illuminate/Database/Query/Builder), 'insert into `de...', Array, 'id')
#6 C:/Freelance/EKRAF/ekraf-backend/vendor/illuminate/database/Eloquent/Builder.php(1982): Illuminate/Database/Query/Builder->insertGetId(Array, 'id')
#7 C:/Freelance/EKRAF/ekraf-backend/vendor/illuminate/database/Eloquent/Model.php(1334): Illuminate/Database/Eloquent/Builder->__call('insertGetId', Array)
#8 C:/Freelance/EKRAF/ekraf-backend/vendor/illuminate/database/Eloquent/Model.php(1299): Illuminate/Database/Eloquent/Model->insertAndSetId(Object(Illuminate/Database/Eloquent/Builder), Array)
#9 C:/Freelance/EKRAF/ekraf-backend/vendor/illuminate/database/Eloquent/Model.php(1138): Illuminate/Database/Eloquent/Model->performInsert(Object(Illuminate/Database/Eloquent/Builder))
#10 C:/Freelance/EKRAF/ekraf-backend/vendor/illuminate/database/Eloquent/Builder.php(1025): Illuminate/Database/Eloquent/Model->save()
#11 C:/Freelance/EKRAF/ekraf-backend/vendor/illuminate/support/helpers.php(320): Illuminate/Database/Eloquent/Builder->Illuminate/Database/Eloquent/{closure}(Object(App/Models/DestinasiWisata))
#12 C:/Freelance/EKRAF/ekraf-backend/vendor/illuminate/database/Eloquent/Builder.php(1024): tap(Object(App/Models/DestinasiWisata), Object(Closure))
#13 C:/Freelance/EKRAF/ekraf-backend/vendor/illuminate/support/Traits/ForwardsCalls.php(23): Illuminate/Database/Eloquent/Builder->create(Array)
#14 C:/Freelance/EKRAF/ekraf-backend/vendor/illuminate/database/Eloquent/Model.php(2335): Illuminate/Database/Eloquent/Model->forwardCallTo(Object(Illuminate/Database/Eloquent/Builder), 'create', Array)
#15 C:/Freelance/EKRAF/ekraf-backend/vendor/illuminate/database/Eloquent/Model.php(2347): Illuminate/Database/Eloquent/Model->__call('create', Array)
#16 C:/Freelance/EKRAF/ekraf-backend/app/Http/Controllers/Admin/AdminContentController.php(135): Illuminate/Database/Eloquent/Model::__callStatic('create', Array)
#17 C:/Freelance/EKRAF/ekraf-backend/vendor/illuminate/container/BoundMethod.php(36): App/Http/Controllers/Admin/AdminContentController->storeDestinasi(Object(Laravel/Lumen/Http/Request))
#18 C:/Freelance/EKRAF/ekraf-backend/vendor/illuminate/container/Util.php(41): Illuminate/Container/BoundMethod::Illuminate/Container/{closure}()
#19 C:/Freelance/EKRAF/ekraf-backend/vendor/illuminate/container/BoundMethod.php(93): Illuminate/Container/Util::unwrapIfClosure(Object(Closure))
#20 C:/Freelance/EKRAF/ekraf-backend/vendor/illuminate/container/BoundMethod.php(35): Illuminate/Container/BoundMethod::callBoundMethod(Object(Laravel/Lumen/Application), Array, Object(Closure))
#21 C:/Freelance/EKRAF/ekraf-backend/vendor/illuminate/container/Container.php(662): Illuminate/Container/BoundMethod::call(Object(Laravel/Lumen/Application), Array, Array, NULL)
#22 C:/Freelance/EKRAF/ekraf-backend/vendor/laravel/lumen-framework/src/Concerns/RoutesRequests.php(391): Illuminate/Container/Container->call(Array, Array)
#23 C:/Freelance/EKRAF/ekraf-backend/vendor/laravel/lumen-framework/src/Concerns/RoutesRequests.php(356): Laravel/Lumen/Application->callControllerCallable(Array, Array)
#24 C:/Freelance/EKRAF/ekraf-backend/vendor/laravel/lumen-framework/src/Concerns/RoutesRequests.php(331): Laravel/Lumen/Application->callLumenController(Object(App/Http/Controllers/Admin/AdminContentController), 'storeDestinasi', Array)
#25 C:/Freelance/EKRAF/ekraf-backend/vendor/laravel/lumen-framework/src/Concerns/RoutesRequests.php(284): Laravel/Lumen/Application->callControllerAction(Array)
#26 C:/Freelance/EKRAF/ekraf-backend/vendor/laravel/lumen-framework/src/Concerns/RoutesRequests.php(264): Laravel/Lumen/Application->callActionOnArrayBasedRoute(Array)
#27 C:/Freelance/EKRAF/ekraf-backend/vendor/laravel/lumen-framework/src/Routing/Pipeline.php(48): Laravel/Lumen/Application->Laravel/Lumen/Concerns/{closure}(Object(Laravel/Lumen/Http/Request))
#28 C:/Freelance/EKRAF/ekraf-backend/app/Http/Middleware/RoleMiddleware.php(36): Laravel/Lumen/Routing/Pipeline->Laravel/Lumen/Routing/{closure}(Object(Laravel/Lumen/Http/Request))
#29 C:/Freelance/EKRAF/ekraf-backend/vendor/illuminate/pipeline/Pipeline.php(183): App/Http/Middleware/RoleMiddleware->handle(Object(Laravel/Lumen/Http/Request), Object(Closure), 'admin')
#30 C:/Freelance/EKRAF/ekraf-backend/vendor/laravel/lumen-framework/src/Routing/Pipeline.php(30): Illuminate/Pipeline/Pipeline->Illuminate/Pipeline/{closure}(Object(Laravel/Lumen/Http/Request))
#31 C:/Freelance/EKRAF/ekraf-backend/app/Http/Middleware/Authenticate.php(45): Laravel/Lumen/Routing/Pipeline->Laravel/Lumen/Routing/{closure}(Object(Laravel/Lumen/Http/Request))
#32 C:/Freelance/EKRAF/ekraf-backend/vendor/illuminate/pipeline/Pipeline.php(183): App/Http/Middleware/Authenticate->handle(Object(Laravel/Lumen/Http/Request), Object(Closure), 'api')
#33 C:/Freelance/EKRAF/ekraf-backend/vendor/laravel/lumen-framework/src/Routing/Pipeline.php(30): Illuminate/Pipeline/Pipeline->Illuminate/Pipeline/{closure}(Object(Laravel/Lumen/Http/Request))
#34 C:/Freelance/EKRAF/ekraf-backend/vendor/illuminate/pipeline/Pipeline.php(119): Laravel/Lumen/Routing/Pipeline->Laravel/Lumen/Routing/{closure}(Object(Laravel/Lumen/Http/Request))
#35 C:/Freelance/EKRAF/ekraf-backend/vendor/laravel/lumen-framework/src/Concerns/RoutesRequests.php(428): Illuminate/Pipeline/Pipeline->then(Object(Closure))
#36 C:/Freelance/EKRAF/ekraf-backend/vendor/laravel/lumen-framework/src/Concerns/RoutesRequests.php(263): Laravel/Lumen/Application->sendThroughPipeline(Array, Object(Closure))
#37 C:/Freelance/EKRAF/ekraf-backend/vendor/laravel/lumen-framework/src/Concerns/RoutesRequests.php(171): Laravel/Lumen/Application->handleFoundRoute(Array)
#38 C:/Freelance/EKRAF/ekraf-backend/vendor/laravel/lumen-framework/src/Routing/Pipeline.php(48): Laravel/Lumen/Application->Laravel/Lumen/Concerns/{closure}(Object(Laravel/Lumen/Http/Request))
#39 C:/Freelance/EKRAF/ekraf-backend/app/Http/Middleware/CorsMiddleware.php(30): Laravel/Lumen/Routing/Pipeline->Laravel/Lumen/Routing/{closure}(Object(Laravel/Lumen/Http/Request))
#40 C:/Freelance/EKRAF/ekraf-backend/vendor/illuminate/pipeline/Pipeline.php(183): App/Http/Middleware/CorsMiddleware->handle(Object(Laravel/Lumen/Http/Request), Object(Closure))
#41 C:/Freelance/EKRAF/ekraf-backend/vendor/laravel/lumen-framework/src/Routing/Pipeline.php(30): Illuminate/Pipeline/Pipeline->Illuminate/Pipeline/{closure}(Object(Laravel/Lumen/Http/Request))
#42 C:/Freelance/EKRAF/ekraf-backend/vendor/illuminate/pipeline/Pipeline.php(119): Laravel/Lumen/Routing/Pipeline->Laravel/Lumen/Routing/{closure}(Object(Laravel/Lumen/Http/Request))
#43 C:/Freelance/EKRAF/ekraf-backend/vendor/laravel/lumen-framework/src/Concerns/RoutesRequests.php(428): Illuminate/Pipeline/Pipeline->then(Object(Closure))
#44 C:/Freelance/EKRAF/ekraf-backend/vendor/laravel/lumen-framework/src/Concerns/RoutesRequests.php(167): Laravel/Lumen/Application->sendThroughPipeline(Array, Object(Closure))
#45 C:/Freelance/EKRAF/ekraf-backend/vendor/laravel/lumen-framework/src/Concerns/RoutesRequests.php(112): Laravel/Lumen/Application->dispatch(NULL)
#46 C:/Freelance/EKRAF/ekraf-backend/public/index.php(17): Laravel/Lumen/Application->run()
#47 {main}
"} 
[2026-02-23 20:32:12] local.ERROR: SQLSTATE[HY000]: General error: 1366 Incorrect integer value: 'true' for column 'is_ticketed' at row 1 (Connection: mysql, SQL: insert into `destinasi_wisatas` (`nama`, `deskripsi`, `alamat`, `kategori`, `harga_tiket`, `is_ticketed`, `slug`, `is_active`, `updated_at`, `created_at`) values (Mangrove Saleba, asdkajds, Jl.Test, alam, 30000, true, mangrove-saleba, 1, 2026-02-23 20:32:12, 2026-02-23 20:32:12)) {"exception":"[object] (Illuminate\\Database\\QueryException(code: HY000): SQLSTATE[HY000]: General error: 1366 Incorrect integer value: 'true' for column 'is_ticketed' at row 1 (Connection: mysql, SQL: insert into `destinasi_wisatas` (`nama`, `deskripsi`, `alamat`, `kategori`, `harga_tiket`, `is_ticketed`, `slug`, `is_active`, `updated_at`, `created_at`) values (Mangrove Saleba, asdkajds, Jl.Test, alam, 30000, true, mangrove-saleba, 1, 2026-02-23 20:32:12, 2026-02-23 20:32:12)) at C:/Freelance/EKRAF/ekraf-backend/vendor/illuminate/database/Connection.php:829)
[stacktrace]
#0 C:/Freelance/EKRAF/ekraf-backend/vendor/illuminate/database/Connection.php(783): Illuminate/Database/Connection->runQueryCallback('insert into `de...', Array, Object(Closure))
#1 C:/Freelance/EKRAF/ekraf-backend/vendor/illuminate/database/MySqlConnection.php(34): Illuminate/Database/Connection->run('insert into `de...', Array, Object(Closure))
#2 C:/Freelance/EKRAF/ekraf-backend/vendor/illuminate/database/Query/Processors/MySqlProcessor.php(35): Illuminate/Database/MySqlConnection->insert('insert into `de...', Array, 'id')
#3 C:/Freelance/EKRAF/ekraf-backend/vendor/illuminate/database/Query/Builder.php(3549): Illuminate/Database/Query/Processors/MySqlProcessor->processInsertGetId(Object(Illuminate/Database/Query/Builder), 'insert into `de...', Array, 'id')
#4 C:/Freelance/EKRAF/ekraf-backend/vendor/illuminate/database/Eloquent/Builder.php(1982): Illuminate/Database/Query/Builder->insertGetId(Array, 'id')
#5 C:/Freelance/EKRAF/ekraf-backend/vendor/illuminate/database/Eloquent/Model.php(1334): Illuminate/Database/Eloquent/Builder->__call('insertGetId', Array)
#6 C:/Freelance/EKRAF/ekraf-backend/vendor/illuminate/database/Eloquent/Model.php(1299): Illuminate/Database/Eloquent/Model->insertAndSetId(Object(Illuminate/Database/Eloquent/Builder), Array)
#7 C:/Freelance/EKRAF/ekraf-backend/vendor/illuminate/database/Eloquent/Model.php(1138): Illuminate/Database/Eloquent/Model->performInsert(Object(Illuminate/Database/Eloquent/Builder))
#8 C:/Freelance/EKRAF/ekraf-backend/vendor/illuminate/database/Eloquent/Builder.php(1025): Illuminate/Database/Eloquent/Model->save()
#9 C:/Freelance/EKRAF/ekraf-backend/vendor/illuminate/support/helpers.php(320): Illuminate/Database/Eloquent/Builder->Illuminate/Database/Eloquent/{closure}(Object(App/Models/DestinasiWisata))
#10 C:/Freelance/EKRAF/ekraf-backend/vendor/illuminate/database/Eloquent/Builder.php(1024): tap(Object(App/Models/DestinasiWisata), Object(Closure))
#11 C:/Freelance/EKRAF/ekraf-backend/vendor/illuminate/support/Traits/ForwardsCalls.php(23): Illuminate/Database/Eloquent/Builder->create(Array)
#12 C:/Freelance/EKRAF/ekraf-backend/vendor/illuminate/database/Eloquent/Model.php(2335): Illuminate/Database/Eloquent/Model->forwardCallTo(Object(Illuminate/Database/Eloquent/Builder), 'create', Array)
#13 C:/Freelance/EKRAF/ekraf-backend/vendor/illuminate/database/Eloquent/Model.php(2347): Illuminate/Database/Eloquent/Model->__call('create', Array)
#14 C:/Freelance/EKRAF/ekraf-backend/app/Http/Controllers/Admin/AdminContentController.php(135): Illuminate/Database/Eloquent/Model::__callStatic('create', Array)
#15 C:/Freelance/EKRAF/ekraf-backend/vendor/illuminate/container/BoundMethod.php(36): App/Http/Controllers/Admin/AdminContentController->storeDestinasi(Object(Laravel/Lumen/Http/Request))
#16 C:/Freelance/EKRAF/ekraf-backend/vendor/illuminate/container/Util.php(41): Illuminate/Container/BoundMethod::Illuminate/Container/{closure}()
#17 C:/Freelance/EKRAF/ekraf-backend/vendor/illuminate/container/BoundMethod.php(93): Illuminate/Container/Util::unwrapIfClosure(Object(Closure))
#18 C:/Freelance/EKRAF/ekraf-backend/vendor/illuminate/container/BoundMethod.php(35): Illuminate/Container/BoundMethod::callBoundMethod(Object(Laravel/Lumen/Application), Array, Object(Closure))
#19 C:/Freelance/EKRAF/ekraf-backend/vendor/illuminate/container/Container.php(662): Illuminate/Container/BoundMethod::call(Object(Laravel/Lumen/Application), Array, Array, NULL)
#20 C:/Freelance/EKRAF/ekraf-backend/vendor/laravel/lumen-framework/src/Concerns/RoutesRequests.php(391): Illuminate/Container/Container->call(Array, Array)
#21 C:/Freelance/EKRAF/ekraf-backend/vendor/laravel/lumen-framework/src/Concerns/RoutesRequests.php(356): Laravel/Lumen/Application->callControllerCallable(Array, Array)
#22 C:/Freelance/EKRAF/ekraf-backend/vendor/laravel/lumen-framework/src/Concerns/RoutesRequests.php(331): Laravel/Lumen/Application->callLumenController(Object(App/Http/Controllers/Admin/AdminContentController), 'storeDestinasi', Array)
#23 C:/Freelance/EKRAF/ekraf-backend/vendor/laravel/lumen-framework/src/Concerns/RoutesRequests.php(284): Laravel/Lumen/Application->callControllerAction(Array)
#24 C:/Freelance/EKRAF/ekraf-backend/vendor/laravel/lumen-framework/src/Concerns/RoutesRequests.php(264): Laravel/Lumen/Application->callActionOnArrayBasedRoute(Array)
#25 C:/Freelance/EKRAF/ekraf-backend/vendor/laravel/lumen-framework/src/Routing/Pipeline.php(48): Laravel/Lumen/Application->Laravel/Lumen/Concerns/{closure}(Object(Laravel/Lumen/Http/Request))
#26 C:/Freelance/EKRAF/ekraf-backend/app/Http/Middleware/RoleMiddleware.php(36): Laravel/Lumen/Routing/Pipeline->Laravel/Lumen/Routing/{closure}(Object(Laravel/Lumen/Http/Request))
#27 C:/Freelance/EKRAF/ekraf-backend/vendor/illuminate/pipeline/Pipeline.php(183): App/Http/Middleware/RoleMiddleware->handle(Object(Laravel/Lumen/Http/Request), Object(Closure), 'admin')
#28 C:/Freelance/EKRAF/ekraf-backend/vendor/laravel/lumen-framework/src/Routing/Pipeline.php(30): Illuminate/Pipeline/Pipeline->Illuminate/Pipeline/{closure}(Object(Laravel/Lumen/Http/Request))
#29 C:/Freelance/EKRAF/ekraf-backend/app/Http/Middleware/Authenticate.php(45): Laravel/Lumen/Routing/Pipeline->Laravel/Lumen/Routing/{closure}(Object(Laravel/Lumen/Http/Request))
#30 C:/Freelance/EKRAF/ekraf-backend/vendor/illuminate/pipeline/Pipeline.php(183): App/Http/Middleware/Authenticate->handle(Object(Laravel/Lumen/Http/Request), Object(Closure), 'api')
#31 C:/Freelance/EKRAF/ekraf-backend/vendor/laravel/lumen-framework/src/Routing/Pipeline.php(30): Illuminate/Pipeline/Pipeline->Illuminate/Pipeline/{closure}(Object(Laravel/Lumen/Http/Request))
#32 C:/Freelance/EKRAF/ekraf-backend/vendor/illuminate/pipeline/Pipeline.php(119): Laravel/Lumen/Routing/Pipeline->Laravel/Lumen/Routing/{closure}(Object(Laravel/Lumen/Http/Request))
#33 C:/Freelance/EKRAF/ekraf-backend/vendor/laravel/lumen-framework/src/Concerns/RoutesRequests.php(428): Illuminate/Pipeline/Pipeline->then(Object(Closure))
#34 C:/Freelance/EKRAF/ekraf-backend/vendor/laravel/lumen-framework/src/Concerns/RoutesRequests.php(263): Laravel/Lumen/Application->sendThroughPipeline(Array, Object(Closure))
#35 C:/Freelance/EKRAF/ekraf-backend/vendor/laravel/lumen-framework/src/Concerns/RoutesRequests.php(171): Laravel/Lumen/Application->handleFoundRoute(Array)
#36 C:/Freelance/EKRAF/ekraf-backend/vendor/laravel/lumen-framework/src/Routing/Pipeline.php(48): Laravel/Lumen/Application->Laravel/Lumen/Concerns/{closure}(Object(Laravel/Lumen/Http/Request))
#37 C:/Freelance/EKRAF/ekraf-backend/app/Http/Middleware/CorsMiddleware.php(30): Laravel/Lumen/Routing/Pipeline->Laravel/Lumen/Routing/{closure}(Object(Laravel/Lumen/Http/Request))
#38 C:/Freelance/EKRAF/ekraf-backend/vendor/illuminate/pipeline/Pipeline.php(183): App/Http/Middleware/CorsMiddleware->handle(Object(Laravel/Lumen/Http/Request), Object(Closure))
#39 C:/Freelance/EKRAF/ekraf-backend/vendor/laravel/lumen-framework/src/Routing/Pipeline.php(30): Illuminate/Pipeline/Pipeline->Illuminate/Pipeline/{closure}(Object(Laravel/Lumen/Http/Request))
#40 C:/Freelance/EKRAF/ekraf-backend/vendor/illuminate/pipeline/Pipeline.php(119): Laravel/Lumen/Routing/Pipeline->Laravel/Lumen/Routing/{closure}(Object(Laravel/Lumen/Http/Request))
#41 C:/Freelance/EKRAF/ekraf-backend/vendor/laravel/lumen-framework/src/Concerns/RoutesRequests.php(428): Illuminate/Pipeline/Pipeline->then(Object(Closure))
#42 C:/Freelance/EKRAF/ekraf-backend/vendor/laravel/lumen-framework/src/Concerns/RoutesRequests.php(167): Laravel/Lumen/Application->sendThroughPipeline(Array, Object(Closure))
#43 C:/Freelance/EKRAF/ekraf-backend/vendor/laravel/lumen-framework/src/Concerns/RoutesRequests.php(112): Laravel/Lumen/Application->dispatch(NULL)
#44 C:/Freelance/EKRAF/ekraf-backend/public/index.php(17): Laravel/Lumen/Application->run()
#45 {main}

[previous exception] [object] (PDOException(code: HY000): SQLSTATE[HY000]: General error: 1366 Incorrect integer value: 'true' for column 'is_ticketed' at row 1 at C:/Freelance/EKRAF/ekraf-backend/vendor/illuminate/database/MySqlConnection.php:45)
[stacktrace]
#0 C:/Freelance/EKRAF/ekraf-backend/vendor/illuminate/database/MySqlConnection.php(45): PDOStatement->execute()
#1 C:/Freelance/EKRAF/ekraf-backend/vendor/illuminate/database/Connection.php(816): Illuminate/Database/MySqlConnection->Illuminate/Database/{closure}('insert into `de...', Array)
#2 C:/Freelance/EKRAF/ekraf-backend/vendor/illuminate/database/Connection.php(783): Illuminate/Database/Connection->runQueryCallback('insert into `de...', Array, Object(Closure))
#3 C:/Freelance/EKRAF/ekraf-backend/vendor/illuminate/database/MySqlConnection.php(34): Illuminate/Database/Connection->run('insert into `de...', Array, Object(Closure))
#4 C:/Freelance/EKRAF/ekraf-backend/vendor/illuminate/database/Query/Processors/MySqlProcessor.php(35): Illuminate/Database/MySqlConnection->insert('insert into `de...', Array, 'id')
#5 C:/Freelance/EKRAF/ekraf-backend/vendor/illuminate/database/Query/Builder.php(3549): Illuminate/Database/Query/Processors/MySqlProcessor->processInsertGetId(Object(Illuminate/Database/Query/Builder), 'insert into `de...', Array, 'id')
#6 C:/Freelance/EKRAF/ekraf-backend/vendor/illuminate/database/Eloquent/Builder.php(1982): Illuminate/Database/Query/Builder->insertGetId(Array, 'id')
#7 C:/Freelance/EKRAF/ekraf-backend/vendor/illuminate/database/Eloquent/Model.php(1334): Illuminate/Database/Eloquent/Builder->__call('insertGetId', Array)
#8 C:/Freelance/EKRAF/ekraf-backend/vendor/illuminate/database/Eloquent/Model.php(1299): Illuminate/Database/Eloquent/Model->insertAndSetId(Object(Illuminate/Database/Eloquent/Builder), Array)
#9 C:/Freelance/EKRAF/ekraf-backend/vendor/illuminate/database/Eloquent/Model.php(1138): Illuminate/Database/Eloquent/Model->performInsert(Object(Illuminate/Database/Eloquent/Builder))
#10 C:/Freelance/EKRAF/ekraf-backend/vendor/illuminate/database/Eloquent/Builder.php(1025): Illuminate/Database/Eloquent/Model->save()
#11 C:/Freelance/EKRAF/ekraf-backend/vendor/illuminate/support/helpers.php(320): Illuminate/Database/Eloquent/Builder->Illuminate/Database/Eloquent/{closure}(Object(App/Models/DestinasiWisata))
#12 C:/Freelance/EKRAF/ekraf-backend/vendor/illuminate/database/Eloquent/Builder.php(1024): tap(Object(App/Models/DestinasiWisata), Object(Closure))
#13 C:/Freelance/EKRAF/ekraf-backend/vendor/illuminate/support/Traits/ForwardsCalls.php(23): Illuminate/Database/Eloquent/Builder->create(Array)
#14 C:/Freelance/EKRAF/ekraf-backend/vendor/illuminate/database/Eloquent/Model.php(2335): Illuminate/Database/Eloquent/Model->forwardCallTo(Object(Illuminate/Database/Eloquent/Builder), 'create', Array)
#15 C:/Freelance/EKRAF/ekraf-backend/vendor/illuminate/database/Eloquent/Model.php(2347): Illuminate/Database/Eloquent/Model->__call('create', Array)
#16 C:/Freelance/EKRAF/ekraf-backend/app/Http/Controllers/Admin/AdminContentController.php(135): Illuminate/Database/Eloquent/Model::__callStatic('create', Array)
#17 C:/Freelance/EKRAF/ekraf-backend/vendor/illuminate/container/BoundMethod.php(36): App/Http/Controllers/Admin/AdminContentController->storeDestinasi(Object(Laravel/Lumen/Http/Request))
#18 C:/Freelance/EKRAF/ekraf-backend/vendor/illuminate/container/Util.php(41): Illuminate/Container/BoundMethod::Illuminate/Container/{closure}()
#19 C:/Freelance/EKRAF/ekraf-backend/vendor/illuminate/container/BoundMethod.php(93): Illuminate/Container/Util::unwrapIfClosure(Object(Closure))
#20 C:/Freelance/EKRAF/ekraf-backend/vendor/illuminate/container/BoundMethod.php(35): Illuminate/Container/BoundMethod::callBoundMethod(Object(Laravel/Lumen/Application), Array, Object(Closure))
#21 C:/Freelance/EKRAF/ekraf-backend/vendor/illuminate/container/Container.php(662): Illuminate/Container/BoundMethod::call(Object(Laravel/Lumen/Application), Array, Array, NULL)
#22 C:/Freelance/EKRAF/ekraf-backend/vendor/laravel/lumen-framework/src/Concerns/RoutesRequests.php(391): Illuminate/Container/Container->call(Array, Array)
#23 C:/Freelance/EKRAF/ekraf-backend/vendor/laravel/lumen-framework/src/Concerns/RoutesRequests.php(356): Laravel/Lumen/Application->callControllerCallable(Array, Array)
#24 C:/Freelance/EKRAF/ekraf-backend/vendor/laravel/lumen-framework/src/Concerns/RoutesRequests.php(331): Laravel/Lumen/Application->callLumenController(Object(App/Http/Controllers/Admin/AdminContentController), 'storeDestinasi', Array)
#25 C:/Freelance/EKRAF/ekraf-backend/vendor/laravel/lumen-framework/src/Concerns/RoutesRequests.php(284): Laravel/Lumen/Application->callControllerAction(Array)
#26 C:/Freelance/EKRAF/ekraf-backend/vendor/laravel/lumen-framework/src/Concerns/RoutesRequests.php(264): Laravel/Lumen/Application->callActionOnArrayBasedRoute(Array)
#27 C:/Freelance/EKRAF/ekraf-backend/vendor/laravel/lumen-framework/src/Routing/Pipeline.php(48): Laravel/Lumen/Application->Laravel/Lumen/Concerns/{closure}(Object(Laravel/Lumen/Http/Request))
#28 C:/Freelance/EKRAF/ekraf-backend/app/Http/Middleware/RoleMiddleware.php(36): Laravel/Lumen/Routing/Pipeline->Laravel/Lumen/Routing/{closure}(Object(Laravel/Lumen/Http/Request))
#29 C:/Freelance/EKRAF/ekraf-backend/vendor/illuminate/pipeline/Pipeline.php(183): App/Http/Middleware/RoleMiddleware->handle(Object(Laravel/Lumen/Http/Request), Object(Closure), 'admin')
#30 C:/Freelance/EKRAF/ekraf-backend/vendor/laravel/lumen-framework/src/Routing/Pipeline.php(30): Illuminate/Pipeline/Pipeline->Illuminate/Pipeline/{closure}(Object(Laravel/Lumen/Http/Request))
#31 C:/Freelance/EKRAF/ekraf-backend/app/Http/Middleware/Authenticate.php(45): Laravel/Lumen/Routing/Pipeline->Laravel/Lumen/Routing/{closure}(Object(Laravel/Lumen/Http/Request))
#32 C:/Freelance/EKRAF/ekraf-backend/vendor/illuminate/pipeline/Pipeline.php(183): App/Http/Middleware/Authenticate->handle(Object(Laravel/Lumen/Http/Request), Object(Closure), 'api')
#33 C:/Freelance/EKRAF/ekraf-backend/vendor/laravel/lumen-framework/src/Routing/Pipeline.php(30): Illuminate/Pipeline/Pipeline->Illuminate/Pipeline/{closure}(Object(Laravel/Lumen/Http/Request))
#34 C:/Freelance/EKRAF/ekraf-backend/vendor/illuminate/pipeline/Pipeline.php(119): Laravel/Lumen/Routing/Pipeline->Laravel/Lumen/Routing/{closure}(Object(Laravel/Lumen/Http/Request))
#35 C:/Freelance/EKRAF/ekraf-backend/vendor/laravel/lumen-framework/src/Concerns/RoutesRequests.php(428): Illuminate/Pipeline/Pipeline->then(Object(Closure))
#36 C:/Freelance/EKRAF/ekraf-backend/vendor/laravel/lumen-framework/src/Concerns/RoutesRequests.php(263): Laravel/Lumen/Application->sendThroughPipeline(Array, Object(Closure))
#37 C:/Freelance/EKRAF/ekraf-backend/vendor/laravel/lumen-framework/src/Concerns/RoutesRequests.php(171): Laravel/Lumen/Application->handleFoundRoute(Array)
#38 C:/Freelance/EKRAF/ekraf-backend/vendor/laravel/lumen-framework/src/Routing/Pipeline.php(48): Laravel/Lumen/Application->Laravel/Lumen/Concerns/{closure}(Object(Laravel/Lumen/Http/Request))
#39 C:/Freelance/EKRAF/ekraf-backend/app/Http/Middleware/CorsMiddleware.php(30): Laravel/Lumen/Routing/Pipeline->Laravel/Lumen/Routing/{closure}(Object(Laravel/Lumen/Http/Request))
#40 C:/Freelance/EKRAF/ekraf-backend/vendor/illuminate/pipeline/Pipeline.php(183): App/Http/Middleware/CorsMiddleware->handle(Object(Laravel/Lumen/Http/Request), Object(Closure))
#41 C:/Freelance/EKRAF/ekraf-backend/vendor/laravel/lumen-framework/src/Routing/Pipeline.php(30): Illuminate/Pipeline/Pipeline->Illuminate/Pipeline/{closure}(Object(Laravel/Lumen/Http/Request))
#42 C:/Freelance/EKRAF/ekraf-backend/vendor/illuminate/pipeline/Pipeline.php(119): Laravel/Lumen/Routing/Pipeline->Laravel/Lumen/Routing/{closure}(Object(Laravel/Lumen/Http/Request))
#43 C:/Freelance/EKRAF/ekraf-backend/vendor/laravel/lumen-framework/src/Concerns/RoutesRequests.php(428): Illuminate/Pipeline/Pipeline->then(Object(Closure))
#44 C:/Freelance/EKRAF/ekraf-backend/vendor/laravel/lumen-framework/src/Concerns/RoutesRequests.php(167): Laravel/Lumen/Application->sendThroughPipeline(Array, Object(Closure))
#45 C:/Freelance/EKRAF/ekraf-backend/vendor/laravel/lumen-framework/src/Concerns/RoutesRequests.php(112): Laravel/Lumen/Application->dispatch(NULL)
#46 C:/Freelance/EKRAF/ekraf-backend/public/index.php(17): Laravel/Lumen/Application->run()
#47 {main}
"} 
