[2026-02-16 07:49:08] local.ERROR: SQLSTATE[42S21]: Column already exists: 1060 Duplicate column name 'nik' (Connection: mysql, SQL: alter table `users` add `nik` varchar(16) null after `name`, add `no_telp` varchar(20) null after `nik`, add `alamat` text null after `no_telp`, add `email_verified_at` timestamp null after `alamat`) {"exception":"[object] (Illuminate\\Database\\QueryException(code: 42S21): SQLSTATE[42S21]: Column already exists: 1060 Duplicate column name 'nik' (Connection: mysql, SQL: alter table `users` add `nik` varchar(16) null after `name`, add `no_telp` varchar(20) null after `nik`, add `alamat` text null after `no_telp`, add `email_verified_at` timestamp null after `alamat`) at C:/Freelance/EKRAF/ekraf-backend/vendor/illuminate/database/Connection.php:829)
[stacktrace]
#0 C:/Freelance/EKRAF/ekraf-backend/vendor/illuminate/database/Connection.php(783): Illuminate/Database/Connection->runQueryCallback('alter table `us...', Array, Object(Closure))
#1 C:/Freelance/EKRAF/ekraf-backend/vendor/illuminate/database/Connection.php(576): Illuminate/Database/Connection->run('alter table `us...', Array, Object(Closure))
#2 C:/Freelance/EKRAF/ekraf-backend/vendor/illuminate/database/Schema/Blueprint.php(110): Illuminate/Database/Connection->statement('alter table `us...')
#3 C:/Freelance/EKRAF/ekraf-backend/vendor/illuminate/database/Schema/Builder.php(602): Illuminate/Database/Schema/Blueprint->build(Object(Illuminate/Database/MySqlConnection), Object(Illuminate/Database/Schema/Grammars/MySqlGrammar))
#4 C:/Freelance/EKRAF/ekraf-backend/vendor/illuminate/database/Schema/Builder.php(444): Illuminate/Database/Schema/Builder->build(Object(Illuminate/Database/Schema/Blueprint))
#5 C:/Freelance/EKRAF/ekraf-backend/vendor/illuminate/support/Facades/Facade.php(355): Illuminate/Database/Schema/Builder->table('users', Object(Closure))
#6 C:/Freelance/EKRAF/ekraf-backend/database/migrations/2024_02_01_000016_update_users_table_add_fields.php(16): Illuminate/Support/Facades/Facade::__callStatic('table', Array)
#7 C:/Freelance/EKRAF/ekraf-backend/vendor/illuminate/database/Migrations/Migrator.php(501): Illuminate/Database/Migrations/Migration@anonymous->up()
#8 C:/Freelance/EKRAF/ekraf-backend/vendor/illuminate/database/Migrations/Migrator.php(418): Illuminate/Database/Migrations/Migrator->runMethod(Object(Illuminate/Database/MySqlConnection), Object(Illuminate/Database/Migrations/Migration@anonymous), 'up')
#9 C:/Freelance/EKRAF/ekraf-backend/vendor/illuminate/database/Migrations/Migrator.php(427): Illuminate/Database/Migrations/Migrator->Illuminate/Database/Migrations/{closure}()
#10 C:/Freelance/EKRAF/ekraf-backend/vendor/illuminate/database/Migrations/Migrator.php(224): Illuminate/Database/Migrations/Migrator->runMigration(Object(Illuminate/Database/Migrations/Migration@anonymous), 'up')
#11 C:/Freelance/EKRAF/ekraf-backend/vendor/illuminate/console/View/Components/Task.php(37): Illuminate/Database/Migrations/Migrator->Illuminate/Database/Migrations/{closure}()
#12 C:/Freelance/EKRAF/ekraf-backend/vendor/illuminate/database/Migrations/Migrator.php(783): Illuminate/Console/View/Components/Task->render('2024_02_01_0000...', Object(Closure))
#13 C:/Freelance/EKRAF/ekraf-backend/vendor/illuminate/database/Migrations/Migrator.php(224): Illuminate/Database/Migrations/Migrator->write('Illuminate//Cons...', '2024_02_01_0000...', Object(Closure))
#14 C:/Freelance/EKRAF/ekraf-backend/vendor/illuminate/database/Migrations/Migrator.php(189): Illuminate/Database/Migrations/Migrator->runUp('C://Freelance//EK...', 1, false)
#15 C:/Freelance/EKRAF/ekraf-backend/vendor/illuminate/database/Migrations/Migrator.php(132): Illuminate/Database/Migrations/Migrator->runPending(Array, Array)
#16 C:/Freelance/EKRAF/ekraf-backend/vendor/illuminate/database/Console/Migrations/MigrateCommand.php(90): Illuminate/Database/Migrations/Migrator->run(Array, Array)
#17 C:/Freelance/EKRAF/ekraf-backend/vendor/illuminate/database/Migrations/Migrator.php(641): Illuminate/Database/Console/Migrations/MigrateCommand->Illuminate/Database/Console/Migrations/{closure}()
#18 C:/Freelance/EKRAF/ekraf-backend/vendor/illuminate/database/Console/Migrations/MigrateCommand.php(83): Illuminate/Database/Migrations/Migrator->usingConnection(NULL, Object(Closure))
#19 C:/Freelance/EKRAF/ekraf-backend/vendor/illuminate/container/BoundMethod.php(36): Illuminate/Database/Console/Migrations/MigrateCommand->handle()
#20 C:/Freelance/EKRAF/ekraf-backend/vendor/illuminate/container/Util.php(41): Illuminate/Container/BoundMethod::Illuminate/Container/{closure}()
#21 C:/Freelance/EKRAF/ekraf-backend/vendor/illuminate/container/BoundMethod.php(93): Illuminate/Container/Util::unwrapIfClosure(Object(Closure))
#22 C:/Freelance/EKRAF/ekraf-backend/vendor/illuminate/container/BoundMethod.php(35): Illuminate/Container/BoundMethod::callBoundMethod(Object(Laravel/Lumen/Application), Array, Object(Closure))
#23 C:/Freelance/EKRAF/ekraf-backend/vendor/illuminate/container/Container.php(662): Illuminate/Container/BoundMethod::call(Object(Laravel/Lumen/Application), Array, Array, NULL)
#24 C:/Freelance/EKRAF/ekraf-backend/vendor/illuminate/console/Command.php(211): Illuminate/Container/Container->call(Array)
#25 C:/Freelance/EKRAF/ekraf-backend/vendor/symfony/console/Command/Command.php(326): Illuminate/Console/Command->execute(Object(Symfony/Component/Console/Input/ArrayInput), Object(Illuminate/Console/OutputStyle))
#26 C:/Freelance/EKRAF/ekraf-backend/vendor/illuminate/console/Command.php(180): Symfony/Component/Console/Command/Command->run(Object(Symfony/Component/Console/Input/ArrayInput), Object(Illuminate/Console/OutputStyle))
#27 C:/Freelance/EKRAF/ekraf-backend/vendor/illuminate/console/Concerns/CallsCommands.php(67): Illuminate/Console/Command->run(Object(Symfony/Component/Console/Input/ArrayInput), Object(Illuminate/Console/OutputStyle))
#28 C:/Freelance/EKRAF/ekraf-backend/vendor/illuminate/console/Concerns/CallsCommands.php(28): Illuminate/Console/Command->runCommand('migrate', Array, Object(Illuminate/Console/OutputStyle))
#29 C:/Freelance/EKRAF/ekraf-backend/vendor/illuminate/database/Console/Migrations/FreshCommand.php(53): Illuminate/Console/Command->call('migrate', Array)
#30 C:/Freelance/EKRAF/ekraf-backend/vendor/illuminate/container/BoundMethod.php(36): Illuminate/Database/Console/Migrations/FreshCommand->handle()
#31 C:/Freelance/EKRAF/ekraf-backend/vendor/illuminate/container/Util.php(41): Illuminate/Container/BoundMethod::Illuminate/Container/{closure}()
#32 C:/Freelance/EKRAF/ekraf-backend/vendor/illuminate/container/BoundMethod.php(93): Illuminate/Container/Util::unwrapIfClosure(Object(Closure))
#33 C:/Freelance/EKRAF/ekraf-backend/vendor/illuminate/container/BoundMethod.php(35): Illuminate/Container/BoundMethod::callBoundMethod(Object(Laravel/Lumen/Application), Array, Object(Closure))
#34 C:/Freelance/EKRAF/ekraf-backend/vendor/illuminate/container/Container.php(662): Illuminate/Container/BoundMethod::call(Object(Laravel/Lumen/Application), Array, Array, NULL)
#35 C:/Freelance/EKRAF/ekraf-backend/vendor/illuminate/console/Command.php(211): Illuminate/Container/Container->call(Array)
#36 C:/Freelance/EKRAF/ekraf-backend/vendor/symfony/console/Command/Command.php(326): Illuminate/Console/Command->execute(Object(Symfony/Component/Console/Input/ArgvInput), Object(Illuminate/Console/OutputStyle))
#37 C:/Freelance/EKRAF/ekraf-backend/vendor/illuminate/console/Command.php(180): Symfony/Component/Console/Command/Command->run(Object(Symfony/Component/Console/Input/ArgvInput), Object(Illuminate/Console/OutputStyle))
#38 C:/Freelance/EKRAF/ekraf-backend/vendor/symfony/console/Application.php(1083): Illuminate/Console/Command->run(Object(Symfony/Component/Console/Input/ArgvInput), Object(Symfony/Component/Console/Output/ConsoleOutput))
#39 C:/Freelance/EKRAF/ekraf-backend/vendor/symfony/console/Application.php(324): Symfony/Component/Console/Application->doRunCommand(Object(Illuminate/Database/Console/Migrations/FreshCommand), Object(Symfony/Component/Console/Input/ArgvInput), Object(Symfony/Component/Console/Output/ConsoleOutput))
#40 C:/Freelance/EKRAF/ekraf-backend/vendor/symfony/console/Application.php(175): Symfony/Component/Console/Application->doRun(Object(Symfony/Component/Console/Input/ArgvInput), Object(Symfony/Component/Console/Output/ConsoleOutput))
#41 C:/Freelance/EKRAF/ekraf-backend/vendor/laravel/lumen-framework/src/Console/Kernel.php(160): Symfony/Component/Console/Application->run(Object(Symfony/Component/Console/Input/ArgvInput), Object(Symfony/Component/Console/Output/ConsoleOutput))
#42 C:/Freelance/EKRAF/ekraf-backend/artisan(25): Laravel/Lumen/Console/Kernel->handle(Object(Symfony/Component/Console/Input/ArgvInput), Object(Symfony/Component/Console/Output/ConsoleOutput))
#43 {main}

[previous exception] [object] (PDOException(code: 42S21): SQLSTATE[42S21]: Column already exists: 1060 Duplicate column name 'nik' at C:/Freelance/EKRAF/ekraf-backend/vendor/illuminate/database/Connection.php:587)
[stacktrace]
#0 C:/Freelance/EKRAF/ekraf-backend/vendor/illuminate/database/Connection.php(587): PDOStatement->execute()
#1 C:/Freelance/EKRAF/ekraf-backend/vendor/illuminate/database/Connection.php(816): Illuminate/Database/Connection->Illuminate/Database/{closure}('alter table `us...', Array)
#2 C:/Freelance/EKRAF/ekraf-backend/vendor/illuminate/database/Connection.php(783): Illuminate/Database/Connection->runQueryCallback('alter table `us...', Array, Object(Closure))
#3 C:/Freelance/EKRAF/ekraf-backend/vendor/illuminate/database/Connection.php(576): Illuminate/Database/Connection->run('alter table `us...', Array, Object(Closure))
#4 C:/Freelance/EKRAF/ekraf-backend/vendor/illuminate/database/Schema/Blueprint.php(110): Illuminate/Database/Connection->statement('alter table `us...')
#5 C:/Freelance/EKRAF/ekraf-backend/vendor/illuminate/database/Schema/Builder.php(602): Illuminate/Database/Schema/Blueprint->build(Object(Illuminate/Database/MySqlConnection), Object(Illuminate/Database/Schema/Grammars/MySqlGrammar))
#6 C:/Freelance/EKRAF/ekraf-backend/vendor/illuminate/database/Schema/Builder.php(444): Illuminate/Database/Schema/Builder->build(Object(Illuminate/Database/Schema/Blueprint))
#7 C:/Freelance/EKRAF/ekraf-backend/vendor/illuminate/support/Facades/Facade.php(355): Illuminate/Database/Schema/Builder->table('users', Object(Closure))
#8 C:/Freelance/EKRAF/ekraf-backend/database/migrations/2024_02_01_000016_update_users_table_add_fields.php(16): Illuminate/Support/Facades/Facade::__callStatic('table', Array)
#9 C:/Freelance/EKRAF/ekraf-backend/vendor/illuminate/database/Migrations/Migrator.php(501): Illuminate/Database/Migrations/Migration@anonymous->up()
#10 C:/Freelance/EKRAF/ekraf-backend/vendor/illuminate/database/Migrations/Migrator.php(418): Illuminate/Database/Migrations/Migrator->runMethod(Object(Illuminate/Database/MySqlConnection), Object(Illuminate/Database/Migrations/Migration@anonymous), 'up')
#11 C:/Freelance/EKRAF/ekraf-backend/vendor/illuminate/database/Migrations/Migrator.php(427): Illuminate/Database/Migrations/Migrator->Illuminate/Database/Migrations/{closure}()
#12 C:/Freelance/EKRAF/ekraf-backend/vendor/illuminate/database/Migrations/Migrator.php(224): Illuminate/Database/Migrations/Migrator->runMigration(Object(Illuminate/Database/Migrations/Migration@anonymous), 'up')
#13 C:/Freelance/EKRAF/ekraf-backend/vendor/illuminate/console/View/Components/Task.php(37): Illuminate/Database/Migrations/Migrator->Illuminate/Database/Migrations/{closure}()
#14 C:/Freelance/EKRAF/ekraf-backend/vendor/illuminate/database/Migrations/Migrator.php(783): Illuminate/Console/View/Components/Task->render('2024_02_01_0000...', Object(Closure))
#15 C:/Freelance/EKRAF/ekraf-backend/vendor/illuminate/database/Migrations/Migrator.php(224): Illuminate/Database/Migrations/Migrator->write('Illuminate//Cons...', '2024_02_01_0000...', Object(Closure))
#16 C:/Freelance/EKRAF/ekraf-backend/vendor/illuminate/database/Migrations/Migrator.php(189): Illuminate/Database/Migrations/Migrator->runUp('C://Freelance//EK...', 1, false)
#17 C:/Freelance/EKRAF/ekraf-backend/vendor/illuminate/database/Migrations/Migrator.php(132): Illuminate/Database/Migrations/Migrator->runPending(Array, Array)
#18 C:/Freelance/EKRAF/ekraf-backend/vendor/illuminate/database/Console/Migrations/MigrateCommand.php(90): Illuminate/Database/Migrations/Migrator->run(Array, Array)
#19 C:/Freelance/EKRAF/ekraf-backend/vendor/illuminate/database/Migrations/Migrator.php(641): Illuminate/Database/Console/Migrations/MigrateCommand->Illuminate/Database/Console/Migrations/{closure}()
#20 C:/Freelance/EKRAF/ekraf-backend/vendor/illuminate/database/Console/Migrations/MigrateCommand.php(83): Illuminate/Database/Migrations/Migrator->usingConnection(NULL, Object(Closure))
#21 C:/Freelance/EKRAF/ekraf-backend/vendor/illuminate/container/BoundMethod.php(36): Illuminate/Database/Console/Migrations/MigrateCommand->handle()
#22 C:/Freelance/EKRAF/ekraf-backend/vendor/illuminate/container/Util.php(41): Illuminate/Container/BoundMethod::Illuminate/Container/{closure}()
#23 C:/Freelance/EKRAF/ekraf-backend/vendor/illuminate/container/BoundMethod.php(93): Illuminate/Container/Util::unwrapIfClosure(Object(Closure))
#24 C:/Freelance/EKRAF/ekraf-backend/vendor/illuminate/container/BoundMethod.php(35): Illuminate/Container/BoundMethod::callBoundMethod(Object(Laravel/Lumen/Application), Array, Object(Closure))
#25 C:/Freelance/EKRAF/ekraf-backend/vendor/illuminate/container/Container.php(662): Illuminate/Container/BoundMethod::call(Object(Laravel/Lumen/Application), Array, Array, NULL)
#26 C:/Freelance/EKRAF/ekraf-backend/vendor/illuminate/console/Command.php(211): Illuminate/Container/Container->call(Array)
#27 C:/Freelance/EKRAF/ekraf-backend/vendor/symfony/console/Command/Command.php(326): Illuminate/Console/Command->execute(Object(Symfony/Component/Console/Input/ArrayInput), Object(Illuminate/Console/OutputStyle))
#28 C:/Freelance/EKRAF/ekraf-backend/vendor/illuminate/console/Command.php(180): Symfony/Component/Console/Command/Command->run(Object(Symfony/Component/Console/Input/ArrayInput), Object(Illuminate/Console/OutputStyle))
#29 C:/Freelance/EKRAF/ekraf-backend/vendor/illuminate/console/Concerns/CallsCommands.php(67): Illuminate/Console/Command->run(Object(Symfony/Component/Console/Input/ArrayInput), Object(Illuminate/Console/OutputStyle))
#30 C:/Freelance/EKRAF/ekraf-backend/vendor/illuminate/console/Concerns/CallsCommands.php(28): Illuminate/Console/Command->runCommand('migrate', Array, Object(Illuminate/Console/OutputStyle))
#31 C:/Freelance/EKRAF/ekraf-backend/vendor/illuminate/database/Console/Migrations/FreshCommand.php(53): Illuminate/Console/Command->call('migrate', Array)
#32 C:/Freelance/EKRAF/ekraf-backend/vendor/illuminate/container/BoundMethod.php(36): Illuminate/Database/Console/Migrations/FreshCommand->handle()
#33 C:/Freelance/EKRAF/ekraf-backend/vendor/illuminate/container/Util.php(41): Illuminate/Container/BoundMethod::Illuminate/Container/{closure}()
#34 C:/Freelance/EKRAF/ekraf-backend/vendor/illuminate/container/BoundMethod.php(93): Illuminate/Container/Util::unwrapIfClosure(Object(Closure))
#35 C:/Freelance/EKRAF/ekraf-backend/vendor/illuminate/container/BoundMethod.php(35): Illuminate/Container/BoundMethod::callBoundMethod(Object(Laravel/Lumen/Application), Array, Object(Closure))
#36 C:/Freelance/EKRAF/ekraf-backend/vendor/illuminate/container/Container.php(662): Illuminate/Container/BoundMethod::call(Object(Laravel/Lumen/Application), Array, Array, NULL)
#37 C:/Freelance/EKRAF/ekraf-backend/vendor/illuminate/console/Command.php(211): Illuminate/Container/Container->call(Array)
#38 C:/Freelance/EKRAF/ekraf-backend/vendor/symfony/console/Command/Command.php(326): Illuminate/Console/Command->execute(Object(Symfony/Component/Console/Input/ArgvInput), Object(Illuminate/Console/OutputStyle))
#39 C:/Freelance/EKRAF/ekraf-backend/vendor/illuminate/console/Command.php(180): Symfony/Component/Console/Command/Command->run(Object(Symfony/Component/Console/Input/ArgvInput), Object(Illuminate/Console/OutputStyle))
#40 C:/Freelance/EKRAF/ekraf-backend/vendor/symfony/console/Application.php(1083): Illuminate/Console/Command->run(Object(Symfony/Component/Console/Input/ArgvInput), Object(Symfony/Component/Console/Output/ConsoleOutput))
#41 C:/Freelance/EKRAF/ekraf-backend/vendor/symfony/console/Application.php(324): Symfony/Component/Console/Application->doRunCommand(Object(Illuminate/Database/Console/Migrations/FreshCommand), Object(Symfony/Component/Console/Input/ArgvInput), Object(Symfony/Component/Console/Output/ConsoleOutput))
#42 C:/Freelance/EKRAF/ekraf-backend/vendor/symfony/console/Application.php(175): Symfony/Component/Console/Application->doRun(Object(Symfony/Component/Console/Input/ArgvInput), Object(Symfony/Component/Console/Output/ConsoleOutput))
#43 C:/Freelance/EKRAF/ekraf-backend/vendor/laravel/lumen-framework/src/Console/Kernel.php(160): Symfony/Component/Console/Application->run(Object(Symfony/Component/Console/Input/ArgvInput), Object(Symfony/Component/Console/Output/ConsoleOutput))
#44 C:/Freelance/EKRAF/ekraf-backend/artisan(25): Laravel/Lumen/Console/Kernel->handle(Object(Symfony/Component/Console/Input/ArgvInput), Object(Symfony/Component/Console/Output/ConsoleOutput))
#45 {main}
"} 
