[2026-02-28 11:50:12] local.ERROR: SQLSTATE[HY000] [2002] No connection could be made because the target machine actively refused it (Connection: mysql, SQL: select * from `users` where `email` = admin@dispopar.go.id and `users`.`deleted_at` is null limit 1) {"exception":"[object] (Illuminate\\Database\\QueryException(code: 2002): SQLSTATE[HY000] [2002] No connection could be made because the target machine actively refused it (Connection: mysql, SQL: select * from `users` where `email` = admin@dispopar.go.id and `users`.`deleted_at` is null limit 1) at C:/Freelance/EKRAF/ekraf-backend/vendor/illuminate/database/Connection.php:829)
[stacktrace]
#0 C:/Freelance/EKRAF/ekraf-backend/vendor/illuminate/database/Connection.php(983): Illuminate/Database/Connection->runQueryCallback('select * from `...', Array, Object(Closure))
#1 C:/Freelance/EKRAF/ekraf-backend/vendor/illuminate/database/Connection.php(962): Illuminate/Database/Connection->tryAgainIfCausedByLostConnection(Object(Illuminate/Database/QueryException), 'select * from `...', Array, Object(Closure))
#2 C:/Freelance/EKRAF/ekraf-backend/vendor/illuminate/database/Connection.php(785): Illuminate/Database/Connection->handleQueryException(Object(Illuminate/Database/QueryException), 'select * from `...', Array, Object(Closure))
#3 C:/Freelance/EKRAF/ekraf-backend/vendor/illuminate/database/Connection.php(414): Illuminate/Database/Connection->run('select * from `...', Array, Object(Closure))
#4 C:/Freelance/EKRAF/ekraf-backend/vendor/illuminate/database/Query/Builder.php(2913): Illuminate/Database/Connection->select('select * from `...', Array, true)
#5 C:/Freelance/EKRAF/ekraf-backend/vendor/illuminate/database/Query/Builder.php(2902): Illuminate/Database/Query/Builder->runSelect()
#6 C:/Freelance/EKRAF/ekraf-backend/vendor/illuminate/database/Query/Builder.php(3456): Illuminate/Database/Query/Builder->Illuminate/Database/Query/{closure}()
#7 C:/Freelance/EKRAF/ekraf-backend/vendor/illuminate/database/Query/Builder.php(2901): Illuminate/Database/Query/Builder->onceWithColumns(Array, Object(Closure))
#8 C:/Freelance/EKRAF/ekraf-backend/vendor/illuminate/database/Eloquent/Builder.php(739): Illuminate/Database/Query/Builder->get(Array)
#9 C:/Freelance/EKRAF/ekraf-backend/vendor/illuminate/database/Eloquent/Builder.php(723): Illuminate/Database/Eloquent/Builder->getModels(Array)
#10 C:/Freelance/EKRAF/ekraf-backend/vendor/illuminate/database/Concerns/BuildsQueries.php(333): Illuminate/Database/Eloquent/Builder->get(Array)
#11 C:/Freelance/EKRAF/ekraf-backend/vendor/illuminate/auth/EloquentUserProvider.php(139): Illuminate/Database/Eloquent/Builder->first()
#12 C:/Freelance/EKRAF/ekraf-backend/vendor/tymon/jwt-auth/src/JWTGuard.php(121): Illuminate/Auth/EloquentUserProvider->retrieveByCredentials(Array)
#13 C:/Freelance/EKRAF/ekraf-backend/vendor/illuminate/auth/AuthManager.php(340): Tymon/JWTAuth/JWTGuard->attempt(Array)
#14 C:/Freelance/EKRAF/ekraf-backend/app/Http/Controllers/AuthController.php(32): Illuminate/Auth/AuthManager->__call('attempt', Array)
#15 C:/Freelance/EKRAF/ekraf-backend/vendor/illuminate/container/BoundMethod.php(36): App/Http/Controllers/AuthController->login(Object(Laravel/Lumen/Http/Request))
#16 C:/Freelance/EKRAF/ekraf-backend/vendor/illuminate/container/Util.php(41): Illuminate/Container/BoundMethod::Illuminate/Container/{closure}()
#17 C:/Freelance/EKRAF/ekraf-backend/vendor/illuminate/container/BoundMethod.php(93): Illuminate/Container/Util::unwrapIfClosure(Object(Closure))
#18 C:/Freelance/EKRAF/ekraf-backend/vendor/illuminate/container/BoundMethod.php(35): Illuminate/Container/BoundMethod::callBoundMethod(Object(Laravel/Lumen/Application), Array, Object(Closure))
#19 C:/Freelance/EKRAF/ekraf-backend/vendor/illuminate/container/Container.php(662): Illuminate/Container/BoundMethod::call(Object(Laravel/Lumen/Application), Array, Array, NULL)
#20 C:/Freelance/EKRAF/ekraf-backend/vendor/laravel/lumen-framework/src/Concerns/RoutesRequests.php(391): Illuminate/Container/Container->call(Array, Array)
#21 C:/Freelance/EKRAF/ekraf-backend/vendor/laravel/lumen-framework/src/Concerns/RoutesRequests.php(356): Laravel/Lumen/Application->callControllerCallable(Array, Array)
#22 C:/Freelance/EKRAF/ekraf-backend/vendor/laravel/lumen-framework/src/Concerns/RoutesRequests.php(331): Laravel/Lumen/Application->callLumenController(Object(App/Http/Controllers/AuthController), 'login', Array)
#23 C:/Freelance/EKRAF/ekraf-backend/vendor/laravel/lumen-framework/src/Concerns/RoutesRequests.php(284): Laravel/Lumen/Application->callControllerAction(Array)
#24 C:/Freelance/EKRAF/ekraf-backend/vendor/laravel/lumen-framework/src/Concerns/RoutesRequests.php(269): Laravel/Lumen/Application->callActionOnArrayBasedRoute(Array)
#25 C:/Freelance/EKRAF/ekraf-backend/vendor/laravel/lumen-framework/src/Concerns/RoutesRequests.php(171): Laravel/Lumen/Application->handleFoundRoute(Array)
#26 C:/Freelance/EKRAF/ekraf-backend/vendor/laravel/lumen-framework/src/Routing/Pipeline.php(48): Laravel/Lumen/Application->Laravel/Lumen/Concerns/{closure}(Object(Laravel/Lumen/Http/Request))
#27 C:/Freelance/EKRAF/ekraf-backend/app/Http/Middleware/CorsMiddleware.php(30): Laravel/Lumen/Routing/Pipeline->Laravel/Lumen/Routing/{closure}(Object(Laravel/Lumen/Http/Request))
#28 C:/Freelance/EKRAF/ekraf-backend/vendor/illuminate/pipeline/Pipeline.php(183): App/Http/Middleware/CorsMiddleware->handle(Object(Laravel/Lumen/Http/Request), Object(Closure))
#29 C:/Freelance/EKRAF/ekraf-backend/vendor/laravel/lumen-framework/src/Routing/Pipeline.php(30): Illuminate/Pipeline/Pipeline->Illuminate/Pipeline/{closure}(Object(Laravel/Lumen/Http/Request))
#30 C:/Freelance/EKRAF/ekraf-backend/vendor/illuminate/pipeline/Pipeline.php(119): Laravel/Lumen/Routing/Pipeline->Laravel/Lumen/Routing/{closure}(Object(Laravel/Lumen/Http/Request))
#31 C:/Freelance/EKRAF/ekraf-backend/vendor/laravel/lumen-framework/src/Concerns/RoutesRequests.php(428): Illuminate/Pipeline/Pipeline->then(Object(Closure))
#32 C:/Freelance/EKRAF/ekraf-backend/vendor/laravel/lumen-framework/src/Concerns/RoutesRequests.php(167): Laravel/Lumen/Application->sendThroughPipeline(Array, Object(Closure))
#33 C:/Freelance/EKRAF/ekraf-backend/vendor/laravel/lumen-framework/src/Concerns/RoutesRequests.php(112): Laravel/Lumen/Application->dispatch(NULL)
#34 C:/Freelance/EKRAF/ekraf-backend/public/index.php(17): Laravel/Lumen/Application->run()
#35 {main}

[previous exception] [object] (PDOException(code: 2002): SQLSTATE[HY000] [2002] No connection could be made because the target machine actively refused it at C:/Freelance/EKRAF/ekraf-backend/vendor/illuminate/database/Connectors/Connector.php:65)
[stacktrace]
#0 C:/Freelance/EKRAF/ekraf-backend/vendor/illuminate/database/Connectors/Connector.php(65): PDO->__construct('mysql:host=127....', 'root', Object(SensitiveParameterValue), Array)
#1 C:/Freelance/EKRAF/ekraf-backend/vendor/illuminate/database/Connectors/Connector.php(83): Illuminate/Database/Connectors/Connector->createPdoConnection('mysql:host=127....', 'root', '', Array)
#2 C:/Freelance/EKRAF/ekraf-backend/vendor/illuminate/database/Connectors/Connector.php(48): Illuminate/Database/Connectors/Connector->tryAgainIfCausedByLostConnection(Object(PDOException), 'mysql:host=127....', 'root', '', Array)
#3 C:/Freelance/EKRAF/ekraf-backend/vendor/illuminate/database/Connectors/MySqlConnector.php(24): Illuminate/Database/Connectors/Connector->createConnection('mysql:host=127....', Array, Array)
#4 C:/Freelance/EKRAF/ekraf-backend/vendor/illuminate/database/Connectors/ConnectionFactory.php(184): Illuminate/Database/Connectors/MySqlConnector->connect(Array)
#5 [internal function]: Illuminate/Database/Connectors/ConnectionFactory->Illuminate/Database/Connectors/{closure}()
#6 C:/Freelance/EKRAF/ekraf-backend/vendor/illuminate/database/Connection.php(1339): call_user_func(Object(Closure))
#7 C:/Freelance/EKRAF/ekraf-backend/vendor/illuminate/database/Connection.php(1375): Illuminate/Database/Connection->getPdo()
#8 C:/Freelance/EKRAF/ekraf-backend/vendor/illuminate/database/Connection.php(528): Illuminate/Database/Connection->getReadPdo()
#9 C:/Freelance/EKRAF/ekraf-backend/vendor/illuminate/database/Connection.php(423): Illuminate/Database/Connection->getPdoForSelect(true)
#10 C:/Freelance/EKRAF/ekraf-backend/vendor/illuminate/database/Connection.php(816): Illuminate/Database/Connection->Illuminate/Database/{closure}('select * from `...', Array)
#11 C:/Freelance/EKRAF/ekraf-backend/vendor/illuminate/database/Connection.php(983): Illuminate/Database/Connection->runQueryCallback('select * from `...', Array, Object(Closure))
#12 C:/Freelance/EKRAF/ekraf-backend/vendor/illuminate/database/Connection.php(962): Illuminate/Database/Connection->tryAgainIfCausedByLostConnection(Object(Illuminate/Database/QueryException), 'select * from `...', Array, Object(Closure))
#13 C:/Freelance/EKRAF/ekraf-backend/vendor/illuminate/database/Connection.php(785): Illuminate/Database/Connection->handleQueryException(Object(Illuminate/Database/QueryException), 'select * from `...', Array, Object(Closure))
#14 C:/Freelance/EKRAF/ekraf-backend/vendor/illuminate/database/Connection.php(414): Illuminate/Database/Connection->run('select * from `...', Array, Object(Closure))
#15 C:/Freelance/EKRAF/ekraf-backend/vendor/illuminate/database/Query/Builder.php(2913): Illuminate/Database/Connection->select('select * from `...', Array, true)
#16 C:/Freelance/EKRAF/ekraf-backend/vendor/illuminate/database/Query/Builder.php(2902): Illuminate/Database/Query/Builder->runSelect()
#17 C:/Freelance/EKRAF/ekraf-backend/vendor/illuminate/database/Query/Builder.php(3456): Illuminate/Database/Query/Builder->Illuminate/Database/Query/{closure}()
#18 C:/Freelance/EKRAF/ekraf-backend/vendor/illuminate/database/Query/Builder.php(2901): Illuminate/Database/Query/Builder->onceWithColumns(Array, Object(Closure))
#19 C:/Freelance/EKRAF/ekraf-backend/vendor/illuminate/database/Eloquent/Builder.php(739): Illuminate/Database/Query/Builder->get(Array)
#20 C:/Freelance/EKRAF/ekraf-backend/vendor/illuminate/database/Eloquent/Builder.php(723): Illuminate/Database/Eloquent/Builder->getModels(Array)
#21 C:/Freelance/EKRAF/ekraf-backend/vendor/illuminate/database/Concerns/BuildsQueries.php(333): Illuminate/Database/Eloquent/Builder->get(Array)
#22 C:/Freelance/EKRAF/ekraf-backend/vendor/illuminate/auth/EloquentUserProvider.php(139): Illuminate/Database/Eloquent/Builder->first()
#23 C:/Freelance/EKRAF/ekraf-backend/vendor/tymon/jwt-auth/src/JWTGuard.php(121): Illuminate/Auth/EloquentUserProvider->retrieveByCredentials(Array)
#24 C:/Freelance/EKRAF/ekraf-backend/vendor/illuminate/auth/AuthManager.php(340): Tymon/JWTAuth/JWTGuard->attempt(Array)
#25 C:/Freelance/EKRAF/ekraf-backend/app/Http/Controllers/AuthController.php(32): Illuminate/Auth/AuthManager->__call('attempt', Array)
#26 C:/Freelance/EKRAF/ekraf-backend/vendor/illuminate/container/BoundMethod.php(36): App/Http/Controllers/AuthController->login(Object(Laravel/Lumen/Http/Request))
#27 C:/Freelance/EKRAF/ekraf-backend/vendor/illuminate/container/Util.php(41): Illuminate/Container/BoundMethod::Illuminate/Container/{closure}()
#28 C:/Freelance/EKRAF/ekraf-backend/vendor/illuminate/container/BoundMethod.php(93): Illuminate/Container/Util::unwrapIfClosure(Object(Closure))
#29 C:/Freelance/EKRAF/ekraf-backend/vendor/illuminate/container/BoundMethod.php(35): Illuminate/Container/BoundMethod::callBoundMethod(Object(Laravel/Lumen/Application), Array, Object(Closure))
#30 C:/Freelance/EKRAF/ekraf-backend/vendor/illuminate/container/Container.php(662): Illuminate/Container/BoundMethod::call(Object(Laravel/Lumen/Application), Array, Array, NULL)
#31 C:/Freelance/EKRAF/ekraf-backend/vendor/laravel/lumen-framework/src/Concerns/RoutesRequests.php(391): Illuminate/Container/Container->call(Array, Array)
#32 C:/Freelance/EKRAF/ekraf-backend/vendor/laravel/lumen-framework/src/Concerns/RoutesRequests.php(356): Laravel/Lumen/Application->callControllerCallable(Array, Array)
#33 C:/Freelance/EKRAF/ekraf-backend/vendor/laravel/lumen-framework/src/Concerns/RoutesRequests.php(331): Laravel/Lumen/Application->callLumenController(Object(App/Http/Controllers/AuthController), 'login', Array)
#34 C:/Freelance/EKRAF/ekraf-backend/vendor/laravel/lumen-framework/src/Concerns/RoutesRequests.php(284): Laravel/Lumen/Application->callControllerAction(Array)
#35 C:/Freelance/EKRAF/ekraf-backend/vendor/laravel/lumen-framework/src/Concerns/RoutesRequests.php(269): Laravel/Lumen/Application->callActionOnArrayBasedRoute(Array)
#36 C:/Freelance/EKRAF/ekraf-backend/vendor/laravel/lumen-framework/src/Concerns/RoutesRequests.php(171): Laravel/Lumen/Application->handleFoundRoute(Array)
#37 C:/Freelance/EKRAF/ekraf-backend/vendor/laravel/lumen-framework/src/Routing/Pipeline.php(48): Laravel/Lumen/Application->Laravel/Lumen/Concerns/{closure}(Object(Laravel/Lumen/Http/Request))
#38 C:/Freelance/EKRAF/ekraf-backend/app/Http/Middleware/CorsMiddleware.php(30): Laravel/Lumen/Routing/Pipeline->Laravel/Lumen/Routing/{closure}(Object(Laravel/Lumen/Http/Request))
#39 C:/Freelance/EKRAF/ekraf-backend/vendor/illuminate/pipeline/Pipeline.php(183): App/Http/Middleware/CorsMiddleware->handle(Object(Laravel/Lumen/Http/Request), Object(Closure))
#40 C:/Freelance/EKRAF/ekraf-backend/vendor/laravel/lumen-framework/src/Routing/Pipeline.php(30): Illuminate/Pipeline/Pipeline->Illuminate/Pipeline/{closure}(Object(Laravel/Lumen/Http/Request))
#41 C:/Freelance/EKRAF/ekraf-backend/vendor/illuminate/pipeline/Pipeline.php(119): Laravel/Lumen/Routing/Pipeline->Laravel/Lumen/Routing/{closure}(Object(Laravel/Lumen/Http/Request))
#42 C:/Freelance/EKRAF/ekraf-backend/vendor/laravel/lumen-framework/src/Concerns/RoutesRequests.php(428): Illuminate/Pipeline/Pipeline->then(Object(Closure))
#43 C:/Freelance/EKRAF/ekraf-backend/vendor/laravel/lumen-framework/src/Concerns/RoutesRequests.php(167): Laravel/Lumen/Application->sendThroughPipeline(Array, Object(Closure))
#44 C:/Freelance/EKRAF/ekraf-backend/vendor/laravel/lumen-framework/src/Concerns/RoutesRequests.php(112): Laravel/Lumen/Application->dispatch(NULL)
#45 C:/Freelance/EKRAF/ekraf-backend/public/index.php(17): Laravel/Lumen/Application->run()
#46 {main}
"} 
