[2026-04-05 21:28:45] local.ERROR: SQLSTATE[42000]: Syntax error or access violation: 1059 Identifier name 'lesson_acknowledgements_lesson_id_personnel_id_work_permit_id_unique' is too long (Connection: mysql, SQL: alter table `lesson_acknowledgements` add unique `lesson_acknowledgements_lesson_id_personnel_id_work_permit_id_unique`(`lesson_id`, `personnel_id`, `work_permit_id`)) {"exception":"[object] (Illuminate\\Database\\QueryException(code: 42000): SQLSTATE[42000]: Syntax error or access violation: 1059 Identifier name 'lesson_acknowledgements_lesson_id_personnel_id_work_permit_id_unique' is too long (Connection: mysql, SQL: alter table `lesson_acknowledgements` add unique `lesson_acknowledgements_lesson_id_personnel_id_work_permit_id_unique`(`lesson_id`, `personnel_id`, `work_permit_id`)) at C:/Freelance/work permit/wp-services/vendor/illuminate/database/Connection.php:829)
[stacktrace]
#0 C:/Freelance/work permit/wp-services/vendor/illuminate/database/Connection.php(783): Illuminate/Database/Connection->runQueryCallback('alter table `le...', Array, Object(Closure))
#1 C:/Freelance/work permit/wp-services/vendor/illuminate/database/Connection.php(576): Illuminate/Database/Connection->run('alter table `le...', Array, Object(Closure))
#2 C:/Freelance/work permit/wp-services/vendor/illuminate/database/Schema/Blueprint.php(110): Illuminate/Database/Connection->statement('alter table `le...')
#3 C:/Freelance/work permit/wp-services/vendor/illuminate/database/Schema/Builder.php(602): Illuminate/Database/Schema/Blueprint->build(Object(Illuminate/Database/MySqlConnection), Object(Illuminate/Database/Schema/Grammars/MySqlGrammar))
#4 C:/Freelance/work permit/wp-services/vendor/illuminate/database/Schema/Builder.php(456): Illuminate/Database/Schema/Builder->build(Object(Illuminate/Database/Schema/Blueprint))
#5 C:/Freelance/work permit/wp-services/vendor/illuminate/support/Facades/Facade.php(355): Illuminate/Database/Schema/Builder->create('lesson_acknowle...', Object(Closure))
#6 C:/Freelance/work permit/wp-services/database/migrations/2024_03_01_000004_create_extended_hse_features_tables.php(92): Illuminate/Support/Facades/Facade::__callStatic('create', Array)
#7 C:/Freelance/work permit/wp-services/vendor/illuminate/database/Migrations/Migrator.php(501): Illuminate/Database/Migrations/Migration@anonymous->up()
#8 C:/Freelance/work permit/wp-services/vendor/illuminate/database/Migrations/Migrator.php(418): Illuminate/Database/Migrations/Migrator->runMethod(Object(Illuminate/Database/MySqlConnection), Object(Illuminate/Database/Migrations/Migration@anonymous), 'up')
#9 C:/Freelance/work permit/wp-services/vendor/illuminate/database/Migrations/Migrator.php(427): Illuminate/Database/Migrations/Migrator->Illuminate/Database/Migrations/{closure}()
#10 C:/Freelance/work permit/wp-services/vendor/illuminate/database/Migrations/Migrator.php(224): Illuminate/Database/Migrations/Migrator->runMigration(Object(Illuminate/Database/Migrations/Migration@anonymous), 'up')
#11 C:/Freelance/work permit/wp-services/vendor/illuminate/console/View/Components/Task.php(37): Illuminate/Database/Migrations/Migrator->Illuminate/Database/Migrations/{closure}()
#12 C:/Freelance/work permit/wp-services/vendor/illuminate/database/Migrations/Migrator.php(783): Illuminate/Console/View/Components/Task->render('2024_03_01_0000...', Object(Closure))
#13 C:/Freelance/work permit/wp-services/vendor/illuminate/database/Migrations/Migrator.php(224): Illuminate/Database/Migrations/Migrator->write('Illuminate//Cons...', '2024_03_01_0000...', Object(Closure))
#14 C:/Freelance/work permit/wp-services/vendor/illuminate/database/Migrations/Migrator.php(189): Illuminate/Database/Migrations/Migrator->runUp('C://Freelance//wo...', 1, false)
#15 C:/Freelance/work permit/wp-services/vendor/illuminate/database/Migrations/Migrator.php(132): Illuminate/Database/Migrations/Migrator->runPending(Array, Array)
#16 C:/Freelance/work permit/wp-services/vendor/illuminate/database/Console/Migrations/MigrateCommand.php(90): Illuminate/Database/Migrations/Migrator->run(Array, Array)
#17 C:/Freelance/work permit/wp-services/vendor/illuminate/database/Migrations/Migrator.php(641): Illuminate/Database/Console/Migrations/MigrateCommand->Illuminate/Database/Console/Migrations/{closure}()
#18 C:/Freelance/work permit/wp-services/vendor/illuminate/database/Console/Migrations/MigrateCommand.php(83): Illuminate/Database/Migrations/Migrator->usingConnection(NULL, Object(Closure))
#19 C:/Freelance/work permit/wp-services/vendor/illuminate/container/BoundMethod.php(36): Illuminate/Database/Console/Migrations/MigrateCommand->handle()
#20 C:/Freelance/work permit/wp-services/vendor/illuminate/container/Util.php(41): Illuminate/Container/BoundMethod::Illuminate/Container/{closure}()
#21 C:/Freelance/work permit/wp-services/vendor/illuminate/container/BoundMethod.php(93): Illuminate/Container/Util::unwrapIfClosure(Object(Closure))
#22 C:/Freelance/work permit/wp-services/vendor/illuminate/container/BoundMethod.php(35): Illuminate/Container/BoundMethod::callBoundMethod(Object(Laravel/Lumen/Application), Array, Object(Closure))
#23 C:/Freelance/work permit/wp-services/vendor/illuminate/container/Container.php(662): Illuminate/Container/BoundMethod::call(Object(Laravel/Lumen/Application), Array, Array, NULL)
#24 C:/Freelance/work permit/wp-services/vendor/illuminate/console/Command.php(211): Illuminate/Container/Container->call(Array)
#25 C:/Freelance/work permit/wp-services/vendor/symfony/console/Command/Command.php(326): Illuminate/Console/Command->execute(Object(Symfony/Component/Console/Input/ArrayInput), Object(Illuminate/Console/OutputStyle))
#26 C:/Freelance/work permit/wp-services/vendor/illuminate/console/Command.php(180): Symfony/Component/Console/Command/Command->run(Object(Symfony/Component/Console/Input/ArrayInput), Object(Illuminate/Console/OutputStyle))
#27 C:/Freelance/work permit/wp-services/vendor/illuminate/console/Concerns/CallsCommands.php(67): Illuminate/Console/Command->run(Object(Symfony/Component/Console/Input/ArrayInput), Object(Illuminate/Console/OutputStyle))
#28 C:/Freelance/work permit/wp-services/vendor/illuminate/console/Concerns/CallsCommands.php(28): Illuminate/Console/Command->runCommand('migrate', Array, Object(Illuminate/Console/OutputStyle))
#29 C:/Freelance/work permit/wp-services/vendor/illuminate/database/Console/Migrations/FreshCommand.php(53): Illuminate/Console/Command->call('migrate', Array)
#30 C:/Freelance/work permit/wp-services/vendor/illuminate/container/BoundMethod.php(36): Illuminate/Database/Console/Migrations/FreshCommand->handle()
#31 C:/Freelance/work permit/wp-services/vendor/illuminate/container/Util.php(41): Illuminate/Container/BoundMethod::Illuminate/Container/{closure}()
#32 C:/Freelance/work permit/wp-services/vendor/illuminate/container/BoundMethod.php(93): Illuminate/Container/Util::unwrapIfClosure(Object(Closure))
#33 C:/Freelance/work permit/wp-services/vendor/illuminate/container/BoundMethod.php(35): Illuminate/Container/BoundMethod::callBoundMethod(Object(Laravel/Lumen/Application), Array, Object(Closure))
#34 C:/Freelance/work permit/wp-services/vendor/illuminate/container/Container.php(662): Illuminate/Container/BoundMethod::call(Object(Laravel/Lumen/Application), Array, Array, NULL)
#35 C:/Freelance/work permit/wp-services/vendor/illuminate/console/Command.php(211): Illuminate/Container/Container->call(Array)
#36 C:/Freelance/work permit/wp-services/vendor/symfony/console/Command/Command.php(326): Illuminate/Console/Command->execute(Object(Symfony/Component/Console/Input/ArgvInput), Object(Illuminate/Console/OutputStyle))
#37 C:/Freelance/work permit/wp-services/vendor/illuminate/console/Command.php(180): Symfony/Component/Console/Command/Command->run(Object(Symfony/Component/Console/Input/ArgvInput), Object(Illuminate/Console/OutputStyle))
#38 C:/Freelance/work permit/wp-services/vendor/symfony/console/Application.php(1083): Illuminate/Console/Command->run(Object(Symfony/Component/Console/Input/ArgvInput), Object(Symfony/Component/Console/Output/ConsoleOutput))
#39 C:/Freelance/work permit/wp-services/vendor/symfony/console/Application.php(324): Symfony/Component/Console/Application->doRunCommand(Object(Illuminate/Database/Console/Migrations/FreshCommand), Object(Symfony/Component/Console/Input/ArgvInput), Object(Symfony/Component/Console/Output/ConsoleOutput))
#40 C:/Freelance/work permit/wp-services/vendor/symfony/console/Application.php(175): Symfony/Component/Console/Application->doRun(Object(Symfony/Component/Console/Input/ArgvInput), Object(Symfony/Component/Console/Output/ConsoleOutput))
#41 C:/Freelance/work permit/wp-services/vendor/laravel/lumen-framework/src/Console/Kernel.php(160): Symfony/Component/Console/Application->run(Object(Symfony/Component/Console/Input/ArgvInput), Object(Symfony/Component/Console/Output/ConsoleOutput))
#42 C:/Freelance/work permit/wp-services/artisan(25): Laravel/Lumen/Console/Kernel->handle(Object(Symfony/Component/Console/Input/ArgvInput), Object(Symfony/Component/Console/Output/ConsoleOutput))
#43 {main}

[previous exception] [object] (PDOException(code: 42000): SQLSTATE[42000]: Syntax error or access violation: 1059 Identifier name 'lesson_acknowledgements_lesson_id_personnel_id_work_permit_id_unique' is too long at C:/Freelance/work permit/wp-services/vendor/illuminate/database/Connection.php:587)
[stacktrace]
#0 C:/Freelance/work permit/wp-services/vendor/illuminate/database/Connection.php(587): PDOStatement->execute()
#1 C:/Freelance/work permit/wp-services/vendor/illuminate/database/Connection.php(816): Illuminate/Database/Connection->Illuminate/Database/{closure}('alter table `le...', Array)
#2 C:/Freelance/work permit/wp-services/vendor/illuminate/database/Connection.php(783): Illuminate/Database/Connection->runQueryCallback('alter table `le...', Array, Object(Closure))
#3 C:/Freelance/work permit/wp-services/vendor/illuminate/database/Connection.php(576): Illuminate/Database/Connection->run('alter table `le...', Array, Object(Closure))
#4 C:/Freelance/work permit/wp-services/vendor/illuminate/database/Schema/Blueprint.php(110): Illuminate/Database/Connection->statement('alter table `le...')
#5 C:/Freelance/work permit/wp-services/vendor/illuminate/database/Schema/Builder.php(602): Illuminate/Database/Schema/Blueprint->build(Object(Illuminate/Database/MySqlConnection), Object(Illuminate/Database/Schema/Grammars/MySqlGrammar))
#6 C:/Freelance/work permit/wp-services/vendor/illuminate/database/Schema/Builder.php(456): Illuminate/Database/Schema/Builder->build(Object(Illuminate/Database/Schema/Blueprint))
#7 C:/Freelance/work permit/wp-services/vendor/illuminate/support/Facades/Facade.php(355): Illuminate/Database/Schema/Builder->create('lesson_acknowle...', Object(Closure))
#8 C:/Freelance/work permit/wp-services/database/migrations/2024_03_01_000004_create_extended_hse_features_tables.php(92): Illuminate/Support/Facades/Facade::__callStatic('create', Array)
#9 C:/Freelance/work permit/wp-services/vendor/illuminate/database/Migrations/Migrator.php(501): Illuminate/Database/Migrations/Migration@anonymous->up()
#10 C:/Freelance/work permit/wp-services/vendor/illuminate/database/Migrations/Migrator.php(418): Illuminate/Database/Migrations/Migrator->runMethod(Object(Illuminate/Database/MySqlConnection), Object(Illuminate/Database/Migrations/Migration@anonymous), 'up')
#11 C:/Freelance/work permit/wp-services/vendor/illuminate/database/Migrations/Migrator.php(427): Illuminate/Database/Migrations/Migrator->Illuminate/Database/Migrations/{closure}()
#12 C:/Freelance/work permit/wp-services/vendor/illuminate/database/Migrations/Migrator.php(224): Illuminate/Database/Migrations/Migrator->runMigration(Object(Illuminate/Database/Migrations/Migration@anonymous), 'up')
#13 C:/Freelance/work permit/wp-services/vendor/illuminate/console/View/Components/Task.php(37): Illuminate/Database/Migrations/Migrator->Illuminate/Database/Migrations/{closure}()
#14 C:/Freelance/work permit/wp-services/vendor/illuminate/database/Migrations/Migrator.php(783): Illuminate/Console/View/Components/Task->render('2024_03_01_0000...', Object(Closure))
#15 C:/Freelance/work permit/wp-services/vendor/illuminate/database/Migrations/Migrator.php(224): Illuminate/Database/Migrations/Migrator->write('Illuminate//Cons...', '2024_03_01_0000...', Object(Closure))
#16 C:/Freelance/work permit/wp-services/vendor/illuminate/database/Migrations/Migrator.php(189): Illuminate/Database/Migrations/Migrator->runUp('C://Freelance//wo...', 1, false)
#17 C:/Freelance/work permit/wp-services/vendor/illuminate/database/Migrations/Migrator.php(132): Illuminate/Database/Migrations/Migrator->runPending(Array, Array)
#18 C:/Freelance/work permit/wp-services/vendor/illuminate/database/Console/Migrations/MigrateCommand.php(90): Illuminate/Database/Migrations/Migrator->run(Array, Array)
#19 C:/Freelance/work permit/wp-services/vendor/illuminate/database/Migrations/Migrator.php(641): Illuminate/Database/Console/Migrations/MigrateCommand->Illuminate/Database/Console/Migrations/{closure}()
#20 C:/Freelance/work permit/wp-services/vendor/illuminate/database/Console/Migrations/MigrateCommand.php(83): Illuminate/Database/Migrations/Migrator->usingConnection(NULL, Object(Closure))
#21 C:/Freelance/work permit/wp-services/vendor/illuminate/container/BoundMethod.php(36): Illuminate/Database/Console/Migrations/MigrateCommand->handle()
#22 C:/Freelance/work permit/wp-services/vendor/illuminate/container/Util.php(41): Illuminate/Container/BoundMethod::Illuminate/Container/{closure}()
#23 C:/Freelance/work permit/wp-services/vendor/illuminate/container/BoundMethod.php(93): Illuminate/Container/Util::unwrapIfClosure(Object(Closure))
#24 C:/Freelance/work permit/wp-services/vendor/illuminate/container/BoundMethod.php(35): Illuminate/Container/BoundMethod::callBoundMethod(Object(Laravel/Lumen/Application), Array, Object(Closure))
#25 C:/Freelance/work permit/wp-services/vendor/illuminate/container/Container.php(662): Illuminate/Container/BoundMethod::call(Object(Laravel/Lumen/Application), Array, Array, NULL)
#26 C:/Freelance/work permit/wp-services/vendor/illuminate/console/Command.php(211): Illuminate/Container/Container->call(Array)
#27 C:/Freelance/work permit/wp-services/vendor/symfony/console/Command/Command.php(326): Illuminate/Console/Command->execute(Object(Symfony/Component/Console/Input/ArrayInput), Object(Illuminate/Console/OutputStyle))
#28 C:/Freelance/work permit/wp-services/vendor/illuminate/console/Command.php(180): Symfony/Component/Console/Command/Command->run(Object(Symfony/Component/Console/Input/ArrayInput), Object(Illuminate/Console/OutputStyle))
#29 C:/Freelance/work permit/wp-services/vendor/illuminate/console/Concerns/CallsCommands.php(67): Illuminate/Console/Command->run(Object(Symfony/Component/Console/Input/ArrayInput), Object(Illuminate/Console/OutputStyle))
#30 C:/Freelance/work permit/wp-services/vendor/illuminate/console/Concerns/CallsCommands.php(28): Illuminate/Console/Command->runCommand('migrate', Array, Object(Illuminate/Console/OutputStyle))
#31 C:/Freelance/work permit/wp-services/vendor/illuminate/database/Console/Migrations/FreshCommand.php(53): Illuminate/Console/Command->call('migrate', Array)
#32 C:/Freelance/work permit/wp-services/vendor/illuminate/container/BoundMethod.php(36): Illuminate/Database/Console/Migrations/FreshCommand->handle()
#33 C:/Freelance/work permit/wp-services/vendor/illuminate/container/Util.php(41): Illuminate/Container/BoundMethod::Illuminate/Container/{closure}()
#34 C:/Freelance/work permit/wp-services/vendor/illuminate/container/BoundMethod.php(93): Illuminate/Container/Util::unwrapIfClosure(Object(Closure))
#35 C:/Freelance/work permit/wp-services/vendor/illuminate/container/BoundMethod.php(35): Illuminate/Container/BoundMethod::callBoundMethod(Object(Laravel/Lumen/Application), Array, Object(Closure))
#36 C:/Freelance/work permit/wp-services/vendor/illuminate/container/Container.php(662): Illuminate/Container/BoundMethod::call(Object(Laravel/Lumen/Application), Array, Array, NULL)
#37 C:/Freelance/work permit/wp-services/vendor/illuminate/console/Command.php(211): Illuminate/Container/Container->call(Array)
#38 C:/Freelance/work permit/wp-services/vendor/symfony/console/Command/Command.php(326): Illuminate/Console/Command->execute(Object(Symfony/Component/Console/Input/ArgvInput), Object(Illuminate/Console/OutputStyle))
#39 C:/Freelance/work permit/wp-services/vendor/illuminate/console/Command.php(180): Symfony/Component/Console/Command/Command->run(Object(Symfony/Component/Console/Input/ArgvInput), Object(Illuminate/Console/OutputStyle))
#40 C:/Freelance/work permit/wp-services/vendor/symfony/console/Application.php(1083): Illuminate/Console/Command->run(Object(Symfony/Component/Console/Input/ArgvInput), Object(Symfony/Component/Console/Output/ConsoleOutput))
#41 C:/Freelance/work permit/wp-services/vendor/symfony/console/Application.php(324): Symfony/Component/Console/Application->doRunCommand(Object(Illuminate/Database/Console/Migrations/FreshCommand), Object(Symfony/Component/Console/Input/ArgvInput), Object(Symfony/Component/Console/Output/ConsoleOutput))
#42 C:/Freelance/work permit/wp-services/vendor/symfony/console/Application.php(175): Symfony/Component/Console/Application->doRun(Object(Symfony/Component/Console/Input/ArgvInput), Object(Symfony/Component/Console/Output/ConsoleOutput))
#43 C:/Freelance/work permit/wp-services/vendor/laravel/lumen-framework/src/Console/Kernel.php(160): Symfony/Component/Console/Application->run(Object(Symfony/Component/Console/Input/ArgvInput), Object(Symfony/Component/Console/Output/ConsoleOutput))
#44 C:/Freelance/work permit/wp-services/artisan(25): Laravel/Lumen/Console/Kernel->handle(Object(Symfony/Component/Console/Input/ArgvInput), Object(Symfony/Component/Console/Output/ConsoleOutput))
#45 {main}
"} 
[2026-04-05 21:29:48] local.ERROR: SQLSTATE[42000]: Syntax error or access violation: 1061 Duplicate key name 'e_signatures_signable_type_signable_id_index' (Connection: mysql, SQL: alter table `e_signatures` add index `e_signatures_signable_type_signable_id_index`(`signable_type`, `signable_id`)) {"exception":"[object] (Illuminate\\Database\\QueryException(code: 42000): SQLSTATE[42000]: Syntax error or access violation: 1061 Duplicate key name 'e_signatures_signable_type_signable_id_index' (Connection: mysql, SQL: alter table `e_signatures` add index `e_signatures_signable_type_signable_id_index`(`signable_type`, `signable_id`)) at C:/Freelance/work permit/wp-services/vendor/illuminate/database/Connection.php:829)
[stacktrace]
#0 C:/Freelance/work permit/wp-services/vendor/illuminate/database/Connection.php(783): Illuminate/Database/Connection->runQueryCallback('alter table `e_...', Array, Object(Closure))
#1 C:/Freelance/work permit/wp-services/vendor/illuminate/database/Connection.php(576): Illuminate/Database/Connection->run('alter table `e_...', Array, Object(Closure))
#2 C:/Freelance/work permit/wp-services/vendor/illuminate/database/Schema/Blueprint.php(110): Illuminate/Database/Connection->statement('alter table `e_...')
#3 C:/Freelance/work permit/wp-services/vendor/illuminate/database/Schema/Builder.php(602): Illuminate/Database/Schema/Blueprint->build(Object(Illuminate/Database/MySqlConnection), Object(Illuminate/Database/Schema/Grammars/MySqlGrammar))
#4 C:/Freelance/work permit/wp-services/vendor/illuminate/database/Schema/Builder.php(456): Illuminate/Database/Schema/Builder->build(Object(Illuminate/Database/Schema/Blueprint))
#5 C:/Freelance/work permit/wp-services/vendor/illuminate/support/Facades/Facade.php(355): Illuminate/Database/Schema/Builder->create('e_signatures', Object(Closure))
#6 C:/Freelance/work permit/wp-services/database/migrations/2024_03_01_000004_create_extended_hse_features_tables.php(107): Illuminate/Support/Facades/Facade::__callStatic('create', Array)
#7 C:/Freelance/work permit/wp-services/vendor/illuminate/database/Migrations/Migrator.php(501): Illuminate/Database/Migrations/Migration@anonymous->up()
#8 C:/Freelance/work permit/wp-services/vendor/illuminate/database/Migrations/Migrator.php(418): Illuminate/Database/Migrations/Migrator->runMethod(Object(Illuminate/Database/MySqlConnection), Object(Illuminate/Database/Migrations/Migration@anonymous), 'up')
#9 C:/Freelance/work permit/wp-services/vendor/illuminate/database/Migrations/Migrator.php(427): Illuminate/Database/Migrations/Migrator->Illuminate/Database/Migrations/{closure}()
#10 C:/Freelance/work permit/wp-services/vendor/illuminate/database/Migrations/Migrator.php(224): Illuminate/Database/Migrations/Migrator->runMigration(Object(Illuminate/Database/Migrations/Migration@anonymous), 'up')
#11 C:/Freelance/work permit/wp-services/vendor/illuminate/console/View/Components/Task.php(37): Illuminate/Database/Migrations/Migrator->Illuminate/Database/Migrations/{closure}()
#12 C:/Freelance/work permit/wp-services/vendor/illuminate/database/Migrations/Migrator.php(783): Illuminate/Console/View/Components/Task->render('2024_03_01_0000...', Object(Closure))
#13 C:/Freelance/work permit/wp-services/vendor/illuminate/database/Migrations/Migrator.php(224): Illuminate/Database/Migrations/Migrator->write('Illuminate//Cons...', '2024_03_01_0000...', Object(Closure))
#14 C:/Freelance/work permit/wp-services/vendor/illuminate/database/Migrations/Migrator.php(189): Illuminate/Database/Migrations/Migrator->runUp('C://Freelance//wo...', 1, false)
#15 C:/Freelance/work permit/wp-services/vendor/illuminate/database/Migrations/Migrator.php(132): Illuminate/Database/Migrations/Migrator->runPending(Array, Array)
#16 C:/Freelance/work permit/wp-services/vendor/illuminate/database/Console/Migrations/MigrateCommand.php(90): Illuminate/Database/Migrations/Migrator->run(Array, Array)
#17 C:/Freelance/work permit/wp-services/vendor/illuminate/database/Migrations/Migrator.php(641): Illuminate/Database/Console/Migrations/MigrateCommand->Illuminate/Database/Console/Migrations/{closure}()
#18 C:/Freelance/work permit/wp-services/vendor/illuminate/database/Console/Migrations/MigrateCommand.php(83): Illuminate/Database/Migrations/Migrator->usingConnection(NULL, Object(Closure))
#19 C:/Freelance/work permit/wp-services/vendor/illuminate/container/BoundMethod.php(36): Illuminate/Database/Console/Migrations/MigrateCommand->handle()
#20 C:/Freelance/work permit/wp-services/vendor/illuminate/container/Util.php(41): Illuminate/Container/BoundMethod::Illuminate/Container/{closure}()
#21 C:/Freelance/work permit/wp-services/vendor/illuminate/container/BoundMethod.php(93): Illuminate/Container/Util::unwrapIfClosure(Object(Closure))
#22 C:/Freelance/work permit/wp-services/vendor/illuminate/container/BoundMethod.php(35): Illuminate/Container/BoundMethod::callBoundMethod(Object(Laravel/Lumen/Application), Array, Object(Closure))
#23 C:/Freelance/work permit/wp-services/vendor/illuminate/container/Container.php(662): Illuminate/Container/BoundMethod::call(Object(Laravel/Lumen/Application), Array, Array, NULL)
#24 C:/Freelance/work permit/wp-services/vendor/illuminate/console/Command.php(211): Illuminate/Container/Container->call(Array)
#25 C:/Freelance/work permit/wp-services/vendor/symfony/console/Command/Command.php(326): Illuminate/Console/Command->execute(Object(Symfony/Component/Console/Input/ArrayInput), Object(Illuminate/Console/OutputStyle))
#26 C:/Freelance/work permit/wp-services/vendor/illuminate/console/Command.php(180): Symfony/Component/Console/Command/Command->run(Object(Symfony/Component/Console/Input/ArrayInput), Object(Illuminate/Console/OutputStyle))
#27 C:/Freelance/work permit/wp-services/vendor/illuminate/console/Concerns/CallsCommands.php(67): Illuminate/Console/Command->run(Object(Symfony/Component/Console/Input/ArrayInput), Object(Illuminate/Console/OutputStyle))
#28 C:/Freelance/work permit/wp-services/vendor/illuminate/console/Concerns/CallsCommands.php(28): Illuminate/Console/Command->runCommand('migrate', Array, Object(Illuminate/Console/OutputStyle))
#29 C:/Freelance/work permit/wp-services/vendor/illuminate/database/Console/Migrations/FreshCommand.php(53): Illuminate/Console/Command->call('migrate', Array)
#30 C:/Freelance/work permit/wp-services/vendor/illuminate/container/BoundMethod.php(36): Illuminate/Database/Console/Migrations/FreshCommand->handle()
#31 C:/Freelance/work permit/wp-services/vendor/illuminate/container/Util.php(41): Illuminate/Container/BoundMethod::Illuminate/Container/{closure}()
#32 C:/Freelance/work permit/wp-services/vendor/illuminate/container/BoundMethod.php(93): Illuminate/Container/Util::unwrapIfClosure(Object(Closure))
#33 C:/Freelance/work permit/wp-services/vendor/illuminate/container/BoundMethod.php(35): Illuminate/Container/BoundMethod::callBoundMethod(Object(Laravel/Lumen/Application), Array, Object(Closure))
#34 C:/Freelance/work permit/wp-services/vendor/illuminate/container/Container.php(662): Illuminate/Container/BoundMethod::call(Object(Laravel/Lumen/Application), Array, Array, NULL)
#35 C:/Freelance/work permit/wp-services/vendor/illuminate/console/Command.php(211): Illuminate/Container/Container->call(Array)
#36 C:/Freelance/work permit/wp-services/vendor/symfony/console/Command/Command.php(326): Illuminate/Console/Command->execute(Object(Symfony/Component/Console/Input/ArgvInput), Object(Illuminate/Console/OutputStyle))
#37 C:/Freelance/work permit/wp-services/vendor/illuminate/console/Command.php(180): Symfony/Component/Console/Command/Command->run(Object(Symfony/Component/Console/Input/ArgvInput), Object(Illuminate/Console/OutputStyle))
#38 C:/Freelance/work permit/wp-services/vendor/symfony/console/Application.php(1083): Illuminate/Console/Command->run(Object(Symfony/Component/Console/Input/ArgvInput), Object(Symfony/Component/Console/Output/ConsoleOutput))
#39 C:/Freelance/work permit/wp-services/vendor/symfony/console/Application.php(324): Symfony/Component/Console/Application->doRunCommand(Object(Illuminate/Database/Console/Migrations/FreshCommand), Object(Symfony/Component/Console/Input/ArgvInput), Object(Symfony/Component/Console/Output/ConsoleOutput))
#40 C:/Freelance/work permit/wp-services/vendor/symfony/console/Application.php(175): Symfony/Component/Console/Application->doRun(Object(Symfony/Component/Console/Input/ArgvInput), Object(Symfony/Component/Console/Output/ConsoleOutput))
#41 C:/Freelance/work permit/wp-services/vendor/laravel/lumen-framework/src/Console/Kernel.php(160): Symfony/Component/Console/Application->run(Object(Symfony/Component/Console/Input/ArgvInput), Object(Symfony/Component/Console/Output/ConsoleOutput))
#42 C:/Freelance/work permit/wp-services/artisan(25): Laravel/Lumen/Console/Kernel->handle(Object(Symfony/Component/Console/Input/ArgvInput), Object(Symfony/Component/Console/Output/ConsoleOutput))
#43 {main}

[previous exception] [object] (PDOException(code: 42000): SQLSTATE[42000]: Syntax error or access violation: 1061 Duplicate key name 'e_signatures_signable_type_signable_id_index' at C:/Freelance/work permit/wp-services/vendor/illuminate/database/Connection.php:587)
[stacktrace]
#0 C:/Freelance/work permit/wp-services/vendor/illuminate/database/Connection.php(587): PDOStatement->execute()
#1 C:/Freelance/work permit/wp-services/vendor/illuminate/database/Connection.php(816): Illuminate/Database/Connection->Illuminate/Database/{closure}('alter table `e_...', Array)
#2 C:/Freelance/work permit/wp-services/vendor/illuminate/database/Connection.php(783): Illuminate/Database/Connection->runQueryCallback('alter table `e_...', Array, Object(Closure))
#3 C:/Freelance/work permit/wp-services/vendor/illuminate/database/Connection.php(576): Illuminate/Database/Connection->run('alter table `e_...', Array, Object(Closure))
#4 C:/Freelance/work permit/wp-services/vendor/illuminate/database/Schema/Blueprint.php(110): Illuminate/Database/Connection->statement('alter table `e_...')
#5 C:/Freelance/work permit/wp-services/vendor/illuminate/database/Schema/Builder.php(602): Illuminate/Database/Schema/Blueprint->build(Object(Illuminate/Database/MySqlConnection), Object(Illuminate/Database/Schema/Grammars/MySqlGrammar))
#6 C:/Freelance/work permit/wp-services/vendor/illuminate/database/Schema/Builder.php(456): Illuminate/Database/Schema/Builder->build(Object(Illuminate/Database/Schema/Blueprint))
#7 C:/Freelance/work permit/wp-services/vendor/illuminate/support/Facades/Facade.php(355): Illuminate/Database/Schema/Builder->create('e_signatures', Object(Closure))
#8 C:/Freelance/work permit/wp-services/database/migrations/2024_03_01_000004_create_extended_hse_features_tables.php(107): Illuminate/Support/Facades/Facade::__callStatic('create', Array)
#9 C:/Freelance/work permit/wp-services/vendor/illuminate/database/Migrations/Migrator.php(501): Illuminate/Database/Migrations/Migration@anonymous->up()
#10 C:/Freelance/work permit/wp-services/vendor/illuminate/database/Migrations/Migrator.php(418): Illuminate/Database/Migrations/Migrator->runMethod(Object(Illuminate/Database/MySqlConnection), Object(Illuminate/Database/Migrations/Migration@anonymous), 'up')
#11 C:/Freelance/work permit/wp-services/vendor/illuminate/database/Migrations/Migrator.php(427): Illuminate/Database/Migrations/Migrator->Illuminate/Database/Migrations/{closure}()
#12 C:/Freelance/work permit/wp-services/vendor/illuminate/database/Migrations/Migrator.php(224): Illuminate/Database/Migrations/Migrator->runMigration(Object(Illuminate/Database/Migrations/Migration@anonymous), 'up')
#13 C:/Freelance/work permit/wp-services/vendor/illuminate/console/View/Components/Task.php(37): Illuminate/Database/Migrations/Migrator->Illuminate/Database/Migrations/{closure}()
#14 C:/Freelance/work permit/wp-services/vendor/illuminate/database/Migrations/Migrator.php(783): Illuminate/Console/View/Components/Task->render('2024_03_01_0000...', Object(Closure))
#15 C:/Freelance/work permit/wp-services/vendor/illuminate/database/Migrations/Migrator.php(224): Illuminate/Database/Migrations/Migrator->write('Illuminate//Cons...', '2024_03_01_0000...', Object(Closure))
#16 C:/Freelance/work permit/wp-services/vendor/illuminate/database/Migrations/Migrator.php(189): Illuminate/Database/Migrations/Migrator->runUp('C://Freelance//wo...', 1, false)
#17 C:/Freelance/work permit/wp-services/vendor/illuminate/database/Migrations/Migrator.php(132): Illuminate/Database/Migrations/Migrator->runPending(Array, Array)
#18 C:/Freelance/work permit/wp-services/vendor/illuminate/database/Console/Migrations/MigrateCommand.php(90): Illuminate/Database/Migrations/Migrator->run(Array, Array)
#19 C:/Freelance/work permit/wp-services/vendor/illuminate/database/Migrations/Migrator.php(641): Illuminate/Database/Console/Migrations/MigrateCommand->Illuminate/Database/Console/Migrations/{closure}()
#20 C:/Freelance/work permit/wp-services/vendor/illuminate/database/Console/Migrations/MigrateCommand.php(83): Illuminate/Database/Migrations/Migrator->usingConnection(NULL, Object(Closure))
#21 C:/Freelance/work permit/wp-services/vendor/illuminate/container/BoundMethod.php(36): Illuminate/Database/Console/Migrations/MigrateCommand->handle()
#22 C:/Freelance/work permit/wp-services/vendor/illuminate/container/Util.php(41): Illuminate/Container/BoundMethod::Illuminate/Container/{closure}()
#23 C:/Freelance/work permit/wp-services/vendor/illuminate/container/BoundMethod.php(93): Illuminate/Container/Util::unwrapIfClosure(Object(Closure))
#24 C:/Freelance/work permit/wp-services/vendor/illuminate/container/BoundMethod.php(35): Illuminate/Container/BoundMethod::callBoundMethod(Object(Laravel/Lumen/Application), Array, Object(Closure))
#25 C:/Freelance/work permit/wp-services/vendor/illuminate/container/Container.php(662): Illuminate/Container/BoundMethod::call(Object(Laravel/Lumen/Application), Array, Array, NULL)
#26 C:/Freelance/work permit/wp-services/vendor/illuminate/console/Command.php(211): Illuminate/Container/Container->call(Array)
#27 C:/Freelance/work permit/wp-services/vendor/symfony/console/Command/Command.php(326): Illuminate/Console/Command->execute(Object(Symfony/Component/Console/Input/ArrayInput), Object(Illuminate/Console/OutputStyle))
#28 C:/Freelance/work permit/wp-services/vendor/illuminate/console/Command.php(180): Symfony/Component/Console/Command/Command->run(Object(Symfony/Component/Console/Input/ArrayInput), Object(Illuminate/Console/OutputStyle))
#29 C:/Freelance/work permit/wp-services/vendor/illuminate/console/Concerns/CallsCommands.php(67): Illuminate/Console/Command->run(Object(Symfony/Component/Console/Input/ArrayInput), Object(Illuminate/Console/OutputStyle))
#30 C:/Freelance/work permit/wp-services/vendor/illuminate/console/Concerns/CallsCommands.php(28): Illuminate/Console/Command->runCommand('migrate', Array, Object(Illuminate/Console/OutputStyle))
#31 C:/Freelance/work permit/wp-services/vendor/illuminate/database/Console/Migrations/FreshCommand.php(53): Illuminate/Console/Command->call('migrate', Array)
#32 C:/Freelance/work permit/wp-services/vendor/illuminate/container/BoundMethod.php(36): Illuminate/Database/Console/Migrations/FreshCommand->handle()
#33 C:/Freelance/work permit/wp-services/vendor/illuminate/container/Util.php(41): Illuminate/Container/BoundMethod::Illuminate/Container/{closure}()
#34 C:/Freelance/work permit/wp-services/vendor/illuminate/container/BoundMethod.php(93): Illuminate/Container/Util::unwrapIfClosure(Object(Closure))
#35 C:/Freelance/work permit/wp-services/vendor/illuminate/container/BoundMethod.php(35): Illuminate/Container/BoundMethod::callBoundMethod(Object(Laravel/Lumen/Application), Array, Object(Closure))
#36 C:/Freelance/work permit/wp-services/vendor/illuminate/container/Container.php(662): Illuminate/Container/BoundMethod::call(Object(Laravel/Lumen/Application), Array, Array, NULL)
#37 C:/Freelance/work permit/wp-services/vendor/illuminate/console/Command.php(211): Illuminate/Container/Container->call(Array)
#38 C:/Freelance/work permit/wp-services/vendor/symfony/console/Command/Command.php(326): Illuminate/Console/Command->execute(Object(Symfony/Component/Console/Input/ArgvInput), Object(Illuminate/Console/OutputStyle))
#39 C:/Freelance/work permit/wp-services/vendor/illuminate/console/Command.php(180): Symfony/Component/Console/Command/Command->run(Object(Symfony/Component/Console/Input/ArgvInput), Object(Illuminate/Console/OutputStyle))
#40 C:/Freelance/work permit/wp-services/vendor/symfony/console/Application.php(1083): Illuminate/Console/Command->run(Object(Symfony/Component/Console/Input/ArgvInput), Object(Symfony/Component/Console/Output/ConsoleOutput))
#41 C:/Freelance/work permit/wp-services/vendor/symfony/console/Application.php(324): Symfony/Component/Console/Application->doRunCommand(Object(Illuminate/Database/Console/Migrations/FreshCommand), Object(Symfony/Component/Console/Input/ArgvInput), Object(Symfony/Component/Console/Output/ConsoleOutput))
#42 C:/Freelance/work permit/wp-services/vendor/symfony/console/Application.php(175): Symfony/Component/Console/Application->doRun(Object(Symfony/Component/Console/Input/ArgvInput), Object(Symfony/Component/Console/Output/ConsoleOutput))
#43 C:/Freelance/work permit/wp-services/vendor/laravel/lumen-framework/src/Console/Kernel.php(160): Symfony/Component/Console/Application->run(Object(Symfony/Component/Console/Input/ArgvInput), Object(Symfony/Component/Console/Output/ConsoleOutput))
#44 C:/Freelance/work permit/wp-services/artisan(25): Laravel/Lumen/Console/Kernel->handle(Object(Symfony/Component/Console/Input/ArgvInput), Object(Symfony/Component/Console/Output/ConsoleOutput))
#45 {main}
"} 
[2026-04-05 21:30:37] local.ERROR: SQLSTATE[HY000]: General error: 3780 Referencing column 'user_id' and referenced column 'id' in foreign key constraint 'notifications_user_id_foreign' are incompatible. (Connection: mysql, SQL: alter table `notifications` add constraint `notifications_user_id_foreign` foreign key (`user_id`) references `users` (`id`) on delete set null) {"exception":"[object] (Illuminate\\Database\\QueryException(code: HY000): SQLSTATE[HY000]: General error: 3780 Referencing column 'user_id' and referenced column 'id' in foreign key constraint 'notifications_user_id_foreign' are incompatible. (Connection: mysql, SQL: alter table `notifications` add constraint `notifications_user_id_foreign` foreign key (`user_id`) references `users` (`id`) on delete set null) at C:/Freelance/work permit/wp-services/vendor/illuminate/database/Connection.php:829)
[stacktrace]
#0 C:/Freelance/work permit/wp-services/vendor/illuminate/database/Connection.php(783): Illuminate/Database/Connection->runQueryCallback('alter table `no...', Array, Object(Closure))
#1 C:/Freelance/work permit/wp-services/vendor/illuminate/database/Connection.php(576): Illuminate/Database/Connection->run('alter table `no...', Array, Object(Closure))
#2 C:/Freelance/work permit/wp-services/vendor/illuminate/database/Schema/Blueprint.php(110): Illuminate/Database/Connection->statement('alter table `no...')
#3 C:/Freelance/work permit/wp-services/vendor/illuminate/database/Schema/Builder.php(602): Illuminate/Database/Schema/Blueprint->build(Object(Illuminate/Database/MySqlConnection), Object(Illuminate/Database/Schema/Grammars/MySqlGrammar))
#4 C:/Freelance/work permit/wp-services/vendor/illuminate/database/Schema/Builder.php(456): Illuminate/Database/Schema/Builder->build(Object(Illuminate/Database/Schema/Blueprint))
#5 C:/Freelance/work permit/wp-services/vendor/illuminate/support/Facades/Facade.php(355): Illuminate/Database/Schema/Builder->create('notifications', Object(Closure))
#6 C:/Freelance/work permit/wp-services/database/migrations/2024_03_01_000004_create_extended_hse_features_tables.php(146): Illuminate/Support/Facades/Facade::__callStatic('create', Array)
#7 C:/Freelance/work permit/wp-services/vendor/illuminate/database/Migrations/Migrator.php(501): Illuminate/Database/Migrations/Migration@anonymous->up()
#8 C:/Freelance/work permit/wp-services/vendor/illuminate/database/Migrations/Migrator.php(418): Illuminate/Database/Migrations/Migrator->runMethod(Object(Illuminate/Database/MySqlConnection), Object(Illuminate/Database/Migrations/Migration@anonymous), 'up')
#9 C:/Freelance/work permit/wp-services/vendor/illuminate/database/Migrations/Migrator.php(427): Illuminate/Database/Migrations/Migrator->Illuminate/Database/Migrations/{closure}()
#10 C:/Freelance/work permit/wp-services/vendor/illuminate/database/Migrations/Migrator.php(224): Illuminate/Database/Migrations/Migrator->runMigration(Object(Illuminate/Database/Migrations/Migration@anonymous), 'up')
#11 C:/Freelance/work permit/wp-services/vendor/illuminate/console/View/Components/Task.php(37): Illuminate/Database/Migrations/Migrator->Illuminate/Database/Migrations/{closure}()
#12 C:/Freelance/work permit/wp-services/vendor/illuminate/database/Migrations/Migrator.php(783): Illuminate/Console/View/Components/Task->render('2024_03_01_0000...', Object(Closure))
#13 C:/Freelance/work permit/wp-services/vendor/illuminate/database/Migrations/Migrator.php(224): Illuminate/Database/Migrations/Migrator->write('Illuminate//Cons...', '2024_03_01_0000...', Object(Closure))
#14 C:/Freelance/work permit/wp-services/vendor/illuminate/database/Migrations/Migrator.php(189): Illuminate/Database/Migrations/Migrator->runUp('C://Freelance//wo...', 1, false)
#15 C:/Freelance/work permit/wp-services/vendor/illuminate/database/Migrations/Migrator.php(132): Illuminate/Database/Migrations/Migrator->runPending(Array, Array)
#16 C:/Freelance/work permit/wp-services/vendor/illuminate/database/Console/Migrations/MigrateCommand.php(90): Illuminate/Database/Migrations/Migrator->run(Array, Array)
#17 C:/Freelance/work permit/wp-services/vendor/illuminate/database/Migrations/Migrator.php(641): Illuminate/Database/Console/Migrations/MigrateCommand->Illuminate/Database/Console/Migrations/{closure}()
#18 C:/Freelance/work permit/wp-services/vendor/illuminate/database/Console/Migrations/MigrateCommand.php(83): Illuminate/Database/Migrations/Migrator->usingConnection(NULL, Object(Closure))
#19 C:/Freelance/work permit/wp-services/vendor/illuminate/container/BoundMethod.php(36): Illuminate/Database/Console/Migrations/MigrateCommand->handle()
#20 C:/Freelance/work permit/wp-services/vendor/illuminate/container/Util.php(41): Illuminate/Container/BoundMethod::Illuminate/Container/{closure}()
#21 C:/Freelance/work permit/wp-services/vendor/illuminate/container/BoundMethod.php(93): Illuminate/Container/Util::unwrapIfClosure(Object(Closure))
#22 C:/Freelance/work permit/wp-services/vendor/illuminate/container/BoundMethod.php(35): Illuminate/Container/BoundMethod::callBoundMethod(Object(Laravel/Lumen/Application), Array, Object(Closure))
#23 C:/Freelance/work permit/wp-services/vendor/illuminate/container/Container.php(662): Illuminate/Container/BoundMethod::call(Object(Laravel/Lumen/Application), Array, Array, NULL)
#24 C:/Freelance/work permit/wp-services/vendor/illuminate/console/Command.php(211): Illuminate/Container/Container->call(Array)
#25 C:/Freelance/work permit/wp-services/vendor/symfony/console/Command/Command.php(326): Illuminate/Console/Command->execute(Object(Symfony/Component/Console/Input/ArrayInput), Object(Illuminate/Console/OutputStyle))
#26 C:/Freelance/work permit/wp-services/vendor/illuminate/console/Command.php(180): Symfony/Component/Console/Command/Command->run(Object(Symfony/Component/Console/Input/ArrayInput), Object(Illuminate/Console/OutputStyle))
#27 C:/Freelance/work permit/wp-services/vendor/illuminate/console/Concerns/CallsCommands.php(67): Illuminate/Console/Command->run(Object(Symfony/Component/Console/Input/ArrayInput), Object(Illuminate/Console/OutputStyle))
#28 C:/Freelance/work permit/wp-services/vendor/illuminate/console/Concerns/CallsCommands.php(28): Illuminate/Console/Command->runCommand('migrate', Array, Object(Illuminate/Console/OutputStyle))
#29 C:/Freelance/work permit/wp-services/vendor/illuminate/database/Console/Migrations/FreshCommand.php(53): Illuminate/Console/Command->call('migrate', Array)
#30 C:/Freelance/work permit/wp-services/vendor/illuminate/container/BoundMethod.php(36): Illuminate/Database/Console/Migrations/FreshCommand->handle()
#31 C:/Freelance/work permit/wp-services/vendor/illuminate/container/Util.php(41): Illuminate/Container/BoundMethod::Illuminate/Container/{closure}()
#32 C:/Freelance/work permit/wp-services/vendor/illuminate/container/BoundMethod.php(93): Illuminate/Container/Util::unwrapIfClosure(Object(Closure))
#33 C:/Freelance/work permit/wp-services/vendor/illuminate/container/BoundMethod.php(35): Illuminate/Container/BoundMethod::callBoundMethod(Object(Laravel/Lumen/Application), Array, Object(Closure))
#34 C:/Freelance/work permit/wp-services/vendor/illuminate/container/Container.php(662): Illuminate/Container/BoundMethod::call(Object(Laravel/Lumen/Application), Array, Array, NULL)
#35 C:/Freelance/work permit/wp-services/vendor/illuminate/console/Command.php(211): Illuminate/Container/Container->call(Array)
#36 C:/Freelance/work permit/wp-services/vendor/symfony/console/Command/Command.php(326): Illuminate/Console/Command->execute(Object(Symfony/Component/Console/Input/ArgvInput), Object(Illuminate/Console/OutputStyle))
#37 C:/Freelance/work permit/wp-services/vendor/illuminate/console/Command.php(180): Symfony/Component/Console/Command/Command->run(Object(Symfony/Component/Console/Input/ArgvInput), Object(Illuminate/Console/OutputStyle))
#38 C:/Freelance/work permit/wp-services/vendor/symfony/console/Application.php(1083): Illuminate/Console/Command->run(Object(Symfony/Component/Console/Input/ArgvInput), Object(Symfony/Component/Console/Output/ConsoleOutput))
#39 C:/Freelance/work permit/wp-services/vendor/symfony/console/Application.php(324): Symfony/Component/Console/Application->doRunCommand(Object(Illuminate/Database/Console/Migrations/FreshCommand), Object(Symfony/Component/Console/Input/ArgvInput), Object(Symfony/Component/Console/Output/ConsoleOutput))
#40 C:/Freelance/work permit/wp-services/vendor/symfony/console/Application.php(175): Symfony/Component/Console/Application->doRun(Object(Symfony/Component/Console/Input/ArgvInput), Object(Symfony/Component/Console/Output/ConsoleOutput))
#41 C:/Freelance/work permit/wp-services/vendor/laravel/lumen-framework/src/Console/Kernel.php(160): Symfony/Component/Console/Application->run(Object(Symfony/Component/Console/Input/ArgvInput), Object(Symfony/Component/Console/Output/ConsoleOutput))
#42 C:/Freelance/work permit/wp-services/artisan(25): Laravel/Lumen/Console/Kernel->handle(Object(Symfony/Component/Console/Input/ArgvInput), Object(Symfony/Component/Console/Output/ConsoleOutput))
#43 {main}

[previous exception] [object] (PDOException(code: HY000): SQLSTATE[HY000]: General error: 3780 Referencing column 'user_id' and referenced column 'id' in foreign key constraint 'notifications_user_id_foreign' are incompatible. at C:/Freelance/work permit/wp-services/vendor/illuminate/database/Connection.php:587)
[stacktrace]
#0 C:/Freelance/work permit/wp-services/vendor/illuminate/database/Connection.php(587): PDOStatement->execute()
#1 C:/Freelance/work permit/wp-services/vendor/illuminate/database/Connection.php(816): Illuminate/Database/Connection->Illuminate/Database/{closure}('alter table `no...', Array)
#2 C:/Freelance/work permit/wp-services/vendor/illuminate/database/Connection.php(783): Illuminate/Database/Connection->runQueryCallback('alter table `no...', Array, Object(Closure))
#3 C:/Freelance/work permit/wp-services/vendor/illuminate/database/Connection.php(576): Illuminate/Database/Connection->run('alter table `no...', Array, Object(Closure))
#4 C:/Freelance/work permit/wp-services/vendor/illuminate/database/Schema/Blueprint.php(110): Illuminate/Database/Connection->statement('alter table `no...')
#5 C:/Freelance/work permit/wp-services/vendor/illuminate/database/Schema/Builder.php(602): Illuminate/Database/Schema/Blueprint->build(Object(Illuminate/Database/MySqlConnection), Object(Illuminate/Database/Schema/Grammars/MySqlGrammar))
#6 C:/Freelance/work permit/wp-services/vendor/illuminate/database/Schema/Builder.php(456): Illuminate/Database/Schema/Builder->build(Object(Illuminate/Database/Schema/Blueprint))
#7 C:/Freelance/work permit/wp-services/vendor/illuminate/support/Facades/Facade.php(355): Illuminate/Database/Schema/Builder->create('notifications', Object(Closure))
#8 C:/Freelance/work permit/wp-services/database/migrations/2024_03_01_000004_create_extended_hse_features_tables.php(146): Illuminate/Support/Facades/Facade::__callStatic('create', Array)
#9 C:/Freelance/work permit/wp-services/vendor/illuminate/database/Migrations/Migrator.php(501): Illuminate/Database/Migrations/Migration@anonymous->up()
#10 C:/Freelance/work permit/wp-services/vendor/illuminate/database/Migrations/Migrator.php(418): Illuminate/Database/Migrations/Migrator->runMethod(Object(Illuminate/Database/MySqlConnection), Object(Illuminate/Database/Migrations/Migration@anonymous), 'up')
#11 C:/Freelance/work permit/wp-services/vendor/illuminate/database/Migrations/Migrator.php(427): Illuminate/Database/Migrations/Migrator->Illuminate/Database/Migrations/{closure}()
#12 C:/Freelance/work permit/wp-services/vendor/illuminate/database/Migrations/Migrator.php(224): Illuminate/Database/Migrations/Migrator->runMigration(Object(Illuminate/Database/Migrations/Migration@anonymous), 'up')
#13 C:/Freelance/work permit/wp-services/vendor/illuminate/console/View/Components/Task.php(37): Illuminate/Database/Migrations/Migrator->Illuminate/Database/Migrations/{closure}()
#14 C:/Freelance/work permit/wp-services/vendor/illuminate/database/Migrations/Migrator.php(783): Illuminate/Console/View/Components/Task->render('2024_03_01_0000...', Object(Closure))
#15 C:/Freelance/work permit/wp-services/vendor/illuminate/database/Migrations/Migrator.php(224): Illuminate/Database/Migrations/Migrator->write('Illuminate//Cons...', '2024_03_01_0000...', Object(Closure))
#16 C:/Freelance/work permit/wp-services/vendor/illuminate/database/Migrations/Migrator.php(189): Illuminate/Database/Migrations/Migrator->runUp('C://Freelance//wo...', 1, false)
#17 C:/Freelance/work permit/wp-services/vendor/illuminate/database/Migrations/Migrator.php(132): Illuminate/Database/Migrations/Migrator->runPending(Array, Array)
#18 C:/Freelance/work permit/wp-services/vendor/illuminate/database/Console/Migrations/MigrateCommand.php(90): Illuminate/Database/Migrations/Migrator->run(Array, Array)
#19 C:/Freelance/work permit/wp-services/vendor/illuminate/database/Migrations/Migrator.php(641): Illuminate/Database/Console/Migrations/MigrateCommand->Illuminate/Database/Console/Migrations/{closure}()
#20 C:/Freelance/work permit/wp-services/vendor/illuminate/database/Console/Migrations/MigrateCommand.php(83): Illuminate/Database/Migrations/Migrator->usingConnection(NULL, Object(Closure))
#21 C:/Freelance/work permit/wp-services/vendor/illuminate/container/BoundMethod.php(36): Illuminate/Database/Console/Migrations/MigrateCommand->handle()
#22 C:/Freelance/work permit/wp-services/vendor/illuminate/container/Util.php(41): Illuminate/Container/BoundMethod::Illuminate/Container/{closure}()
#23 C:/Freelance/work permit/wp-services/vendor/illuminate/container/BoundMethod.php(93): Illuminate/Container/Util::unwrapIfClosure(Object(Closure))
#24 C:/Freelance/work permit/wp-services/vendor/illuminate/container/BoundMethod.php(35): Illuminate/Container/BoundMethod::callBoundMethod(Object(Laravel/Lumen/Application), Array, Object(Closure))
#25 C:/Freelance/work permit/wp-services/vendor/illuminate/container/Container.php(662): Illuminate/Container/BoundMethod::call(Object(Laravel/Lumen/Application), Array, Array, NULL)
#26 C:/Freelance/work permit/wp-services/vendor/illuminate/console/Command.php(211): Illuminate/Container/Container->call(Array)
#27 C:/Freelance/work permit/wp-services/vendor/symfony/console/Command/Command.php(326): Illuminate/Console/Command->execute(Object(Symfony/Component/Console/Input/ArrayInput), Object(Illuminate/Console/OutputStyle))
#28 C:/Freelance/work permit/wp-services/vendor/illuminate/console/Command.php(180): Symfony/Component/Console/Command/Command->run(Object(Symfony/Component/Console/Input/ArrayInput), Object(Illuminate/Console/OutputStyle))
#29 C:/Freelance/work permit/wp-services/vendor/illuminate/console/Concerns/CallsCommands.php(67): Illuminate/Console/Command->run(Object(Symfony/Component/Console/Input/ArrayInput), Object(Illuminate/Console/OutputStyle))
#30 C:/Freelance/work permit/wp-services/vendor/illuminate/console/Concerns/CallsCommands.php(28): Illuminate/Console/Command->runCommand('migrate', Array, Object(Illuminate/Console/OutputStyle))
#31 C:/Freelance/work permit/wp-services/vendor/illuminate/database/Console/Migrations/FreshCommand.php(53): Illuminate/Console/Command->call('migrate', Array)
#32 C:/Freelance/work permit/wp-services/vendor/illuminate/container/BoundMethod.php(36): Illuminate/Database/Console/Migrations/FreshCommand->handle()
#33 C:/Freelance/work permit/wp-services/vendor/illuminate/container/Util.php(41): Illuminate/Container/BoundMethod::Illuminate/Container/{closure}()
#34 C:/Freelance/work permit/wp-services/vendor/illuminate/container/BoundMethod.php(93): Illuminate/Container/Util::unwrapIfClosure(Object(Closure))
#35 C:/Freelance/work permit/wp-services/vendor/illuminate/container/BoundMethod.php(35): Illuminate/Container/BoundMethod::callBoundMethod(Object(Laravel/Lumen/Application), Array, Object(Closure))
#36 C:/Freelance/work permit/wp-services/vendor/illuminate/container/Container.php(662): Illuminate/Container/BoundMethod::call(Object(Laravel/Lumen/Application), Array, Array, NULL)
#37 C:/Freelance/work permit/wp-services/vendor/illuminate/console/Command.php(211): Illuminate/Container/Container->call(Array)
#38 C:/Freelance/work permit/wp-services/vendor/symfony/console/Command/Command.php(326): Illuminate/Console/Command->execute(Object(Symfony/Component/Console/Input/ArgvInput), Object(Illuminate/Console/OutputStyle))
#39 C:/Freelance/work permit/wp-services/vendor/illuminate/console/Command.php(180): Symfony/Component/Console/Command/Command->run(Object(Symfony/Component/Console/Input/ArgvInput), Object(Illuminate/Console/OutputStyle))
#40 C:/Freelance/work permit/wp-services/vendor/symfony/console/Application.php(1083): Illuminate/Console/Command->run(Object(Symfony/Component/Console/Input/ArgvInput), Object(Symfony/Component/Console/Output/ConsoleOutput))
#41 C:/Freelance/work permit/wp-services/vendor/symfony/console/Application.php(324): Symfony/Component/Console/Application->doRunCommand(Object(Illuminate/Database/Console/Migrations/FreshCommand), Object(Symfony/Component/Console/Input/ArgvInput), Object(Symfony/Component/Console/Output/ConsoleOutput))
#42 C:/Freelance/work permit/wp-services/vendor/symfony/console/Application.php(175): Symfony/Component/Console/Application->doRun(Object(Symfony/Component/Console/Input/ArgvInput), Object(Symfony/Component/Console/Output/ConsoleOutput))
#43 C:/Freelance/work permit/wp-services/vendor/laravel/lumen-framework/src/Console/Kernel.php(160): Symfony/Component/Console/Application->run(Object(Symfony/Component/Console/Input/ArgvInput), Object(Symfony/Component/Console/Output/ConsoleOutput))
#44 C:/Freelance/work permit/wp-services/artisan(25): Laravel/Lumen/Console/Kernel->handle(Object(Symfony/Component/Console/Input/ArgvInput), Object(Symfony/Component/Console/Output/ConsoleOutput))
#45 {main}
"} 
