[2026-02-13 10:07:06] local.ERROR: Command "serve" is not defined. {"exception":"[object] (Symfony\\Component\\Console\\Exception\\CommandNotFoundException(code: 0): Command \"serve\" is not defined. at C:/Freelance/EKRAF/ekraf-backend/vendor/symfony/console/Application.php:745)
[stacktrace]
#0 C:/Freelance/EKRAF/ekraf-backend/vendor/symfony/console/Application.php(266): Symfony/Component/Console/Application->find('serve')
#1 C:/Freelance/EKRAF/ekraf-backend/vendor/symfony/console/Application.php(175): Symfony/Component/Console/Application->doRun(Object(Symfony/Component/Console/Input/ArgvInput), Object(Symfony/Component/Console/Output/ConsoleOutput))
#2 C:/Freelance/EKRAF/ekraf-backend/vendor/laravel/lumen-framework/src/Console/Kernel.php(160): Symfony/Component/Console/Application->run(Object(Symfony/Component/Console/Input/ArgvInput), Object(Symfony/Component/Console/Output/ConsoleOutput))
#3 C:/Freelance/EKRAF/ekraf-backend/artisan(25): Laravel/Lumen/Console/Kernel->handle(Object(Symfony/Component/Console/Input/ArgvInput), Object(Symfony/Component/Console/Output/ConsoleOutput))
#4 {main}
"} 
[2026-02-13 10:30:55] local.ERROR: Command "serve" is not defined. {"exception":"[object] (Symfony\\Component\\Console\\Exception\\CommandNotFoundException(code: 0): Command \"serve\" is not defined. at C:/Freelance/EKRAF/ekraf-backend/vendor/symfony/console/Application.php:745)
[stacktrace]
#0 C:/Freelance/EKRAF/ekraf-backend/vendor/symfony/console/Application.php(266): Symfony/Component/Console/Application->find('serve')
#1 C:/Freelance/EKRAF/ekraf-backend/vendor/symfony/console/Application.php(175): Symfony/Component/Console/Application->doRun(Object(Symfony/Component/Console/Input/ArgvInput), Object(Symfony/Component/Console/Output/ConsoleOutput))
#2 C:/Freelance/EKRAF/ekraf-backend/vendor/laravel/lumen-framework/src/Console/Kernel.php(160): Symfony/Component/Console/Application->run(Object(Symfony/Component/Console/Input/ArgvInput), Object(Symfony/Component/Console/Output/ConsoleOutput))
#3 C:/Freelance/EKRAF/ekraf-backend/artisan(25): Laravel/Lumen/Console/Kernel->handle(Object(Symfony/Component/Console/Input/ArgvInput), Object(Symfony/Component/Console/Output/ConsoleOutput))
#4 {main}
"} 
[2026-02-13 10:32:10] local.ERROR: SQLSTATE[42S02]: Base table or view not found: 1146 Table 'ekraf_db.fasilitas' doesn't exist (Connection: mysql, SQL: select count(*) as aggregate from `fasilitas` where `is_active` = 1 and `fasilitas`.`deleted_at` is null) {"exception":"[object] (Illuminate\\Database\\QueryException(code: 42S02): SQLSTATE[42S02]: Base table or view not found: 1146 Table 'ekraf_db.fasilitas' doesn't exist (Connection: mysql, SQL: select count(*) as aggregate from `fasilitas` where `is_active` = 1 and `fasilitas`.`deleted_at` is null) at C:/Freelance/EKRAF/ekraf-backend/vendor/illuminate/database/Connection.php:829)
[stacktrace]
#0 C:/Freelance/EKRAF/ekraf-backend/vendor/illuminate/database/Connection.php(783): Illuminate/Database/Connection->runQueryCallback('select count(*)...', Array, Object(Closure))
#1 C:/Freelance/EKRAF/ekraf-backend/vendor/illuminate/database/Connection.php(414): Illuminate/Database/Connection->run('select count(*)...', Array, Object(Closure))
#2 C:/Freelance/EKRAF/ekraf-backend/vendor/illuminate/database/Query/Builder.php(2913): Illuminate/Database/Connection->select('select count(*)...', Array, true)
#3 C:/Freelance/EKRAF/ekraf-backend/vendor/illuminate/database/Query/Builder.php(2902): Illuminate/Database/Query/Builder->runSelect()
#4 C:/Freelance/EKRAF/ekraf-backend/vendor/illuminate/database/Query/Builder.php(3456): Illuminate/Database/Query/Builder->Illuminate/Database/Query/{closure}()
#5 C:/Freelance/EKRAF/ekraf-backend/vendor/illuminate/database/Query/Builder.php(2901): Illuminate/Database/Query/Builder->onceWithColumns(Array, Object(Closure))
#6 C:/Freelance/EKRAF/ekraf-backend/vendor/illuminate/database/Query/Builder.php(3066): Illuminate/Database/Query/Builder->get()
#7 C:/Freelance/EKRAF/ekraf-backend/vendor/illuminate/database/Query/Builder.php(3025): Illuminate/Database/Query/Builder->runPaginationCountQuery(Array)
#8 C:/Freelance/EKRAF/ekraf-backend/vendor/illuminate/database/Eloquent/Builder.php(923): Illuminate/Database/Query/Builder->getCountForPagination()
#9 C:/Freelance/EKRAF/ekraf-backend/app/Http/Controllers/FasilitasController.php(33): Illuminate/Database/Eloquent/Builder->paginate(12)
#10 C:/Freelance/EKRAF/ekraf-backend/vendor/illuminate/container/BoundMethod.php(36): App/Http/Controllers/FasilitasController->index(Object(Laravel/Lumen/Http/Request))
#11 C:/Freelance/EKRAF/ekraf-backend/vendor/illuminate/container/Util.php(41): Illuminate/Container/BoundMethod::Illuminate/Container/{closure}()
#12 C:/Freelance/EKRAF/ekraf-backend/vendor/illuminate/container/BoundMethod.php(93): Illuminate/Container/Util::unwrapIfClosure(Object(Closure))
#13 C:/Freelance/EKRAF/ekraf-backend/vendor/illuminate/container/BoundMethod.php(35): Illuminate/Container/BoundMethod::callBoundMethod(Object(Laravel/Lumen/Application), Array, Object(Closure))
#14 C:/Freelance/EKRAF/ekraf-backend/vendor/illuminate/container/Container.php(662): Illuminate/Container/BoundMethod::call(Object(Laravel/Lumen/Application), Array, Array, NULL)
#15 C:/Freelance/EKRAF/ekraf-backend/vendor/laravel/lumen-framework/src/Concerns/RoutesRequests.php(391): Illuminate/Container/Container->call(Array, Array)
#16 C:/Freelance/EKRAF/ekraf-backend/vendor/laravel/lumen-framework/src/Concerns/RoutesRequests.php(356): Laravel/Lumen/Application->callControllerCallable(Array, Array)
#17 C:/Freelance/EKRAF/ekraf-backend/vendor/laravel/lumen-framework/src/Concerns/RoutesRequests.php(331): Laravel/Lumen/Application->callLumenController(Object(App/Http/Controllers/FasilitasController), 'index', Array)
#18 C:/Freelance/EKRAF/ekraf-backend/vendor/laravel/lumen-framework/src/Concerns/RoutesRequests.php(284): Laravel/Lumen/Application->callControllerAction(Array)
#19 C:/Freelance/EKRAF/ekraf-backend/vendor/laravel/lumen-framework/src/Concerns/RoutesRequests.php(269): Laravel/Lumen/Application->callActionOnArrayBasedRoute(Array)
#20 C:/Freelance/EKRAF/ekraf-backend/vendor/laravel/lumen-framework/src/Concerns/RoutesRequests.php(171): Laravel/Lumen/Application->handleFoundRoute(Array)
#21 C:/Freelance/EKRAF/ekraf-backend/vendor/laravel/lumen-framework/src/Routing/Pipeline.php(48): Laravel/Lumen/Application->Laravel/Lumen/Concerns/{closure}(Object(Laravel/Lumen/Http/Request))
#22 C:/Freelance/EKRAF/ekraf-backend/app/Http/Middleware/CorsMiddleware.php(30): Laravel/Lumen/Routing/Pipeline->Laravel/Lumen/Routing/{closure}(Object(Laravel/Lumen/Http/Request))
#23 C:/Freelance/EKRAF/ekraf-backend/vendor/illuminate/pipeline/Pipeline.php(183): App/Http/Middleware/CorsMiddleware->handle(Object(Laravel/Lumen/Http/Request), Object(Closure))
#24 C:/Freelance/EKRAF/ekraf-backend/vendor/laravel/lumen-framework/src/Routing/Pipeline.php(30): Illuminate/Pipeline/Pipeline->Illuminate/Pipeline/{closure}(Object(Laravel/Lumen/Http/Request))
#25 C:/Freelance/EKRAF/ekraf-backend/vendor/illuminate/pipeline/Pipeline.php(119): Laravel/Lumen/Routing/Pipeline->Laravel/Lumen/Routing/{closure}(Object(Laravel/Lumen/Http/Request))
#26 C:/Freelance/EKRAF/ekraf-backend/vendor/laravel/lumen-framework/src/Concerns/RoutesRequests.php(428): Illuminate/Pipeline/Pipeline->then(Object(Closure))
#27 C:/Freelance/EKRAF/ekraf-backend/vendor/laravel/lumen-framework/src/Concerns/RoutesRequests.php(167): Laravel/Lumen/Application->sendThroughPipeline(Array, Object(Closure))
#28 C:/Freelance/EKRAF/ekraf-backend/vendor/laravel/lumen-framework/src/Concerns/RoutesRequests.php(112): Laravel/Lumen/Application->dispatch(NULL)
#29 C:/Freelance/EKRAF/ekraf-backend/public/index.php(17): Laravel/Lumen/Application->run()
#30 {main}

[previous exception] [object] (PDOException(code: 42S02): SQLSTATE[42S02]: Base table or view not found: 1146 Table 'ekraf_db.fasilitas' doesn't exist at C:/Freelance/EKRAF/ekraf-backend/vendor/illuminate/database/Connection.php:423)
[stacktrace]
#0 C:/Freelance/EKRAF/ekraf-backend/vendor/illuminate/database/Connection.php(423): PDO->prepare('select count(*)...')
#1 C:/Freelance/EKRAF/ekraf-backend/vendor/illuminate/database/Connection.php(816): Illuminate/Database/Connection->Illuminate/Database/{closure}('select count(*)...', Array)
#2 C:/Freelance/EKRAF/ekraf-backend/vendor/illuminate/database/Connection.php(783): Illuminate/Database/Connection->runQueryCallback('select count(*)...', Array, Object(Closure))
#3 C:/Freelance/EKRAF/ekraf-backend/vendor/illuminate/database/Connection.php(414): Illuminate/Database/Connection->run('select count(*)...', Array, Object(Closure))
#4 C:/Freelance/EKRAF/ekraf-backend/vendor/illuminate/database/Query/Builder.php(2913): Illuminate/Database/Connection->select('select count(*)...', Array, true)
#5 C:/Freelance/EKRAF/ekraf-backend/vendor/illuminate/database/Query/Builder.php(2902): Illuminate/Database/Query/Builder->runSelect()
#6 C:/Freelance/EKRAF/ekraf-backend/vendor/illuminate/database/Query/Builder.php(3456): Illuminate/Database/Query/Builder->Illuminate/Database/Query/{closure}()
#7 C:/Freelance/EKRAF/ekraf-backend/vendor/illuminate/database/Query/Builder.php(2901): Illuminate/Database/Query/Builder->onceWithColumns(Array, Object(Closure))
#8 C:/Freelance/EKRAF/ekraf-backend/vendor/illuminate/database/Query/Builder.php(3066): Illuminate/Database/Query/Builder->get()
#9 C:/Freelance/EKRAF/ekraf-backend/vendor/illuminate/database/Query/Builder.php(3025): Illuminate/Database/Query/Builder->runPaginationCountQuery(Array)
#10 C:/Freelance/EKRAF/ekraf-backend/vendor/illuminate/database/Eloquent/Builder.php(923): Illuminate/Database/Query/Builder->getCountForPagination()
#11 C:/Freelance/EKRAF/ekraf-backend/app/Http/Controllers/FasilitasController.php(33): Illuminate/Database/Eloquent/Builder->paginate(12)
#12 C:/Freelance/EKRAF/ekraf-backend/vendor/illuminate/container/BoundMethod.php(36): App/Http/Controllers/FasilitasController->index(Object(Laravel/Lumen/Http/Request))
#13 C:/Freelance/EKRAF/ekraf-backend/vendor/illuminate/container/Util.php(41): Illuminate/Container/BoundMethod::Illuminate/Container/{closure}()
#14 C:/Freelance/EKRAF/ekraf-backend/vendor/illuminate/container/BoundMethod.php(93): Illuminate/Container/Util::unwrapIfClosure(Object(Closure))
#15 C:/Freelance/EKRAF/ekraf-backend/vendor/illuminate/container/BoundMethod.php(35): Illuminate/Container/BoundMethod::callBoundMethod(Object(Laravel/Lumen/Application), Array, Object(Closure))
#16 C:/Freelance/EKRAF/ekraf-backend/vendor/illuminate/container/Container.php(662): Illuminate/Container/BoundMethod::call(Object(Laravel/Lumen/Application), Array, Array, NULL)
#17 C:/Freelance/EKRAF/ekraf-backend/vendor/laravel/lumen-framework/src/Concerns/RoutesRequests.php(391): Illuminate/Container/Container->call(Array, Array)
#18 C:/Freelance/EKRAF/ekraf-backend/vendor/laravel/lumen-framework/src/Concerns/RoutesRequests.php(356): Laravel/Lumen/Application->callControllerCallable(Array, Array)
#19 C:/Freelance/EKRAF/ekraf-backend/vendor/laravel/lumen-framework/src/Concerns/RoutesRequests.php(331): Laravel/Lumen/Application->callLumenController(Object(App/Http/Controllers/FasilitasController), 'index', Array)
#20 C:/Freelance/EKRAF/ekraf-backend/vendor/laravel/lumen-framework/src/Concerns/RoutesRequests.php(284): Laravel/Lumen/Application->callControllerAction(Array)
#21 C:/Freelance/EKRAF/ekraf-backend/vendor/laravel/lumen-framework/src/Concerns/RoutesRequests.php(269): Laravel/Lumen/Application->callActionOnArrayBasedRoute(Array)
#22 C:/Freelance/EKRAF/ekraf-backend/vendor/laravel/lumen-framework/src/Concerns/RoutesRequests.php(171): Laravel/Lumen/Application->handleFoundRoute(Array)
#23 C:/Freelance/EKRAF/ekraf-backend/vendor/laravel/lumen-framework/src/Routing/Pipeline.php(48): Laravel/Lumen/Application->Laravel/Lumen/Concerns/{closure}(Object(Laravel/Lumen/Http/Request))
#24 C:/Freelance/EKRAF/ekraf-backend/app/Http/Middleware/CorsMiddleware.php(30): Laravel/Lumen/Routing/Pipeline->Laravel/Lumen/Routing/{closure}(Object(Laravel/Lumen/Http/Request))
#25 C:/Freelance/EKRAF/ekraf-backend/vendor/illuminate/pipeline/Pipeline.php(183): App/Http/Middleware/CorsMiddleware->handle(Object(Laravel/Lumen/Http/Request), Object(Closure))
#26 C:/Freelance/EKRAF/ekraf-backend/vendor/laravel/lumen-framework/src/Routing/Pipeline.php(30): Illuminate/Pipeline/Pipeline->Illuminate/Pipeline/{closure}(Object(Laravel/Lumen/Http/Request))
#27 C:/Freelance/EKRAF/ekraf-backend/vendor/illuminate/pipeline/Pipeline.php(119): Laravel/Lumen/Routing/Pipeline->Laravel/Lumen/Routing/{closure}(Object(Laravel/Lumen/Http/Request))
#28 C:/Freelance/EKRAF/ekraf-backend/vendor/laravel/lumen-framework/src/Concerns/RoutesRequests.php(428): Illuminate/Pipeline/Pipeline->then(Object(Closure))
#29 C:/Freelance/EKRAF/ekraf-backend/vendor/laravel/lumen-framework/src/Concerns/RoutesRequests.php(167): Laravel/Lumen/Application->sendThroughPipeline(Array, Object(Closure))
#30 C:/Freelance/EKRAF/ekraf-backend/vendor/laravel/lumen-framework/src/Concerns/RoutesRequests.php(112): Laravel/Lumen/Application->dispatch(NULL)
#31 C:/Freelance/EKRAF/ekraf-backend/public/index.php(17): Laravel/Lumen/Application->run()
#32 {main}
"} 
[2026-02-13 10:32:10] local.ERROR: Recursion detected {"exception":"[object] (InvalidArgumentException(code: 0): Recursion detected at C:/Freelance/EKRAF/ekraf-backend/vendor/illuminate/http/JsonResponse.php:88)
[stacktrace]
#0 C:/Freelance/EKRAF/ekraf-backend/vendor/symfony/http-foundation/JsonResponse.php(49): Illuminate/Http/JsonResponse->setData(Array)
#1 C:/Freelance/EKRAF/ekraf-backend/vendor/illuminate/http/JsonResponse.php(32): Symfony/Component/HttpFoundation/JsonResponse->__construct(Array, 500, Array, false)
#2 C:/Freelance/EKRAF/ekraf-backend/vendor/laravel/lumen-framework/src/Http/ResponseFactory.php(40): Illuminate/Http/JsonResponse->__construct(Array, 500, Array, 0)
#3 C:/Freelance/EKRAF/ekraf-backend/app/Exceptions/Handler.php(107): Laravel/Lumen/Http/ResponseFactory->json(Array, 500)
#4 C:/Freelance/EKRAF/ekraf-backend/vendor/laravel/lumen-framework/src/Routing/Pipeline.php(72): App/Exceptions/Handler->render(Object(Laravel/Lumen/Http/Request), Object(Illuminate/Database/QueryException))
#5 C:/Freelance/EKRAF/ekraf-backend/vendor/laravel/lumen-framework/src/Routing/Pipeline.php(50): Laravel/Lumen/Routing/Pipeline->handleException(Object(Laravel/Lumen/Http/Request), Object(Illuminate/Database/QueryException))
#6 C:/Freelance/EKRAF/ekraf-backend/app/Http/Middleware/CorsMiddleware.php(30): Laravel/Lumen/Routing/Pipeline->Laravel/Lumen/Routing/{closure}(Object(Laravel/Lumen/Http/Request))
#7 C:/Freelance/EKRAF/ekraf-backend/vendor/illuminate/pipeline/Pipeline.php(183): App/Http/Middleware/CorsMiddleware->handle(Object(Laravel/Lumen/Http/Request), Object(Closure))
#8 C:/Freelance/EKRAF/ekraf-backend/vendor/laravel/lumen-framework/src/Routing/Pipeline.php(30): Illuminate/Pipeline/Pipeline->Illuminate/Pipeline/{closure}(Object(Laravel/Lumen/Http/Request))
#9 C:/Freelance/EKRAF/ekraf-backend/vendor/illuminate/pipeline/Pipeline.php(119): Laravel/Lumen/Routing/Pipeline->Laravel/Lumen/Routing/{closure}(Object(Laravel/Lumen/Http/Request))
#10 C:/Freelance/EKRAF/ekraf-backend/vendor/laravel/lumen-framework/src/Concerns/RoutesRequests.php(428): Illuminate/Pipeline/Pipeline->then(Object(Closure))
#11 C:/Freelance/EKRAF/ekraf-backend/vendor/laravel/lumen-framework/src/Concerns/RoutesRequests.php(167): Laravel/Lumen/Application->sendThroughPipeline(Array, Object(Closure))
#12 C:/Freelance/EKRAF/ekraf-backend/vendor/laravel/lumen-framework/src/Concerns/RoutesRequests.php(112): Laravel/Lumen/Application->dispatch(NULL)
#13 C:/Freelance/EKRAF/ekraf-backend/public/index.php(17): Laravel/Lumen/Application->run()
#14 {main}
"} 
[2026-02-13 10:32:10] local.ERROR: Recursion detected {"exception":"[object] (InvalidArgumentException(code: 0): Recursion detected at C:/Freelance/EKRAF/ekraf-backend/vendor/illuminate/http/JsonResponse.php:88)
[stacktrace]
#0 C:/Freelance/EKRAF/ekraf-backend/vendor/symfony/http-foundation/JsonResponse.php(49): Illuminate/Http/JsonResponse->setData(Array)
#1 C:/Freelance/EKRAF/ekraf-backend/vendor/illuminate/http/JsonResponse.php(32): Symfony/Component/HttpFoundation/JsonResponse->__construct(Array, 500, Array, false)
#2 C:/Freelance/EKRAF/ekraf-backend/vendor/laravel/lumen-framework/src/Http/ResponseFactory.php(40): Illuminate/Http/JsonResponse->__construct(Array, 500, Array, 0)
#3 C:/Freelance/EKRAF/ekraf-backend/app/Exceptions/Handler.php(107): Laravel/Lumen/Http/ResponseFactory->json(Array, 500)
#4 C:/Freelance/EKRAF/ekraf-backend/vendor/laravel/lumen-framework/src/Routing/Pipeline.php(72): App/Exceptions/Handler->render(Object(Laravel/Lumen/Http/Request), Object(InvalidArgumentException))
#5 C:/Freelance/EKRAF/ekraf-backend/vendor/illuminate/pipeline/Pipeline.php(188): Laravel/Lumen/Routing/Pipeline->handleException(Object(Laravel/Lumen/Http/Request), Object(InvalidArgumentException))
#6 C:/Freelance/EKRAF/ekraf-backend/vendor/laravel/lumen-framework/src/Routing/Pipeline.php(30): Illuminate/Pipeline/Pipeline->Illuminate/Pipeline/{closure}(Object(Laravel/Lumen/Http/Request))
#7 C:/Freelance/EKRAF/ekraf-backend/vendor/illuminate/pipeline/Pipeline.php(119): Laravel/Lumen/Routing/Pipeline->Laravel/Lumen/Routing/{closure}(Object(Laravel/Lumen/Http/Request))
#8 C:/Freelance/EKRAF/ekraf-backend/vendor/laravel/lumen-framework/src/Concerns/RoutesRequests.php(428): Illuminate/Pipeline/Pipeline->then(Object(Closure))
#9 C:/Freelance/EKRAF/ekraf-backend/vendor/laravel/lumen-framework/src/Concerns/RoutesRequests.php(167): Laravel/Lumen/Application->sendThroughPipeline(Array, Object(Closure))
#10 C:/Freelance/EKRAF/ekraf-backend/vendor/laravel/lumen-framework/src/Concerns/RoutesRequests.php(112): Laravel/Lumen/Application->dispatch(NULL)
#11 C:/Freelance/EKRAF/ekraf-backend/public/index.php(17): Laravel/Lumen/Application->run()
#12 {main}
"} 
[2026-02-13 10:32:10] local.ERROR: Recursion detected {"exception":"[object] (InvalidArgumentException(code: 0): Recursion detected at C:/Freelance/EKRAF/ekraf-backend/vendor/illuminate/http/JsonResponse.php:88)
[stacktrace]
#0 C:/Freelance/EKRAF/ekraf-backend/vendor/symfony/http-foundation/JsonResponse.php(49): Illuminate/Http/JsonResponse->setData(Array)
#1 C:/Freelance/EKRAF/ekraf-backend/vendor/illuminate/http/JsonResponse.php(32): Symfony/Component/HttpFoundation/JsonResponse->__construct(Array, 500, Array, false)
#2 C:/Freelance/EKRAF/ekraf-backend/vendor/laravel/lumen-framework/src/Http/ResponseFactory.php(40): Illuminate/Http/JsonResponse->__construct(Array, 500, Array, 0)
#3 C:/Freelance/EKRAF/ekraf-backend/app/Exceptions/Handler.php(107): Laravel/Lumen/Http/ResponseFactory->json(Array, 500)
#4 C:/Freelance/EKRAF/ekraf-backend/vendor/laravel/lumen-framework/src/Routing/Pipeline.php(72): App/Exceptions/Handler->render(Object(Laravel/Lumen/Http/Request), Object(InvalidArgumentException))
#5 C:/Freelance/EKRAF/ekraf-backend/vendor/laravel/lumen-framework/src/Routing/Pipeline.php(32): Laravel/Lumen/Routing/Pipeline->handleException(Object(Laravel/Lumen/Http/Request), Object(InvalidArgumentException))
#6 C:/Freelance/EKRAF/ekraf-backend/vendor/illuminate/pipeline/Pipeline.php(119): Laravel/Lumen/Routing/Pipeline->Laravel/Lumen/Routing/{closure}(Object(Laravel/Lumen/Http/Request))
#7 C:/Freelance/EKRAF/ekraf-backend/vendor/laravel/lumen-framework/src/Concerns/RoutesRequests.php(428): Illuminate/Pipeline/Pipeline->then(Object(Closure))
#8 C:/Freelance/EKRAF/ekraf-backend/vendor/laravel/lumen-framework/src/Concerns/RoutesRequests.php(167): Laravel/Lumen/Application->sendThroughPipeline(Array, Object(Closure))
#9 C:/Freelance/EKRAF/ekraf-backend/vendor/laravel/lumen-framework/src/Concerns/RoutesRequests.php(112): Laravel/Lumen/Application->dispatch(NULL)
#10 C:/Freelance/EKRAF/ekraf-backend/public/index.php(17): Laravel/Lumen/Application->run()
#11 {main}
"} 
[2026-02-13 10:32:10] local.ERROR: Recursion detected {"exception":"[object] (InvalidArgumentException(code: 0): Recursion detected at C:/Freelance/EKRAF/ekraf-backend/vendor/illuminate/http/JsonResponse.php:88)
[stacktrace]
#0 C:/Freelance/EKRAF/ekraf-backend/vendor/symfony/http-foundation/JsonResponse.php(49): Illuminate/Http/JsonResponse->setData(Array)
#1 C:/Freelance/EKRAF/ekraf-backend/vendor/illuminate/http/JsonResponse.php(32): Symfony/Component/HttpFoundation/JsonResponse->__construct(Array, 500, Array, false)
#2 C:/Freelance/EKRAF/ekraf-backend/vendor/laravel/lumen-framework/src/Http/ResponseFactory.php(40): Illuminate/Http/JsonResponse->__construct(Array, 500, Array, 0)
#3 C:/Freelance/EKRAF/ekraf-backend/app/Exceptions/Handler.php(107): Laravel/Lumen/Http/ResponseFactory->json(Array, 500)
#4 C:/Freelance/EKRAF/ekraf-backend/vendor/laravel/lumen-framework/src/Concerns/RegistersExceptionHandlers.php(187): App/Exceptions/Handler->render(Object(Laravel/Lumen/Http/Request), Object(InvalidArgumentException))
#5 C:/Freelance/EKRAF/ekraf-backend/vendor/laravel/lumen-framework/src/Concerns/RoutesRequests.php(179): Laravel/Lumen/Application->sendExceptionToHandler(Object(InvalidArgumentException))
#6 C:/Freelance/EKRAF/ekraf-backend/vendor/laravel/lumen-framework/src/Concerns/RoutesRequests.php(112): Laravel/Lumen/Application->dispatch(NULL)
#7 C:/Freelance/EKRAF/ekraf-backend/public/index.php(17): Laravel/Lumen/Application->run()
#8 {main}
"} 
[2026-02-13 10:32:10] local.ERROR: Uncaught InvalidArgumentException: Recursion detected in C:\Freelance\EKRAF\ekraf-backend\vendor\illuminate\http\JsonResponse.php:88
Stack trace:
#0 C:\Freelance\EKRAF\ekraf-backend\vendor\symfony\http-foundation\JsonResponse.php(49): Illuminate\Http\JsonResponse->setData(Array)
#1 C:\Freelance\EKRAF\ekraf-backend\vendor\illuminate\http\JsonResponse.php(32): Symfony\Component\HttpFoundation\JsonResponse->__construct(Array, 500, Array, false)
#2 C:\Freelance\EKRAF\ekraf-backend\vendor\laravel\lumen-framework\src\Http\ResponseFactory.php(40): Illuminate\Http\JsonResponse->__construct(Array, 500, Array, 0)
#3 C:\Freelance\EKRAF\ekraf-backend\app\Exceptions\Handler.php(107): Laravel\Lumen\Http\ResponseFactory->json(Array, 500)
#4 C:\Freelance\EKRAF\ekraf-backend\vendor\laravel\lumen-framework\src\Concerns\RegistersExceptionHandlers.php(205): App\Exceptions\Handler->render(Object(Laravel\Lumen\Http\Request), Object(InvalidArgumentException))
#5 C:\Freelance\EKRAF\ekraf-backend\vendor\laravel\lumen-framework\src\Concerns\RegistersExceptionHandlers.php(51): Laravel\Lumen\Application->handleException(Object(InvalidArgumentException))
#6 [internal function]: Laravel\Lumen\Application->Laravel\Lumen\Concerns\{closure}(Object(InvalidArgumentException))
#7 {main}
  thrown {"exception":"[object] (Symfony\\Component\\ErrorHandler\\Error\\FatalError(code: 0): Uncaught InvalidArgumentException: Recursion detected in C:\\Freelance\\EKRAF\\ekraf-backend\\vendor\\illuminate\\http\\JsonResponse.php:88
Stack trace:
#0 C:\\Freelance\\EKRAF\\ekraf-backend\\vendor\\symfony\\http-foundation\\JsonResponse.php(49): Illuminate\\Http\\JsonResponse->setData(Array)
#1 C:\\Freelance\\EKRAF\\ekraf-backend\\vendor\\illuminate\\http\\JsonResponse.php(32): Symfony\\Component\\HttpFoundation\\JsonResponse->__construct(Array, 500, Array, false)
#2 C:\\Freelance\\EKRAF\\ekraf-backend\\vendor\\laravel\\lumen-framework\\src\\Http\\ResponseFactory.php(40): Illuminate\\Http\\JsonResponse->__construct(Array, 500, Array, 0)
#3 C:\\Freelance\\EKRAF\\ekraf-backend\\app\\Exceptions\\Handler.php(107): Laravel\\Lumen\\Http\\ResponseFactory->json(Array, 500)
#4 C:\\Freelance\\EKRAF\\ekraf-backend\\vendor\\laravel\\lumen-framework\\src\\Concerns\\RegistersExceptionHandlers.php(205): App\\Exceptions\\Handler->render(Object(Laravel\\Lumen\\Http\\Request), Object(InvalidArgumentException))
#5 C:\\Freelance\\EKRAF\\ekraf-backend\\vendor\\laravel\\lumen-framework\\src\\Concerns\\RegistersExceptionHandlers.php(51): Laravel\\Lumen\\Application->handleException(Object(InvalidArgumentException))
#6 [internal function]: Laravel\\Lumen\\Application->Laravel\\Lumen\\Concerns\\{closure}(Object(InvalidArgumentException))
#7 {main}
  thrown at C:/Freelance/EKRAF/ekraf-backend/vendor/illuminate/http/JsonResponse.php:88)
[stacktrace]
#0 {main}
"} 
[2026-02-13 10:32:17] local.ERROR: SQLSTATE[42S02]: Base table or view not found: 1146 Table 'ekraf_db.fasilitas' doesn't exist (Connection: mysql, SQL: select count(*) as aggregate from `fasilitas` where `is_active` = 1 and `fasilitas`.`deleted_at` is null) {"exception":"[object] (Illuminate\\Database\\QueryException(code: 42S02): SQLSTATE[42S02]: Base table or view not found: 1146 Table 'ekraf_db.fasilitas' doesn't exist (Connection: mysql, SQL: select count(*) as aggregate from `fasilitas` where `is_active` = 1 and `fasilitas`.`deleted_at` is null) at C:/Freelance/EKRAF/ekraf-backend/vendor/illuminate/database/Connection.php:829)
[stacktrace]
#0 C:/Freelance/EKRAF/ekraf-backend/vendor/illuminate/database/Connection.php(783): Illuminate/Database/Connection->runQueryCallback('select count(*)...', Array, Object(Closure))
#1 C:/Freelance/EKRAF/ekraf-backend/vendor/illuminate/database/Connection.php(414): Illuminate/Database/Connection->run('select count(*)...', Array, Object(Closure))
#2 C:/Freelance/EKRAF/ekraf-backend/vendor/illuminate/database/Query/Builder.php(2913): Illuminate/Database/Connection->select('select count(*)...', Array, true)
#3 C:/Freelance/EKRAF/ekraf-backend/vendor/illuminate/database/Query/Builder.php(2902): Illuminate/Database/Query/Builder->runSelect()
#4 C:/Freelance/EKRAF/ekraf-backend/vendor/illuminate/database/Query/Builder.php(3456): Illuminate/Database/Query/Builder->Illuminate/Database/Query/{closure}()
#5 C:/Freelance/EKRAF/ekraf-backend/vendor/illuminate/database/Query/Builder.php(2901): Illuminate/Database/Query/Builder->onceWithColumns(Array, Object(Closure))
#6 C:/Freelance/EKRAF/ekraf-backend/vendor/illuminate/database/Query/Builder.php(3066): Illuminate/Database/Query/Builder->get()
#7 C:/Freelance/EKRAF/ekraf-backend/vendor/illuminate/database/Query/Builder.php(3025): Illuminate/Database/Query/Builder->runPaginationCountQuery(Array)
#8 C:/Freelance/EKRAF/ekraf-backend/vendor/illuminate/database/Eloquent/Builder.php(923): Illuminate/Database/Query/Builder->getCountForPagination()
#9 C:/Freelance/EKRAF/ekraf-backend/app/Http/Controllers/FasilitasController.php(33): Illuminate/Database/Eloquent/Builder->paginate(12)
#10 C:/Freelance/EKRAF/ekraf-backend/vendor/illuminate/container/BoundMethod.php(36): App/Http/Controllers/FasilitasController->index(Object(Laravel/Lumen/Http/Request))
#11 C:/Freelance/EKRAF/ekraf-backend/vendor/illuminate/container/Util.php(41): Illuminate/Container/BoundMethod::Illuminate/Container/{closure}()
#12 C:/Freelance/EKRAF/ekraf-backend/vendor/illuminate/container/BoundMethod.php(93): Illuminate/Container/Util::unwrapIfClosure(Object(Closure))
#13 C:/Freelance/EKRAF/ekraf-backend/vendor/illuminate/container/BoundMethod.php(35): Illuminate/Container/BoundMethod::callBoundMethod(Object(Laravel/Lumen/Application), Array, Object(Closure))
#14 C:/Freelance/EKRAF/ekraf-backend/vendor/illuminate/container/Container.php(662): Illuminate/Container/BoundMethod::call(Object(Laravel/Lumen/Application), Array, Array, NULL)
#15 C:/Freelance/EKRAF/ekraf-backend/vendor/laravel/lumen-framework/src/Concerns/RoutesRequests.php(391): Illuminate/Container/Container->call(Array, Array)
#16 C:/Freelance/EKRAF/ekraf-backend/vendor/laravel/lumen-framework/src/Concerns/RoutesRequests.php(356): Laravel/Lumen/Application->callControllerCallable(Array, Array)
#17 C:/Freelance/EKRAF/ekraf-backend/vendor/laravel/lumen-framework/src/Concerns/RoutesRequests.php(331): Laravel/Lumen/Application->callLumenController(Object(App/Http/Controllers/FasilitasController), 'index', Array)
#18 C:/Freelance/EKRAF/ekraf-backend/vendor/laravel/lumen-framework/src/Concerns/RoutesRequests.php(284): Laravel/Lumen/Application->callControllerAction(Array)
#19 C:/Freelance/EKRAF/ekraf-backend/vendor/laravel/lumen-framework/src/Concerns/RoutesRequests.php(269): Laravel/Lumen/Application->callActionOnArrayBasedRoute(Array)
#20 C:/Freelance/EKRAF/ekraf-backend/vendor/laravel/lumen-framework/src/Concerns/RoutesRequests.php(171): Laravel/Lumen/Application->handleFoundRoute(Array)
#21 C:/Freelance/EKRAF/ekraf-backend/vendor/laravel/lumen-framework/src/Routing/Pipeline.php(48): Laravel/Lumen/Application->Laravel/Lumen/Concerns/{closure}(Object(Laravel/Lumen/Http/Request))
#22 C:/Freelance/EKRAF/ekraf-backend/app/Http/Middleware/CorsMiddleware.php(30): Laravel/Lumen/Routing/Pipeline->Laravel/Lumen/Routing/{closure}(Object(Laravel/Lumen/Http/Request))
#23 C:/Freelance/EKRAF/ekraf-backend/vendor/illuminate/pipeline/Pipeline.php(183): App/Http/Middleware/CorsMiddleware->handle(Object(Laravel/Lumen/Http/Request), Object(Closure))
#24 C:/Freelance/EKRAF/ekraf-backend/vendor/laravel/lumen-framework/src/Routing/Pipeline.php(30): Illuminate/Pipeline/Pipeline->Illuminate/Pipeline/{closure}(Object(Laravel/Lumen/Http/Request))
#25 C:/Freelance/EKRAF/ekraf-backend/vendor/illuminate/pipeline/Pipeline.php(119): Laravel/Lumen/Routing/Pipeline->Laravel/Lumen/Routing/{closure}(Object(Laravel/Lumen/Http/Request))
#26 C:/Freelance/EKRAF/ekraf-backend/vendor/laravel/lumen-framework/src/Concerns/RoutesRequests.php(428): Illuminate/Pipeline/Pipeline->then(Object(Closure))
#27 C:/Freelance/EKRAF/ekraf-backend/vendor/laravel/lumen-framework/src/Concerns/RoutesRequests.php(167): Laravel/Lumen/Application->sendThroughPipeline(Array, Object(Closure))
#28 C:/Freelance/EKRAF/ekraf-backend/vendor/laravel/lumen-framework/src/Concerns/RoutesRequests.php(112): Laravel/Lumen/Application->dispatch(NULL)
#29 C:/Freelance/EKRAF/ekraf-backend/public/index.php(17): Laravel/Lumen/Application->run()
#30 {main}

[previous exception] [object] (PDOException(code: 42S02): SQLSTATE[42S02]: Base table or view not found: 1146 Table 'ekraf_db.fasilitas' doesn't exist at C:/Freelance/EKRAF/ekraf-backend/vendor/illuminate/database/Connection.php:423)
[stacktrace]
#0 C:/Freelance/EKRAF/ekraf-backend/vendor/illuminate/database/Connection.php(423): PDO->prepare('select count(*)...')
#1 C:/Freelance/EKRAF/ekraf-backend/vendor/illuminate/database/Connection.php(816): Illuminate/Database/Connection->Illuminate/Database/{closure}('select count(*)...', Array)
#2 C:/Freelance/EKRAF/ekraf-backend/vendor/illuminate/database/Connection.php(783): Illuminate/Database/Connection->runQueryCallback('select count(*)...', Array, Object(Closure))
#3 C:/Freelance/EKRAF/ekraf-backend/vendor/illuminate/database/Connection.php(414): Illuminate/Database/Connection->run('select count(*)...', Array, Object(Closure))
#4 C:/Freelance/EKRAF/ekraf-backend/vendor/illuminate/database/Query/Builder.php(2913): Illuminate/Database/Connection->select('select count(*)...', Array, true)
#5 C:/Freelance/EKRAF/ekraf-backend/vendor/illuminate/database/Query/Builder.php(2902): Illuminate/Database/Query/Builder->runSelect()
#6 C:/Freelance/EKRAF/ekraf-backend/vendor/illuminate/database/Query/Builder.php(3456): Illuminate/Database/Query/Builder->Illuminate/Database/Query/{closure}()
#7 C:/Freelance/EKRAF/ekraf-backend/vendor/illuminate/database/Query/Builder.php(2901): Illuminate/Database/Query/Builder->onceWithColumns(Array, Object(Closure))
#8 C:/Freelance/EKRAF/ekraf-backend/vendor/illuminate/database/Query/Builder.php(3066): Illuminate/Database/Query/Builder->get()
#9 C:/Freelance/EKRAF/ekraf-backend/vendor/illuminate/database/Query/Builder.php(3025): Illuminate/Database/Query/Builder->runPaginationCountQuery(Array)
#10 C:/Freelance/EKRAF/ekraf-backend/vendor/illuminate/database/Eloquent/Builder.php(923): Illuminate/Database/Query/Builder->getCountForPagination()
#11 C:/Freelance/EKRAF/ekraf-backend/app/Http/Controllers/FasilitasController.php(33): Illuminate/Database/Eloquent/Builder->paginate(12)
#12 C:/Freelance/EKRAF/ekraf-backend/vendor/illuminate/container/BoundMethod.php(36): App/Http/Controllers/FasilitasController->index(Object(Laravel/Lumen/Http/Request))
#13 C:/Freelance/EKRAF/ekraf-backend/vendor/illuminate/container/Util.php(41): Illuminate/Container/BoundMethod::Illuminate/Container/{closure}()
#14 C:/Freelance/EKRAF/ekraf-backend/vendor/illuminate/container/BoundMethod.php(93): Illuminate/Container/Util::unwrapIfClosure(Object(Closure))
#15 C:/Freelance/EKRAF/ekraf-backend/vendor/illuminate/container/BoundMethod.php(35): Illuminate/Container/BoundMethod::callBoundMethod(Object(Laravel/Lumen/Application), Array, Object(Closure))
#16 C:/Freelance/EKRAF/ekraf-backend/vendor/illuminate/container/Container.php(662): Illuminate/Container/BoundMethod::call(Object(Laravel/Lumen/Application), Array, Array, NULL)
#17 C:/Freelance/EKRAF/ekraf-backend/vendor/laravel/lumen-framework/src/Concerns/RoutesRequests.php(391): Illuminate/Container/Container->call(Array, Array)
#18 C:/Freelance/EKRAF/ekraf-backend/vendor/laravel/lumen-framework/src/Concerns/RoutesRequests.php(356): Laravel/Lumen/Application->callControllerCallable(Array, Array)
#19 C:/Freelance/EKRAF/ekraf-backend/vendor/laravel/lumen-framework/src/Concerns/RoutesRequests.php(331): Laravel/Lumen/Application->callLumenController(Object(App/Http/Controllers/FasilitasController), 'index', Array)
#20 C:/Freelance/EKRAF/ekraf-backend/vendor/laravel/lumen-framework/src/Concerns/RoutesRequests.php(284): Laravel/Lumen/Application->callControllerAction(Array)
#21 C:/Freelance/EKRAF/ekraf-backend/vendor/laravel/lumen-framework/src/Concerns/RoutesRequests.php(269): Laravel/Lumen/Application->callActionOnArrayBasedRoute(Array)
#22 C:/Freelance/EKRAF/ekraf-backend/vendor/laravel/lumen-framework/src/Concerns/RoutesRequests.php(171): Laravel/Lumen/Application->handleFoundRoute(Array)
#23 C:/Freelance/EKRAF/ekraf-backend/vendor/laravel/lumen-framework/src/Routing/Pipeline.php(48): Laravel/Lumen/Application->Laravel/Lumen/Concerns/{closure}(Object(Laravel/Lumen/Http/Request))
#24 C:/Freelance/EKRAF/ekraf-backend/app/Http/Middleware/CorsMiddleware.php(30): Laravel/Lumen/Routing/Pipeline->Laravel/Lumen/Routing/{closure}(Object(Laravel/Lumen/Http/Request))
#25 C:/Freelance/EKRAF/ekraf-backend/vendor/illuminate/pipeline/Pipeline.php(183): App/Http/Middleware/CorsMiddleware->handle(Object(Laravel/Lumen/Http/Request), Object(Closure))
#26 C:/Freelance/EKRAF/ekraf-backend/vendor/laravel/lumen-framework/src/Routing/Pipeline.php(30): Illuminate/Pipeline/Pipeline->Illuminate/Pipeline/{closure}(Object(Laravel/Lumen/Http/Request))
#27 C:/Freelance/EKRAF/ekraf-backend/vendor/illuminate/pipeline/Pipeline.php(119): Laravel/Lumen/Routing/Pipeline->Laravel/Lumen/Routing/{closure}(Object(Laravel/Lumen/Http/Request))
#28 C:/Freelance/EKRAF/ekraf-backend/vendor/laravel/lumen-framework/src/Concerns/RoutesRequests.php(428): Illuminate/Pipeline/Pipeline->then(Object(Closure))
#29 C:/Freelance/EKRAF/ekraf-backend/vendor/laravel/lumen-framework/src/Concerns/RoutesRequests.php(167): Laravel/Lumen/Application->sendThroughPipeline(Array, Object(Closure))
#30 C:/Freelance/EKRAF/ekraf-backend/vendor/laravel/lumen-framework/src/Concerns/RoutesRequests.php(112): Laravel/Lumen/Application->dispatch(NULL)
#31 C:/Freelance/EKRAF/ekraf-backend/public/index.php(17): Laravel/Lumen/Application->run()
#32 {main}
"} 
[2026-02-13 10:32:17] local.ERROR: Recursion detected {"exception":"[object] (InvalidArgumentException(code: 0): Recursion detected at C:/Freelance/EKRAF/ekraf-backend/vendor/illuminate/http/JsonResponse.php:88)
[stacktrace]
#0 C:/Freelance/EKRAF/ekraf-backend/vendor/symfony/http-foundation/JsonResponse.php(49): Illuminate/Http/JsonResponse->setData(Array)
#1 C:/Freelance/EKRAF/ekraf-backend/vendor/illuminate/http/JsonResponse.php(32): Symfony/Component/HttpFoundation/JsonResponse->__construct(Array, 500, Array, false)
#2 C:/Freelance/EKRAF/ekraf-backend/vendor/laravel/lumen-framework/src/Http/ResponseFactory.php(40): Illuminate/Http/JsonResponse->__construct(Array, 500, Array, 0)
#3 C:/Freelance/EKRAF/ekraf-backend/app/Exceptions/Handler.php(107): Laravel/Lumen/Http/ResponseFactory->json(Array, 500)
#4 C:/Freelance/EKRAF/ekraf-backend/vendor/laravel/lumen-framework/src/Routing/Pipeline.php(72): App/Exceptions/Handler->render(Object(Laravel/Lumen/Http/Request), Object(Illuminate/Database/QueryException))
#5 C:/Freelance/EKRAF/ekraf-backend/vendor/laravel/lumen-framework/src/Routing/Pipeline.php(50): Laravel/Lumen/Routing/Pipeline->handleException(Object(Laravel/Lumen/Http/Request), Object(Illuminate/Database/QueryException))
#6 C:/Freelance/EKRAF/ekraf-backend/app/Http/Middleware/CorsMiddleware.php(30): Laravel/Lumen/Routing/Pipeline->Laravel/Lumen/Routing/{closure}(Object(Laravel/Lumen/Http/Request))
#7 C:/Freelance/EKRAF/ekraf-backend/vendor/illuminate/pipeline/Pipeline.php(183): App/Http/Middleware/CorsMiddleware->handle(Object(Laravel/Lumen/Http/Request), Object(Closure))
#8 C:/Freelance/EKRAF/ekraf-backend/vendor/laravel/lumen-framework/src/Routing/Pipeline.php(30): Illuminate/Pipeline/Pipeline->Illuminate/Pipeline/{closure}(Object(Laravel/Lumen/Http/Request))
#9 C:/Freelance/EKRAF/ekraf-backend/vendor/illuminate/pipeline/Pipeline.php(119): Laravel/Lumen/Routing/Pipeline->Laravel/Lumen/Routing/{closure}(Object(Laravel/Lumen/Http/Request))
#10 C:/Freelance/EKRAF/ekraf-backend/vendor/laravel/lumen-framework/src/Concerns/RoutesRequests.php(428): Illuminate/Pipeline/Pipeline->then(Object(Closure))
#11 C:/Freelance/EKRAF/ekraf-backend/vendor/laravel/lumen-framework/src/Concerns/RoutesRequests.php(167): Laravel/Lumen/Application->sendThroughPipeline(Array, Object(Closure))
#12 C:/Freelance/EKRAF/ekraf-backend/vendor/laravel/lumen-framework/src/Concerns/RoutesRequests.php(112): Laravel/Lumen/Application->dispatch(NULL)
#13 C:/Freelance/EKRAF/ekraf-backend/public/index.php(17): Laravel/Lumen/Application->run()
#14 {main}
"} 
[2026-02-13 10:32:17] local.ERROR: Recursion detected {"exception":"[object] (InvalidArgumentException(code: 0): Recursion detected at C:/Freelance/EKRAF/ekraf-backend/vendor/illuminate/http/JsonResponse.php:88)
[stacktrace]
#0 C:/Freelance/EKRAF/ekraf-backend/vendor/symfony/http-foundation/JsonResponse.php(49): Illuminate/Http/JsonResponse->setData(Array)
#1 C:/Freelance/EKRAF/ekraf-backend/vendor/illuminate/http/JsonResponse.php(32): Symfony/Component/HttpFoundation/JsonResponse->__construct(Array, 500, Array, false)
#2 C:/Freelance/EKRAF/ekraf-backend/vendor/laravel/lumen-framework/src/Http/ResponseFactory.php(40): Illuminate/Http/JsonResponse->__construct(Array, 500, Array, 0)
#3 C:/Freelance/EKRAF/ekraf-backend/app/Exceptions/Handler.php(107): Laravel/Lumen/Http/ResponseFactory->json(Array, 500)
#4 C:/Freelance/EKRAF/ekraf-backend/vendor/laravel/lumen-framework/src/Routing/Pipeline.php(72): App/Exceptions/Handler->render(Object(Laravel/Lumen/Http/Request), Object(InvalidArgumentException))
#5 C:/Freelance/EKRAF/ekraf-backend/vendor/illuminate/pipeline/Pipeline.php(188): Laravel/Lumen/Routing/Pipeline->handleException(Object(Laravel/Lumen/Http/Request), Object(InvalidArgumentException))
#6 C:/Freelance/EKRAF/ekraf-backend/vendor/laravel/lumen-framework/src/Routing/Pipeline.php(30): Illuminate/Pipeline/Pipeline->Illuminate/Pipeline/{closure}(Object(Laravel/Lumen/Http/Request))
#7 C:/Freelance/EKRAF/ekraf-backend/vendor/illuminate/pipeline/Pipeline.php(119): Laravel/Lumen/Routing/Pipeline->Laravel/Lumen/Routing/{closure}(Object(Laravel/Lumen/Http/Request))
#8 C:/Freelance/EKRAF/ekraf-backend/vendor/laravel/lumen-framework/src/Concerns/RoutesRequests.php(428): Illuminate/Pipeline/Pipeline->then(Object(Closure))
#9 C:/Freelance/EKRAF/ekraf-backend/vendor/laravel/lumen-framework/src/Concerns/RoutesRequests.php(167): Laravel/Lumen/Application->sendThroughPipeline(Array, Object(Closure))
#10 C:/Freelance/EKRAF/ekraf-backend/vendor/laravel/lumen-framework/src/Concerns/RoutesRequests.php(112): Laravel/Lumen/Application->dispatch(NULL)
#11 C:/Freelance/EKRAF/ekraf-backend/public/index.php(17): Laravel/Lumen/Application->run()
#12 {main}
"} 
[2026-02-13 10:32:17] local.ERROR: Recursion detected {"exception":"[object] (InvalidArgumentException(code: 0): Recursion detected at C:/Freelance/EKRAF/ekraf-backend/vendor/illuminate/http/JsonResponse.php:88)
[stacktrace]
#0 C:/Freelance/EKRAF/ekraf-backend/vendor/symfony/http-foundation/JsonResponse.php(49): Illuminate/Http/JsonResponse->setData(Array)
#1 C:/Freelance/EKRAF/ekraf-backend/vendor/illuminate/http/JsonResponse.php(32): Symfony/Component/HttpFoundation/JsonResponse->__construct(Array, 500, Array, false)
#2 C:/Freelance/EKRAF/ekraf-backend/vendor/laravel/lumen-framework/src/Http/ResponseFactory.php(40): Illuminate/Http/JsonResponse->__construct(Array, 500, Array, 0)
#3 C:/Freelance/EKRAF/ekraf-backend/app/Exceptions/Handler.php(107): Laravel/Lumen/Http/ResponseFactory->json(Array, 500)
#4 C:/Freelance/EKRAF/ekraf-backend/vendor/laravel/lumen-framework/src/Routing/Pipeline.php(72): App/Exceptions/Handler->render(Object(Laravel/Lumen/Http/Request), Object(InvalidArgumentException))
#5 C:/Freelance/EKRAF/ekraf-backend/vendor/laravel/lumen-framework/src/Routing/Pipeline.php(32): Laravel/Lumen/Routing/Pipeline->handleException(Object(Laravel/Lumen/Http/Request), Object(InvalidArgumentException))
#6 C:/Freelance/EKRAF/ekraf-backend/vendor/illuminate/pipeline/Pipeline.php(119): Laravel/Lumen/Routing/Pipeline->Laravel/Lumen/Routing/{closure}(Object(Laravel/Lumen/Http/Request))
#7 C:/Freelance/EKRAF/ekraf-backend/vendor/laravel/lumen-framework/src/Concerns/RoutesRequests.php(428): Illuminate/Pipeline/Pipeline->then(Object(Closure))
#8 C:/Freelance/EKRAF/ekraf-backend/vendor/laravel/lumen-framework/src/Concerns/RoutesRequests.php(167): Laravel/Lumen/Application->sendThroughPipeline(Array, Object(Closure))
#9 C:/Freelance/EKRAF/ekraf-backend/vendor/laravel/lumen-framework/src/Concerns/RoutesRequests.php(112): Laravel/Lumen/Application->dispatch(NULL)
#10 C:/Freelance/EKRAF/ekraf-backend/public/index.php(17): Laravel/Lumen/Application->run()
#11 {main}
"} 
[2026-02-13 10:32:17] local.ERROR: Recursion detected {"exception":"[object] (InvalidArgumentException(code: 0): Recursion detected at C:/Freelance/EKRAF/ekraf-backend/vendor/illuminate/http/JsonResponse.php:88)
[stacktrace]
#0 C:/Freelance/EKRAF/ekraf-backend/vendor/symfony/http-foundation/JsonResponse.php(49): Illuminate/Http/JsonResponse->setData(Array)
#1 C:/Freelance/EKRAF/ekraf-backend/vendor/illuminate/http/JsonResponse.php(32): Symfony/Component/HttpFoundation/JsonResponse->__construct(Array, 500, Array, false)
#2 C:/Freelance/EKRAF/ekraf-backend/vendor/laravel/lumen-framework/src/Http/ResponseFactory.php(40): Illuminate/Http/JsonResponse->__construct(Array, 500, Array, 0)
#3 C:/Freelance/EKRAF/ekraf-backend/app/Exceptions/Handler.php(107): Laravel/Lumen/Http/ResponseFactory->json(Array, 500)
#4 C:/Freelance/EKRAF/ekraf-backend/vendor/laravel/lumen-framework/src/Concerns/RegistersExceptionHandlers.php(187): App/Exceptions/Handler->render(Object(Laravel/Lumen/Http/Request), Object(InvalidArgumentException))
#5 C:/Freelance/EKRAF/ekraf-backend/vendor/laravel/lumen-framework/src/Concerns/RoutesRequests.php(179): Laravel/Lumen/Application->sendExceptionToHandler(Object(InvalidArgumentException))
#6 C:/Freelance/EKRAF/ekraf-backend/vendor/laravel/lumen-framework/src/Concerns/RoutesRequests.php(112): Laravel/Lumen/Application->dispatch(NULL)
#7 C:/Freelance/EKRAF/ekraf-backend/public/index.php(17): Laravel/Lumen/Application->run()
#8 {main}
"} 
[2026-02-13 10:32:17] local.ERROR: Uncaught InvalidArgumentException: Recursion detected in C:\Freelance\EKRAF\ekraf-backend\vendor\illuminate\http\JsonResponse.php:88
Stack trace:
#0 C:\Freelance\EKRAF\ekraf-backend\vendor\symfony\http-foundation\JsonResponse.php(49): Illuminate\Http\JsonResponse->setData(Array)
#1 C:\Freelance\EKRAF\ekraf-backend\vendor\illuminate\http\JsonResponse.php(32): Symfony\Component\HttpFoundation\JsonResponse->__construct(Array, 500, Array, false)
#2 C:\Freelance\EKRAF\ekraf-backend\vendor\laravel\lumen-framework\src\Http\ResponseFactory.php(40): Illuminate\Http\JsonResponse->__construct(Array, 500, Array, 0)
#3 C:\Freelance\EKRAF\ekraf-backend\app\Exceptions\Handler.php(107): Laravel\Lumen\Http\ResponseFactory->json(Array, 500)
#4 C:\Freelance\EKRAF\ekraf-backend\vendor\laravel\lumen-framework\src\Concerns\RegistersExceptionHandlers.php(205): App\Exceptions\Handler->render(Object(Laravel\Lumen\Http\Request), Object(InvalidArgumentException))
#5 C:\Freelance\EKRAF\ekraf-backend\vendor\laravel\lumen-framework\src\Concerns\RegistersExceptionHandlers.php(51): Laravel\Lumen\Application->handleException(Object(InvalidArgumentException))
#6 [internal function]: Laravel\Lumen\Application->Laravel\Lumen\Concerns\{closure}(Object(InvalidArgumentException))
#7 {main}
  thrown {"exception":"[object] (Symfony\\Component\\ErrorHandler\\Error\\FatalError(code: 0): Uncaught InvalidArgumentException: Recursion detected in C:\\Freelance\\EKRAF\\ekraf-backend\\vendor\\illuminate\\http\\JsonResponse.php:88
Stack trace:
#0 C:\\Freelance\\EKRAF\\ekraf-backend\\vendor\\symfony\\http-foundation\\JsonResponse.php(49): Illuminate\\Http\\JsonResponse->setData(Array)
#1 C:\\Freelance\\EKRAF\\ekraf-backend\\vendor\\illuminate\\http\\JsonResponse.php(32): Symfony\\Component\\HttpFoundation\\JsonResponse->__construct(Array, 500, Array, false)
#2 C:\\Freelance\\EKRAF\\ekraf-backend\\vendor\\laravel\\lumen-framework\\src\\Http\\ResponseFactory.php(40): Illuminate\\Http\\JsonResponse->__construct(Array, 500, Array, 0)
#3 C:\\Freelance\\EKRAF\\ekraf-backend\\app\\Exceptions\\Handler.php(107): Laravel\\Lumen\\Http\\ResponseFactory->json(Array, 500)
#4 C:\\Freelance\\EKRAF\\ekraf-backend\\vendor\\laravel\\lumen-framework\\src\\Concerns\\RegistersExceptionHandlers.php(205): App\\Exceptions\\Handler->render(Object(Laravel\\Lumen\\Http\\Request), Object(InvalidArgumentException))
#5 C:\\Freelance\\EKRAF\\ekraf-backend\\vendor\\laravel\\lumen-framework\\src\\Concerns\\RegistersExceptionHandlers.php(51): Laravel\\Lumen\\Application->handleException(Object(InvalidArgumentException))
#6 [internal function]: Laravel\\Lumen\\Application->Laravel\\Lumen\\Concerns\\{closure}(Object(InvalidArgumentException))
#7 {main}
  thrown at C:/Freelance/EKRAF/ekraf-backend/vendor/illuminate/http/JsonResponse.php:88)
[stacktrace]
#0 {main}
"} 
[2026-02-13 10:36:46] local.ERROR: Call to undefined function App\Models\now() {"exception":"[object] (Error(code: 0): Call to undefined function App\\Models\\now() at C:/Freelance/EKRAF/ekraf-backend/app/Models/OrgKegiatan.php:74)
[stacktrace]
#0 C:/Freelance/EKRAF/ekraf-backend/vendor/illuminate/database/Eloquent/Model.php(1627): App/Models/OrgKegiatan->scopeBulanIni(Object(Illuminate/Database/Eloquent/Builder))
#1 C:/Freelance/EKRAF/ekraf-backend/vendor/illuminate/database/Eloquent/Builder.php(1415): Illuminate/Database/Eloquent/Model->callNamedScope('bulanIni', Array)
#2 C:/Freelance/EKRAF/ekraf-backend/vendor/illuminate/database/Eloquent/Builder.php(1396): Illuminate/Database/Eloquent/Builder->Illuminate/Database/Eloquent/{closure}(Object(Illuminate/Database/Eloquent/Builder))
#3 C:/Freelance/EKRAF/ekraf-backend/vendor/illuminate/database/Eloquent/Builder.php(1414): Illuminate/Database/Eloquent/Builder->callScope(Object(Closure), Array)
#4 C:/Freelance/EKRAF/ekraf-backend/vendor/illuminate/database/Eloquent/Builder.php(1978): Illuminate/Database/Eloquent/Builder->callNamedScope('bulanIni', Array)
#5 C:/Freelance/EKRAF/ekraf-backend/vendor/illuminate/support/Traits/ForwardsCalls.php(23): Illuminate/Database/Eloquent/Builder->__call('bulanIni', Array)
#6 C:/Freelance/EKRAF/ekraf-backend/vendor/illuminate/database/Eloquent/Model.php(2335): Illuminate/Database/Eloquent/Model->forwardCallTo(Object(Illuminate/Database/Eloquent/Builder), 'bulanIni', Array)
#7 C:/Freelance/EKRAF/ekraf-backend/vendor/illuminate/database/Eloquent/Model.php(2347): Illuminate/Database/Eloquent/Model->__call('bulanIni', Array)
#8 C:/Freelance/EKRAF/ekraf-backend/app/Http/Controllers/DashboardExecController.php(141): Illuminate/Database/Eloquent/Model::__callStatic('bulanIni', Array)
#9 C:/Freelance/EKRAF/ekraf-backend/vendor/illuminate/container/BoundMethod.php(36): App/Http/Controllers/DashboardExecController->publik()
#10 C:/Freelance/EKRAF/ekraf-backend/vendor/illuminate/container/Util.php(41): Illuminate/Container/BoundMethod::Illuminate/Container/{closure}()
#11 C:/Freelance/EKRAF/ekraf-backend/vendor/illuminate/container/BoundMethod.php(93): Illuminate/Container/Util::unwrapIfClosure(Object(Closure))
#12 C:/Freelance/EKRAF/ekraf-backend/vendor/illuminate/container/BoundMethod.php(35): Illuminate/Container/BoundMethod::callBoundMethod(Object(Laravel/Lumen/Application), Array, Object(Closure))
#13 C:/Freelance/EKRAF/ekraf-backend/vendor/illuminate/container/Container.php(662): Illuminate/Container/BoundMethod::call(Object(Laravel/Lumen/Application), Array, Array, NULL)
#14 C:/Freelance/EKRAF/ekraf-backend/vendor/laravel/lumen-framework/src/Concerns/RoutesRequests.php(391): Illuminate/Container/Container->call(Array, Array)
#15 C:/Freelance/EKRAF/ekraf-backend/vendor/laravel/lumen-framework/src/Concerns/RoutesRequests.php(356): Laravel/Lumen/Application->callControllerCallable(Array, Array)
#16 C:/Freelance/EKRAF/ekraf-backend/vendor/laravel/lumen-framework/src/Concerns/RoutesRequests.php(331): Laravel/Lumen/Application->callLumenController(Object(App/Http/Controllers/DashboardExecController), 'publik', Array)
#17 C:/Freelance/EKRAF/ekraf-backend/vendor/laravel/lumen-framework/src/Concerns/RoutesRequests.php(284): Laravel/Lumen/Application->callControllerAction(Array)
#18 C:/Freelance/EKRAF/ekraf-backend/vendor/laravel/lumen-framework/src/Concerns/RoutesRequests.php(269): Laravel/Lumen/Application->callActionOnArrayBasedRoute(Array)
#19 C:/Freelance/EKRAF/ekraf-backend/vendor/laravel/lumen-framework/src/Concerns/RoutesRequests.php(171): Laravel/Lumen/Application->handleFoundRoute(Array)
#20 C:/Freelance/EKRAF/ekraf-backend/vendor/laravel/lumen-framework/src/Routing/Pipeline.php(48): Laravel/Lumen/Application->Laravel/Lumen/Concerns/{closure}(Object(Laravel/Lumen/Http/Request))
#21 C:/Freelance/EKRAF/ekraf-backend/app/Http/Middleware/CorsMiddleware.php(30): Laravel/Lumen/Routing/Pipeline->Laravel/Lumen/Routing/{closure}(Object(Laravel/Lumen/Http/Request))
#22 C:/Freelance/EKRAF/ekraf-backend/vendor/illuminate/pipeline/Pipeline.php(183): App/Http/Middleware/CorsMiddleware->handle(Object(Laravel/Lumen/Http/Request), Object(Closure))
#23 C:/Freelance/EKRAF/ekraf-backend/vendor/laravel/lumen-framework/src/Routing/Pipeline.php(30): Illuminate/Pipeline/Pipeline->Illuminate/Pipeline/{closure}(Object(Laravel/Lumen/Http/Request))
#24 C:/Freelance/EKRAF/ekraf-backend/vendor/illuminate/pipeline/Pipeline.php(119): Laravel/Lumen/Routing/Pipeline->Laravel/Lumen/Routing/{closure}(Object(Laravel/Lumen/Http/Request))
#25 C:/Freelance/EKRAF/ekraf-backend/vendor/laravel/lumen-framework/src/Concerns/RoutesRequests.php(428): Illuminate/Pipeline/Pipeline->then(Object(Closure))
#26 C:/Freelance/EKRAF/ekraf-backend/vendor/laravel/lumen-framework/src/Concerns/RoutesRequests.php(167): Laravel/Lumen/Application->sendThroughPipeline(Array, Object(Closure))
#27 C:/Freelance/EKRAF/ekraf-backend/vendor/laravel/lumen-framework/src/Concerns/RoutesRequests.php(112): Laravel/Lumen/Application->dispatch(NULL)
#28 C:/Freelance/EKRAF/ekraf-backend/public/index.php(17): Laravel/Lumen/Application->run()
#29 {main}
"} 
[2026-02-13 10:36:52] local.ERROR: Call to undefined function App\Models\now() {"exception":"[object] (Error(code: 0): Call to undefined function App\\Models\\now() at C:/Freelance/EKRAF/ekraf-backend/app/Models/OrgKegiatan.php:74)
[stacktrace]
#0 C:/Freelance/EKRAF/ekraf-backend/vendor/illuminate/database/Eloquent/Model.php(1627): App/Models/OrgKegiatan->scopeBulanIni(Object(Illuminate/Database/Eloquent/Builder))
#1 C:/Freelance/EKRAF/ekraf-backend/vendor/illuminate/database/Eloquent/Builder.php(1415): Illuminate/Database/Eloquent/Model->callNamedScope('bulanIni', Array)
#2 C:/Freelance/EKRAF/ekraf-backend/vendor/illuminate/database/Eloquent/Builder.php(1396): Illuminate/Database/Eloquent/Builder->Illuminate/Database/Eloquent/{closure}(Object(Illuminate/Database/Eloquent/Builder))
#3 C:/Freelance/EKRAF/ekraf-backend/vendor/illuminate/database/Eloquent/Builder.php(1414): Illuminate/Database/Eloquent/Builder->callScope(Object(Closure), Array)
#4 C:/Freelance/EKRAF/ekraf-backend/vendor/illuminate/database/Eloquent/Builder.php(1978): Illuminate/Database/Eloquent/Builder->callNamedScope('bulanIni', Array)
#5 C:/Freelance/EKRAF/ekraf-backend/vendor/illuminate/support/Traits/ForwardsCalls.php(23): Illuminate/Database/Eloquent/Builder->__call('bulanIni', Array)
#6 C:/Freelance/EKRAF/ekraf-backend/vendor/illuminate/database/Eloquent/Model.php(2335): Illuminate/Database/Eloquent/Model->forwardCallTo(Object(Illuminate/Database/Eloquent/Builder), 'bulanIni', Array)
#7 C:/Freelance/EKRAF/ekraf-backend/vendor/illuminate/database/Eloquent/Model.php(2347): Illuminate/Database/Eloquent/Model->__call('bulanIni', Array)
#8 C:/Freelance/EKRAF/ekraf-backend/app/Http/Controllers/DashboardExecController.php(141): Illuminate/Database/Eloquent/Model::__callStatic('bulanIni', Array)
#9 C:/Freelance/EKRAF/ekraf-backend/vendor/illuminate/container/BoundMethod.php(36): App/Http/Controllers/DashboardExecController->publik()
#10 C:/Freelance/EKRAF/ekraf-backend/vendor/illuminate/container/Util.php(41): Illuminate/Container/BoundMethod::Illuminate/Container/{closure}()
#11 C:/Freelance/EKRAF/ekraf-backend/vendor/illuminate/container/BoundMethod.php(93): Illuminate/Container/Util::unwrapIfClosure(Object(Closure))
#12 C:/Freelance/EKRAF/ekraf-backend/vendor/illuminate/container/BoundMethod.php(35): Illuminate/Container/BoundMethod::callBoundMethod(Object(Laravel/Lumen/Application), Array, Object(Closure))
#13 C:/Freelance/EKRAF/ekraf-backend/vendor/illuminate/container/Container.php(662): Illuminate/Container/BoundMethod::call(Object(Laravel/Lumen/Application), Array, Array, NULL)
#14 C:/Freelance/EKRAF/ekraf-backend/vendor/laravel/lumen-framework/src/Concerns/RoutesRequests.php(391): Illuminate/Container/Container->call(Array, Array)
#15 C:/Freelance/EKRAF/ekraf-backend/vendor/laravel/lumen-framework/src/Concerns/RoutesRequests.php(356): Laravel/Lumen/Application->callControllerCallable(Array, Array)
#16 C:/Freelance/EKRAF/ekraf-backend/vendor/laravel/lumen-framework/src/Concerns/RoutesRequests.php(331): Laravel/Lumen/Application->callLumenController(Object(App/Http/Controllers/DashboardExecController), 'publik', Array)
#17 C:/Freelance/EKRAF/ekraf-backend/vendor/laravel/lumen-framework/src/Concerns/RoutesRequests.php(284): Laravel/Lumen/Application->callControllerAction(Array)
#18 C:/Freelance/EKRAF/ekraf-backend/vendor/laravel/lumen-framework/src/Concerns/RoutesRequests.php(269): Laravel/Lumen/Application->callActionOnArrayBasedRoute(Array)
#19 C:/Freelance/EKRAF/ekraf-backend/vendor/laravel/lumen-framework/src/Concerns/RoutesRequests.php(171): Laravel/Lumen/Application->handleFoundRoute(Array)
#20 C:/Freelance/EKRAF/ekraf-backend/vendor/laravel/lumen-framework/src/Routing/Pipeline.php(48): Laravel/Lumen/Application->Laravel/Lumen/Concerns/{closure}(Object(Laravel/Lumen/Http/Request))
#21 C:/Freelance/EKRAF/ekraf-backend/app/Http/Middleware/CorsMiddleware.php(30): Laravel/Lumen/Routing/Pipeline->Laravel/Lumen/Routing/{closure}(Object(Laravel/Lumen/Http/Request))
#22 C:/Freelance/EKRAF/ekraf-backend/vendor/illuminate/pipeline/Pipeline.php(183): App/Http/Middleware/CorsMiddleware->handle(Object(Laravel/Lumen/Http/Request), Object(Closure))
#23 C:/Freelance/EKRAF/ekraf-backend/vendor/laravel/lumen-framework/src/Routing/Pipeline.php(30): Illuminate/Pipeline/Pipeline->Illuminate/Pipeline/{closure}(Object(Laravel/Lumen/Http/Request))
#24 C:/Freelance/EKRAF/ekraf-backend/vendor/illuminate/pipeline/Pipeline.php(119): Laravel/Lumen/Routing/Pipeline->Laravel/Lumen/Routing/{closure}(Object(Laravel/Lumen/Http/Request))
#25 C:/Freelance/EKRAF/ekraf-backend/vendor/laravel/lumen-framework/src/Concerns/RoutesRequests.php(428): Illuminate/Pipeline/Pipeline->then(Object(Closure))
#26 C:/Freelance/EKRAF/ekraf-backend/vendor/laravel/lumen-framework/src/Concerns/RoutesRequests.php(167): Laravel/Lumen/Application->sendThroughPipeline(Array, Object(Closure))
#27 C:/Freelance/EKRAF/ekraf-backend/vendor/laravel/lumen-framework/src/Concerns/RoutesRequests.php(112): Laravel/Lumen/Application->dispatch(NULL)
#28 C:/Freelance/EKRAF/ekraf-backend/public/index.php(17): Laravel/Lumen/Application->run()
#29 {main}
"} 
[2026-02-13 10:38:41] local.ERROR: Call to undefined function App\Models\now() {"exception":"[object] (Error(code: 0): Call to undefined function App\\Models\\now() at C:/Freelance/EKRAF/ekraf-backend/app/Models/OrgKegiatan.php:74)
[stacktrace]
#0 C:/Freelance/EKRAF/ekraf-backend/vendor/illuminate/database/Eloquent/Model.php(1627): App/Models/OrgKegiatan->scopeBulanIni(Object(Illuminate/Database/Eloquent/Builder))
#1 C:/Freelance/EKRAF/ekraf-backend/vendor/illuminate/database/Eloquent/Builder.php(1415): Illuminate/Database/Eloquent/Model->callNamedScope('bulanIni', Array)
#2 C:/Freelance/EKRAF/ekraf-backend/vendor/illuminate/database/Eloquent/Builder.php(1396): Illuminate/Database/Eloquent/Builder->Illuminate/Database/Eloquent/{closure}(Object(Illuminate/Database/Eloquent/Builder))
#3 C:/Freelance/EKRAF/ekraf-backend/vendor/illuminate/database/Eloquent/Builder.php(1414): Illuminate/Database/Eloquent/Builder->callScope(Object(Closure), Array)
#4 C:/Freelance/EKRAF/ekraf-backend/vendor/illuminate/database/Eloquent/Builder.php(1978): Illuminate/Database/Eloquent/Builder->callNamedScope('bulanIni', Array)
#5 C:/Freelance/EKRAF/ekraf-backend/vendor/illuminate/support/Traits/ForwardsCalls.php(23): Illuminate/Database/Eloquent/Builder->__call('bulanIni', Array)
#6 C:/Freelance/EKRAF/ekraf-backend/vendor/illuminate/database/Eloquent/Model.php(2335): Illuminate/Database/Eloquent/Model->forwardCallTo(Object(Illuminate/Database/Eloquent/Builder), 'bulanIni', Array)
#7 C:/Freelance/EKRAF/ekraf-backend/vendor/illuminate/database/Eloquent/Model.php(2347): Illuminate/Database/Eloquent/Model->__call('bulanIni', Array)
#8 C:/Freelance/EKRAF/ekraf-backend/app/Http/Controllers/DashboardExecController.php(141): Illuminate/Database/Eloquent/Model::__callStatic('bulanIni', Array)
#9 C:/Freelance/EKRAF/ekraf-backend/vendor/illuminate/container/BoundMethod.php(36): App/Http/Controllers/DashboardExecController->publik()
#10 C:/Freelance/EKRAF/ekraf-backend/vendor/illuminate/container/Util.php(41): Illuminate/Container/BoundMethod::Illuminate/Container/{closure}()
#11 C:/Freelance/EKRAF/ekraf-backend/vendor/illuminate/container/BoundMethod.php(93): Illuminate/Container/Util::unwrapIfClosure(Object(Closure))
#12 C:/Freelance/EKRAF/ekraf-backend/vendor/illuminate/container/BoundMethod.php(35): Illuminate/Container/BoundMethod::callBoundMethod(Object(Laravel/Lumen/Application), Array, Object(Closure))
#13 C:/Freelance/EKRAF/ekraf-backend/vendor/illuminate/container/Container.php(662): Illuminate/Container/BoundMethod::call(Object(Laravel/Lumen/Application), Array, Array, NULL)
#14 C:/Freelance/EKRAF/ekraf-backend/vendor/laravel/lumen-framework/src/Concerns/RoutesRequests.php(391): Illuminate/Container/Container->call(Array, Array)
#15 C:/Freelance/EKRAF/ekraf-backend/vendor/laravel/lumen-framework/src/Concerns/RoutesRequests.php(356): Laravel/Lumen/Application->callControllerCallable(Array, Array)
#16 C:/Freelance/EKRAF/ekraf-backend/vendor/laravel/lumen-framework/src/Concerns/RoutesRequests.php(331): Laravel/Lumen/Application->callLumenController(Object(App/Http/Controllers/DashboardExecController), 'publik', Array)
#17 C:/Freelance/EKRAF/ekraf-backend/vendor/laravel/lumen-framework/src/Concerns/RoutesRequests.php(284): Laravel/Lumen/Application->callControllerAction(Array)
#18 C:/Freelance/EKRAF/ekraf-backend/vendor/laravel/lumen-framework/src/Concerns/RoutesRequests.php(269): Laravel/Lumen/Application->callActionOnArrayBasedRoute(Array)
#19 C:/Freelance/EKRAF/ekraf-backend/vendor/laravel/lumen-framework/src/Concerns/RoutesRequests.php(171): Laravel/Lumen/Application->handleFoundRoute(Array)
#20 C:/Freelance/EKRAF/ekraf-backend/vendor/laravel/lumen-framework/src/Routing/Pipeline.php(48): Laravel/Lumen/Application->Laravel/Lumen/Concerns/{closure}(Object(Laravel/Lumen/Http/Request))
#21 C:/Freelance/EKRAF/ekraf-backend/app/Http/Middleware/CorsMiddleware.php(30): Laravel/Lumen/Routing/Pipeline->Laravel/Lumen/Routing/{closure}(Object(Laravel/Lumen/Http/Request))
#22 C:/Freelance/EKRAF/ekraf-backend/vendor/illuminate/pipeline/Pipeline.php(183): App/Http/Middleware/CorsMiddleware->handle(Object(Laravel/Lumen/Http/Request), Object(Closure))
#23 C:/Freelance/EKRAF/ekraf-backend/vendor/laravel/lumen-framework/src/Routing/Pipeline.php(30): Illuminate/Pipeline/Pipeline->Illuminate/Pipeline/{closure}(Object(Laravel/Lumen/Http/Request))
#24 C:/Freelance/EKRAF/ekraf-backend/vendor/illuminate/pipeline/Pipeline.php(119): Laravel/Lumen/Routing/Pipeline->Laravel/Lumen/Routing/{closure}(Object(Laravel/Lumen/Http/Request))
#25 C:/Freelance/EKRAF/ekraf-backend/vendor/laravel/lumen-framework/src/Concerns/RoutesRequests.php(428): Illuminate/Pipeline/Pipeline->then(Object(Closure))
#26 C:/Freelance/EKRAF/ekraf-backend/vendor/laravel/lumen-framework/src/Concerns/RoutesRequests.php(167): Laravel/Lumen/Application->sendThroughPipeline(Array, Object(Closure))
#27 C:/Freelance/EKRAF/ekraf-backend/vendor/laravel/lumen-framework/src/Concerns/RoutesRequests.php(112): Laravel/Lumen/Application->dispatch(NULL)
#28 C:/Freelance/EKRAF/ekraf-backend/public/index.php(17): Laravel/Lumen/Application->run()
#29 {main}
"} 
[2026-02-13 12:44:23] local.ERROR: Command "tinker" is not defined. {"exception":"[object] (Symfony\\Component\\Console\\Exception\\CommandNotFoundException(code: 0): Command \"tinker\" is not defined. at C:/Freelance/EKRAF/ekraf-backend/vendor/symfony/console/Application.php:745)
[stacktrace]
#0 C:/Freelance/EKRAF/ekraf-backend/vendor/symfony/console/Application.php(266): Symfony/Component/Console/Application->find('tinker')
#1 C:/Freelance/EKRAF/ekraf-backend/vendor/symfony/console/Application.php(175): Symfony/Component/Console/Application->doRun(Object(Symfony/Component/Console/Input/ArgvInput), Object(Symfony/Component/Console/Output/ConsoleOutput))
#2 C:/Freelance/EKRAF/ekraf-backend/vendor/laravel/lumen-framework/src/Console/Kernel.php(160): Symfony/Component/Console/Application->run(Object(Symfony/Component/Console/Input/ArgvInput), Object(Symfony/Component/Console/Output/ConsoleOutput))
#3 C:/Freelance/EKRAF/ekraf-backend/artisan(25): Laravel/Lumen/Console/Kernel->handle(Object(Symfony/Component/Console/Input/ArgvInput), Object(Symfony/Component/Console/Output/ConsoleOutput))
#4 {main}
"} 
[2026-02-13 12:45:08] local.ERROR: Call to undefined function App\Http\Controllers\now() {"exception":"[object] (Error(code: 0): Call to undefined function App\\Http\\Controllers\\now() at C:/Freelance/EKRAF/ekraf-backend/app/Http/Controllers/DashboardExecController.php:23)
[stacktrace]
#0 C:/Freelance/EKRAF/ekraf-backend/vendor/illuminate/container/BoundMethod.php(36): App/Http/Controllers/DashboardExecController->eksekutif()
#1 C:/Freelance/EKRAF/ekraf-backend/vendor/illuminate/container/Util.php(41): Illuminate/Container/BoundMethod::Illuminate/Container/{closure}()
#2 C:/Freelance/EKRAF/ekraf-backend/vendor/illuminate/container/BoundMethod.php(93): Illuminate/Container/Util::unwrapIfClosure(Object(Closure))
#3 C:/Freelance/EKRAF/ekraf-backend/vendor/illuminate/container/BoundMethod.php(35): Illuminate/Container/BoundMethod::callBoundMethod(Object(Laravel/Lumen/Application), Array, Object(Closure))
#4 C:/Freelance/EKRAF/ekraf-backend/vendor/illuminate/container/Container.php(662): Illuminate/Container/BoundMethod::call(Object(Laravel/Lumen/Application), Array, Array, NULL)
#5 C:/Freelance/EKRAF/ekraf-backend/vendor/laravel/lumen-framework/src/Concerns/RoutesRequests.php(391): Illuminate/Container/Container->call(Array, Array)
#6 C:/Freelance/EKRAF/ekraf-backend/vendor/laravel/lumen-framework/src/Concerns/RoutesRequests.php(356): Laravel/Lumen/Application->callControllerCallable(Array, Array)
#7 C:/Freelance/EKRAF/ekraf-backend/vendor/laravel/lumen-framework/src/Concerns/RoutesRequests.php(331): Laravel/Lumen/Application->callLumenController(Object(App/Http/Controllers/DashboardExecController), 'eksekutif', Array)
#8 C:/Freelance/EKRAF/ekraf-backend/vendor/laravel/lumen-framework/src/Concerns/RoutesRequests.php(284): Laravel/Lumen/Application->callControllerAction(Array)
#9 C:/Freelance/EKRAF/ekraf-backend/vendor/laravel/lumen-framework/src/Concerns/RoutesRequests.php(264): Laravel/Lumen/Application->callActionOnArrayBasedRoute(Array)
#10 C:/Freelance/EKRAF/ekraf-backend/vendor/laravel/lumen-framework/src/Routing/Pipeline.php(48): Laravel/Lumen/Application->Laravel/Lumen/Concerns/{closure}(Object(Laravel/Lumen/Http/Request))
#11 C:/Freelance/EKRAF/ekraf-backend/app/Http/Middleware/RoleMiddleware.php(36): Laravel/Lumen/Routing/Pipeline->Laravel/Lumen/Routing/{closure}(Object(Laravel/Lumen/Http/Request))
#12 C:/Freelance/EKRAF/ekraf-backend/vendor/illuminate/pipeline/Pipeline.php(183): App/Http/Middleware/RoleMiddleware->handle(Object(Laravel/Lumen/Http/Request), Object(Closure), 'admin')
#13 C:/Freelance/EKRAF/ekraf-backend/vendor/laravel/lumen-framework/src/Routing/Pipeline.php(30): Illuminate/Pipeline/Pipeline->Illuminate/Pipeline/{closure}(Object(Laravel/Lumen/Http/Request))
#14 C:/Freelance/EKRAF/ekraf-backend/app/Http/Middleware/Authenticate.php(45): Laravel/Lumen/Routing/Pipeline->Laravel/Lumen/Routing/{closure}(Object(Laravel/Lumen/Http/Request))
#15 C:/Freelance/EKRAF/ekraf-backend/vendor/illuminate/pipeline/Pipeline.php(183): App/Http/Middleware/Authenticate->handle(Object(Laravel/Lumen/Http/Request), Object(Closure), 'api')
#16 C:/Freelance/EKRAF/ekraf-backend/vendor/laravel/lumen-framework/src/Routing/Pipeline.php(30): Illuminate/Pipeline/Pipeline->Illuminate/Pipeline/{closure}(Object(Laravel/Lumen/Http/Request))
#17 C:/Freelance/EKRAF/ekraf-backend/vendor/illuminate/pipeline/Pipeline.php(119): Laravel/Lumen/Routing/Pipeline->Laravel/Lumen/Routing/{closure}(Object(Laravel/Lumen/Http/Request))
#18 C:/Freelance/EKRAF/ekraf-backend/vendor/laravel/lumen-framework/src/Concerns/RoutesRequests.php(428): Illuminate/Pipeline/Pipeline->then(Object(Closure))
#19 C:/Freelance/EKRAF/ekraf-backend/vendor/laravel/lumen-framework/src/Concerns/RoutesRequests.php(263): Laravel/Lumen/Application->sendThroughPipeline(Array, Object(Closure))
#20 C:/Freelance/EKRAF/ekraf-backend/vendor/laravel/lumen-framework/src/Concerns/RoutesRequests.php(171): Laravel/Lumen/Application->handleFoundRoute(Array)
#21 C:/Freelance/EKRAF/ekraf-backend/vendor/laravel/lumen-framework/src/Routing/Pipeline.php(48): Laravel/Lumen/Application->Laravel/Lumen/Concerns/{closure}(Object(Laravel/Lumen/Http/Request))
#22 C:/Freelance/EKRAF/ekraf-backend/app/Http/Middleware/CorsMiddleware.php(30): Laravel/Lumen/Routing/Pipeline->Laravel/Lumen/Routing/{closure}(Object(Laravel/Lumen/Http/Request))
#23 C:/Freelance/EKRAF/ekraf-backend/vendor/illuminate/pipeline/Pipeline.php(183): App/Http/Middleware/CorsMiddleware->handle(Object(Laravel/Lumen/Http/Request), Object(Closure))
#24 C:/Freelance/EKRAF/ekraf-backend/vendor/laravel/lumen-framework/src/Routing/Pipeline.php(30): Illuminate/Pipeline/Pipeline->Illuminate/Pipeline/{closure}(Object(Laravel/Lumen/Http/Request))
#25 C:/Freelance/EKRAF/ekraf-backend/vendor/illuminate/pipeline/Pipeline.php(119): Laravel/Lumen/Routing/Pipeline->Laravel/Lumen/Routing/{closure}(Object(Laravel/Lumen/Http/Request))
#26 C:/Freelance/EKRAF/ekraf-backend/vendor/laravel/lumen-framework/src/Concerns/RoutesRequests.php(428): Illuminate/Pipeline/Pipeline->then(Object(Closure))
#27 C:/Freelance/EKRAF/ekraf-backend/vendor/laravel/lumen-framework/src/Concerns/RoutesRequests.php(167): Laravel/Lumen/Application->sendThroughPipeline(Array, Object(Closure))
#28 C:/Freelance/EKRAF/ekraf-backend/vendor/laravel/lumen-framework/src/Concerns/RoutesRequests.php(112): Laravel/Lumen/Application->dispatch(NULL)
#29 C:/Freelance/EKRAF/ekraf-backend/public/index.php(17): Laravel/Lumen/Application->run()
#30 {main}
"} 
[2026-02-13 12:45:08] local.ERROR: Call to undefined function App\Http\Controllers\now() {"exception":"[object] (Error(code: 0): Call to undefined function App\\Http\\Controllers\\now() at C:/Freelance/EKRAF/ekraf-backend/app/Http/Controllers/DashboardExecController.php:150)
[stacktrace]
#0 C:/Freelance/EKRAF/ekraf-backend/vendor/illuminate/container/BoundMethod.php(36): App/Http/Controllers/DashboardExecController->retribusi(Object(Laravel/Lumen/Http/Request))
#1 C:/Freelance/EKRAF/ekraf-backend/vendor/illuminate/container/Util.php(41): Illuminate/Container/BoundMethod::Illuminate/Container/{closure}()
#2 C:/Freelance/EKRAF/ekraf-backend/vendor/illuminate/container/BoundMethod.php(93): Illuminate/Container/Util::unwrapIfClosure(Object(Closure))
#3 C:/Freelance/EKRAF/ekraf-backend/vendor/illuminate/container/BoundMethod.php(35): Illuminate/Container/BoundMethod::callBoundMethod(Object(Laravel/Lumen/Application), Array, Object(Closure))
#4 C:/Freelance/EKRAF/ekraf-backend/vendor/illuminate/container/Container.php(662): Illuminate/Container/BoundMethod::call(Object(Laravel/Lumen/Application), Array, Array, NULL)
#5 C:/Freelance/EKRAF/ekraf-backend/vendor/laravel/lumen-framework/src/Concerns/RoutesRequests.php(391): Illuminate/Container/Container->call(Array, Array)
#6 C:/Freelance/EKRAF/ekraf-backend/vendor/laravel/lumen-framework/src/Concerns/RoutesRequests.php(356): Laravel/Lumen/Application->callControllerCallable(Array, Array)
#7 C:/Freelance/EKRAF/ekraf-backend/vendor/laravel/lumen-framework/src/Concerns/RoutesRequests.php(331): Laravel/Lumen/Application->callLumenController(Object(App/Http/Controllers/DashboardExecController), 'retribusi', Array)
#8 C:/Freelance/EKRAF/ekraf-backend/vendor/laravel/lumen-framework/src/Concerns/RoutesRequests.php(284): Laravel/Lumen/Application->callControllerAction(Array)
#9 C:/Freelance/EKRAF/ekraf-backend/vendor/laravel/lumen-framework/src/Concerns/RoutesRequests.php(264): Laravel/Lumen/Application->callActionOnArrayBasedRoute(Array)
#10 C:/Freelance/EKRAF/ekraf-backend/vendor/laravel/lumen-framework/src/Routing/Pipeline.php(48): Laravel/Lumen/Application->Laravel/Lumen/Concerns/{closure}(Object(Laravel/Lumen/Http/Request))
#11 C:/Freelance/EKRAF/ekraf-backend/app/Http/Middleware/RoleMiddleware.php(36): Laravel/Lumen/Routing/Pipeline->Laravel/Lumen/Routing/{closure}(Object(Laravel/Lumen/Http/Request))
#12 C:/Freelance/EKRAF/ekraf-backend/vendor/illuminate/pipeline/Pipeline.php(183): App/Http/Middleware/RoleMiddleware->handle(Object(Laravel/Lumen/Http/Request), Object(Closure), 'admin')
#13 C:/Freelance/EKRAF/ekraf-backend/vendor/laravel/lumen-framework/src/Routing/Pipeline.php(30): Illuminate/Pipeline/Pipeline->Illuminate/Pipeline/{closure}(Object(Laravel/Lumen/Http/Request))
#14 C:/Freelance/EKRAF/ekraf-backend/app/Http/Middleware/Authenticate.php(45): Laravel/Lumen/Routing/Pipeline->Laravel/Lumen/Routing/{closure}(Object(Laravel/Lumen/Http/Request))
#15 C:/Freelance/EKRAF/ekraf-backend/vendor/illuminate/pipeline/Pipeline.php(183): App/Http/Middleware/Authenticate->handle(Object(Laravel/Lumen/Http/Request), Object(Closure), 'api')
#16 C:/Freelance/EKRAF/ekraf-backend/vendor/laravel/lumen-framework/src/Routing/Pipeline.php(30): Illuminate/Pipeline/Pipeline->Illuminate/Pipeline/{closure}(Object(Laravel/Lumen/Http/Request))
#17 C:/Freelance/EKRAF/ekraf-backend/vendor/illuminate/pipeline/Pipeline.php(119): Laravel/Lumen/Routing/Pipeline->Laravel/Lumen/Routing/{closure}(Object(Laravel/Lumen/Http/Request))
#18 C:/Freelance/EKRAF/ekraf-backend/vendor/laravel/lumen-framework/src/Concerns/RoutesRequests.php(428): Illuminate/Pipeline/Pipeline->then(Object(Closure))
#19 C:/Freelance/EKRAF/ekraf-backend/vendor/laravel/lumen-framework/src/Concerns/RoutesRequests.php(263): Laravel/Lumen/Application->sendThroughPipeline(Array, Object(Closure))
#20 C:/Freelance/EKRAF/ekraf-backend/vendor/laravel/lumen-framework/src/Concerns/RoutesRequests.php(171): Laravel/Lumen/Application->handleFoundRoute(Array)
#21 C:/Freelance/EKRAF/ekraf-backend/vendor/laravel/lumen-framework/src/Routing/Pipeline.php(48): Laravel/Lumen/Application->Laravel/Lumen/Concerns/{closure}(Object(Laravel/Lumen/Http/Request))
#22 C:/Freelance/EKRAF/ekraf-backend/app/Http/Middleware/CorsMiddleware.php(30): Laravel/Lumen/Routing/Pipeline->Laravel/Lumen/Routing/{closure}(Object(Laravel/Lumen/Http/Request))
#23 C:/Freelance/EKRAF/ekraf-backend/vendor/illuminate/pipeline/Pipeline.php(183): App/Http/Middleware/CorsMiddleware->handle(Object(Laravel/Lumen/Http/Request), Object(Closure))
#24 C:/Freelance/EKRAF/ekraf-backend/vendor/laravel/lumen-framework/src/Routing/Pipeline.php(30): Illuminate/Pipeline/Pipeline->Illuminate/Pipeline/{closure}(Object(Laravel/Lumen/Http/Request))
#25 C:/Freelance/EKRAF/ekraf-backend/vendor/illuminate/pipeline/Pipeline.php(119): Laravel/Lumen/Routing/Pipeline->Laravel/Lumen/Routing/{closure}(Object(Laravel/Lumen/Http/Request))
#26 C:/Freelance/EKRAF/ekraf-backend/vendor/laravel/lumen-framework/src/Concerns/RoutesRequests.php(428): Illuminate/Pipeline/Pipeline->then(Object(Closure))
#27 C:/Freelance/EKRAF/ekraf-backend/vendor/laravel/lumen-framework/src/Concerns/RoutesRequests.php(167): Laravel/Lumen/Application->sendThroughPipeline(Array, Object(Closure))
#28 C:/Freelance/EKRAF/ekraf-backend/vendor/laravel/lumen-framework/src/Concerns/RoutesRequests.php(112): Laravel/Lumen/Application->dispatch(NULL)
#29 C:/Freelance/EKRAF/ekraf-backend/public/index.php(17): Laravel/Lumen/Application->run()
#30 {main}
"} 
[2026-02-13 12:45:09] local.ERROR: Call to undefined function App\Http\Controllers\now() {"exception":"[object] (Error(code: 0): Call to undefined function App\\Http\\Controllers\\now() at C:/Freelance/EKRAF/ekraf-backend/app/Http/Controllers/DashboardExecController.php:193)
[stacktrace]
#0 C:/Freelance/EKRAF/ekraf-backend/vendor/illuminate/container/BoundMethod.php(36): App/Http/Controllers/DashboardExecController->okp(Object(Laravel/Lumen/Http/Request))
#1 C:/Freelance/EKRAF/ekraf-backend/vendor/illuminate/container/Util.php(41): Illuminate/Container/BoundMethod::Illuminate/Container/{closure}()
#2 C:/Freelance/EKRAF/ekraf-backend/vendor/illuminate/container/BoundMethod.php(93): Illuminate/Container/Util::unwrapIfClosure(Object(Closure))
#3 C:/Freelance/EKRAF/ekraf-backend/vendor/illuminate/container/BoundMethod.php(35): Illuminate/Container/BoundMethod::callBoundMethod(Object(Laravel/Lumen/Application), Array, Object(Closure))
#4 C:/Freelance/EKRAF/ekraf-backend/vendor/illuminate/container/Container.php(662): Illuminate/Container/BoundMethod::call(Object(Laravel/Lumen/Application), Array, Array, NULL)
#5 C:/Freelance/EKRAF/ekraf-backend/vendor/laravel/lumen-framework/src/Concerns/RoutesRequests.php(391): Illuminate/Container/Container->call(Array, Array)
#6 C:/Freelance/EKRAF/ekraf-backend/vendor/laravel/lumen-framework/src/Concerns/RoutesRequests.php(356): Laravel/Lumen/Application->callControllerCallable(Array, Array)
#7 C:/Freelance/EKRAF/ekraf-backend/vendor/laravel/lumen-framework/src/Concerns/RoutesRequests.php(331): Laravel/Lumen/Application->callLumenController(Object(App/Http/Controllers/DashboardExecController), 'okp', Array)
#8 C:/Freelance/EKRAF/ekraf-backend/vendor/laravel/lumen-framework/src/Concerns/RoutesRequests.php(284): Laravel/Lumen/Application->callControllerAction(Array)
#9 C:/Freelance/EKRAF/ekraf-backend/vendor/laravel/lumen-framework/src/Concerns/RoutesRequests.php(264): Laravel/Lumen/Application->callActionOnArrayBasedRoute(Array)
#10 C:/Freelance/EKRAF/ekraf-backend/vendor/laravel/lumen-framework/src/Routing/Pipeline.php(48): Laravel/Lumen/Application->Laravel/Lumen/Concerns/{closure}(Object(Laravel/Lumen/Http/Request))
#11 C:/Freelance/EKRAF/ekraf-backend/app/Http/Middleware/RoleMiddleware.php(36): Laravel/Lumen/Routing/Pipeline->Laravel/Lumen/Routing/{closure}(Object(Laravel/Lumen/Http/Request))
#12 C:/Freelance/EKRAF/ekraf-backend/vendor/illuminate/pipeline/Pipeline.php(183): App/Http/Middleware/RoleMiddleware->handle(Object(Laravel/Lumen/Http/Request), Object(Closure), 'admin')
#13 C:/Freelance/EKRAF/ekraf-backend/vendor/laravel/lumen-framework/src/Routing/Pipeline.php(30): Illuminate/Pipeline/Pipeline->Illuminate/Pipeline/{closure}(Object(Laravel/Lumen/Http/Request))
#14 C:/Freelance/EKRAF/ekraf-backend/app/Http/Middleware/Authenticate.php(45): Laravel/Lumen/Routing/Pipeline->Laravel/Lumen/Routing/{closure}(Object(Laravel/Lumen/Http/Request))
#15 C:/Freelance/EKRAF/ekraf-backend/vendor/illuminate/pipeline/Pipeline.php(183): App/Http/Middleware/Authenticate->handle(Object(Laravel/Lumen/Http/Request), Object(Closure), 'api')
#16 C:/Freelance/EKRAF/ekraf-backend/vendor/laravel/lumen-framework/src/Routing/Pipeline.php(30): Illuminate/Pipeline/Pipeline->Illuminate/Pipeline/{closure}(Object(Laravel/Lumen/Http/Request))
#17 C:/Freelance/EKRAF/ekraf-backend/vendor/illuminate/pipeline/Pipeline.php(119): Laravel/Lumen/Routing/Pipeline->Laravel/Lumen/Routing/{closure}(Object(Laravel/Lumen/Http/Request))
#18 C:/Freelance/EKRAF/ekraf-backend/vendor/laravel/lumen-framework/src/Concerns/RoutesRequests.php(428): Illuminate/Pipeline/Pipeline->then(Object(Closure))
#19 C:/Freelance/EKRAF/ekraf-backend/vendor/laravel/lumen-framework/src/Concerns/RoutesRequests.php(263): Laravel/Lumen/Application->sendThroughPipeline(Array, Object(Closure))
#20 C:/Freelance/EKRAF/ekraf-backend/vendor/laravel/lumen-framework/src/Concerns/RoutesRequests.php(171): Laravel/Lumen/Application->handleFoundRoute(Array)
#21 C:/Freelance/EKRAF/ekraf-backend/vendor/laravel/lumen-framework/src/Routing/Pipeline.php(48): Laravel/Lumen/Application->Laravel/Lumen/Concerns/{closure}(Object(Laravel/Lumen/Http/Request))
#22 C:/Freelance/EKRAF/ekraf-backend/app/Http/Middleware/CorsMiddleware.php(30): Laravel/Lumen/Routing/Pipeline->Laravel/Lumen/Routing/{closure}(Object(Laravel/Lumen/Http/Request))
#23 C:/Freelance/EKRAF/ekraf-backend/vendor/illuminate/pipeline/Pipeline.php(183): App/Http/Middleware/CorsMiddleware->handle(Object(Laravel/Lumen/Http/Request), Object(Closure))
#24 C:/Freelance/EKRAF/ekraf-backend/vendor/laravel/lumen-framework/src/Routing/Pipeline.php(30): Illuminate/Pipeline/Pipeline->Illuminate/Pipeline/{closure}(Object(Laravel/Lumen/Http/Request))
#25 C:/Freelance/EKRAF/ekraf-backend/vendor/illuminate/pipeline/Pipeline.php(119): Laravel/Lumen/Routing/Pipeline->Laravel/Lumen/Routing/{closure}(Object(Laravel/Lumen/Http/Request))
#26 C:/Freelance/EKRAF/ekraf-backend/vendor/laravel/lumen-framework/src/Concerns/RoutesRequests.php(428): Illuminate/Pipeline/Pipeline->then(Object(Closure))
#27 C:/Freelance/EKRAF/ekraf-backend/vendor/laravel/lumen-framework/src/Concerns/RoutesRequests.php(167): Laravel/Lumen/Application->sendThroughPipeline(Array, Object(Closure))
#28 C:/Freelance/EKRAF/ekraf-backend/vendor/laravel/lumen-framework/src/Concerns/RoutesRequests.php(112): Laravel/Lumen/Application->dispatch(NULL)
#29 C:/Freelance/EKRAF/ekraf-backend/public/index.php(17): Laravel/Lumen/Application->run()
#30 {main}
"} 
[2026-02-13 12:45:11] local.ERROR: Call to undefined function App\Http\Controllers\now() {"exception":"[object] (Error(code: 0): Call to undefined function App\\Http\\Controllers\\now() at C:/Freelance/EKRAF/ekraf-backend/app/Http/Controllers/DashboardExecController.php:245)
[stacktrace]
#0 C:/Freelance/EKRAF/ekraf-backend/vendor/illuminate/container/BoundMethod.php(36): App/Http/Controllers/DashboardExecController->wisata(Object(Laravel/Lumen/Http/Request))
#1 C:/Freelance/EKRAF/ekraf-backend/vendor/illuminate/container/Util.php(41): Illuminate/Container/BoundMethod::Illuminate/Container/{closure}()
#2 C:/Freelance/EKRAF/ekraf-backend/vendor/illuminate/container/BoundMethod.php(93): Illuminate/Container/Util::unwrapIfClosure(Object(Closure))
#3 C:/Freelance/EKRAF/ekraf-backend/vendor/illuminate/container/BoundMethod.php(35): Illuminate/Container/BoundMethod::callBoundMethod(Object(Laravel/Lumen/Application), Array, Object(Closure))
#4 C:/Freelance/EKRAF/ekraf-backend/vendor/illuminate/container/Container.php(662): Illuminate/Container/BoundMethod::call(Object(Laravel/Lumen/Application), Array, Array, NULL)
#5 C:/Freelance/EKRAF/ekraf-backend/vendor/laravel/lumen-framework/src/Concerns/RoutesRequests.php(391): Illuminate/Container/Container->call(Array, Array)
#6 C:/Freelance/EKRAF/ekraf-backend/vendor/laravel/lumen-framework/src/Concerns/RoutesRequests.php(356): Laravel/Lumen/Application->callControllerCallable(Array, Array)
#7 C:/Freelance/EKRAF/ekraf-backend/vendor/laravel/lumen-framework/src/Concerns/RoutesRequests.php(331): Laravel/Lumen/Application->callLumenController(Object(App/Http/Controllers/DashboardExecController), 'wisata', Array)
#8 C:/Freelance/EKRAF/ekraf-backend/vendor/laravel/lumen-framework/src/Concerns/RoutesRequests.php(284): Laravel/Lumen/Application->callControllerAction(Array)
#9 C:/Freelance/EKRAF/ekraf-backend/vendor/laravel/lumen-framework/src/Concerns/RoutesRequests.php(264): Laravel/Lumen/Application->callActionOnArrayBasedRoute(Array)
#10 C:/Freelance/EKRAF/ekraf-backend/vendor/laravel/lumen-framework/src/Routing/Pipeline.php(48): Laravel/Lumen/Application->Laravel/Lumen/Concerns/{closure}(Object(Laravel/Lumen/Http/Request))
#11 C:/Freelance/EKRAF/ekraf-backend/app/Http/Middleware/RoleMiddleware.php(36): Laravel/Lumen/Routing/Pipeline->Laravel/Lumen/Routing/{closure}(Object(Laravel/Lumen/Http/Request))
#12 C:/Freelance/EKRAF/ekraf-backend/vendor/illuminate/pipeline/Pipeline.php(183): App/Http/Middleware/RoleMiddleware->handle(Object(Laravel/Lumen/Http/Request), Object(Closure), 'admin')
#13 C:/Freelance/EKRAF/ekraf-backend/vendor/laravel/lumen-framework/src/Routing/Pipeline.php(30): Illuminate/Pipeline/Pipeline->Illuminate/Pipeline/{closure}(Object(Laravel/Lumen/Http/Request))
#14 C:/Freelance/EKRAF/ekraf-backend/app/Http/Middleware/Authenticate.php(45): Laravel/Lumen/Routing/Pipeline->Laravel/Lumen/Routing/{closure}(Object(Laravel/Lumen/Http/Request))
#15 C:/Freelance/EKRAF/ekraf-backend/vendor/illuminate/pipeline/Pipeline.php(183): App/Http/Middleware/Authenticate->handle(Object(Laravel/Lumen/Http/Request), Object(Closure), 'api')
#16 C:/Freelance/EKRAF/ekraf-backend/vendor/laravel/lumen-framework/src/Routing/Pipeline.php(30): Illuminate/Pipeline/Pipeline->Illuminate/Pipeline/{closure}(Object(Laravel/Lumen/Http/Request))
#17 C:/Freelance/EKRAF/ekraf-backend/vendor/illuminate/pipeline/Pipeline.php(119): Laravel/Lumen/Routing/Pipeline->Laravel/Lumen/Routing/{closure}(Object(Laravel/Lumen/Http/Request))
#18 C:/Freelance/EKRAF/ekraf-backend/vendor/laravel/lumen-framework/src/Concerns/RoutesRequests.php(428): Illuminate/Pipeline/Pipeline->then(Object(Closure))
#19 C:/Freelance/EKRAF/ekraf-backend/vendor/laravel/lumen-framework/src/Concerns/RoutesRequests.php(263): Laravel/Lumen/Application->sendThroughPipeline(Array, Object(Closure))
#20 C:/Freelance/EKRAF/ekraf-backend/vendor/laravel/lumen-framework/src/Concerns/RoutesRequests.php(171): Laravel/Lumen/Application->handleFoundRoute(Array)
#21 C:/Freelance/EKRAF/ekraf-backend/vendor/laravel/lumen-framework/src/Routing/Pipeline.php(48): Laravel/Lumen/Application->Laravel/Lumen/Concerns/{closure}(Object(Laravel/Lumen/Http/Request))
#22 C:/Freelance/EKRAF/ekraf-backend/app/Http/Middleware/CorsMiddleware.php(30): Laravel/Lumen/Routing/Pipeline->Laravel/Lumen/Routing/{closure}(Object(Laravel/Lumen/Http/Request))
#23 C:/Freelance/EKRAF/ekraf-backend/vendor/illuminate/pipeline/Pipeline.php(183): App/Http/Middleware/CorsMiddleware->handle(Object(Laravel/Lumen/Http/Request), Object(Closure))
#24 C:/Freelance/EKRAF/ekraf-backend/vendor/laravel/lumen-framework/src/Routing/Pipeline.php(30): Illuminate/Pipeline/Pipeline->Illuminate/Pipeline/{closure}(Object(Laravel/Lumen/Http/Request))
#25 C:/Freelance/EKRAF/ekraf-backend/vendor/illuminate/pipeline/Pipeline.php(119): Laravel/Lumen/Routing/Pipeline->Laravel/Lumen/Routing/{closure}(Object(Laravel/Lumen/Http/Request))
#26 C:/Freelance/EKRAF/ekraf-backend/vendor/laravel/lumen-framework/src/Concerns/RoutesRequests.php(428): Illuminate/Pipeline/Pipeline->then(Object(Closure))
#27 C:/Freelance/EKRAF/ekraf-backend/vendor/laravel/lumen-framework/src/Concerns/RoutesRequests.php(167): Laravel/Lumen/Application->sendThroughPipeline(Array, Object(Closure))
#28 C:/Freelance/EKRAF/ekraf-backend/vendor/laravel/lumen-framework/src/Concerns/RoutesRequests.php(112): Laravel/Lumen/Application->dispatch(NULL)
#29 C:/Freelance/EKRAF/ekraf-backend/public/index.php(17): Laravel/Lumen/Application->run()
#30 {main}
"} 
[2026-02-13 12:45:25] local.ERROR: Call to undefined function App\Http\Controllers\now() {"exception":"[object] (Error(code: 0): Call to undefined function App\\Http\\Controllers\\now() at C:/Freelance/EKRAF/ekraf-backend/app/Http/Controllers/DashboardExecController.php:23)
[stacktrace]
#0 C:/Freelance/EKRAF/ekraf-backend/vendor/illuminate/container/BoundMethod.php(36): App/Http/Controllers/DashboardExecController->eksekutif()
#1 C:/Freelance/EKRAF/ekraf-backend/vendor/illuminate/container/Util.php(41): Illuminate/Container/BoundMethod::Illuminate/Container/{closure}()
#2 C:/Freelance/EKRAF/ekraf-backend/vendor/illuminate/container/BoundMethod.php(93): Illuminate/Container/Util::unwrapIfClosure(Object(Closure))
#3 C:/Freelance/EKRAF/ekraf-backend/vendor/illuminate/container/BoundMethod.php(35): Illuminate/Container/BoundMethod::callBoundMethod(Object(Laravel/Lumen/Application), Array, Object(Closure))
#4 C:/Freelance/EKRAF/ekraf-backend/vendor/illuminate/container/Container.php(662): Illuminate/Container/BoundMethod::call(Object(Laravel/Lumen/Application), Array, Array, NULL)
#5 C:/Freelance/EKRAF/ekraf-backend/vendor/laravel/lumen-framework/src/Concerns/RoutesRequests.php(391): Illuminate/Container/Container->call(Array, Array)
#6 C:/Freelance/EKRAF/ekraf-backend/vendor/laravel/lumen-framework/src/Concerns/RoutesRequests.php(356): Laravel/Lumen/Application->callControllerCallable(Array, Array)
#7 C:/Freelance/EKRAF/ekraf-backend/vendor/laravel/lumen-framework/src/Concerns/RoutesRequests.php(331): Laravel/Lumen/Application->callLumenController(Object(App/Http/Controllers/DashboardExecController), 'eksekutif', Array)
#8 C:/Freelance/EKRAF/ekraf-backend/vendor/laravel/lumen-framework/src/Concerns/RoutesRequests.php(284): Laravel/Lumen/Application->callControllerAction(Array)
#9 C:/Freelance/EKRAF/ekraf-backend/vendor/laravel/lumen-framework/src/Concerns/RoutesRequests.php(264): Laravel/Lumen/Application->callActionOnArrayBasedRoute(Array)
#10 C:/Freelance/EKRAF/ekraf-backend/vendor/laravel/lumen-framework/src/Routing/Pipeline.php(48): Laravel/Lumen/Application->Laravel/Lumen/Concerns/{closure}(Object(Laravel/Lumen/Http/Request))
#11 C:/Freelance/EKRAF/ekraf-backend/app/Http/Middleware/RoleMiddleware.php(36): Laravel/Lumen/Routing/Pipeline->Laravel/Lumen/Routing/{closure}(Object(Laravel/Lumen/Http/Request))
#12 C:/Freelance/EKRAF/ekraf-backend/vendor/illuminate/pipeline/Pipeline.php(183): App/Http/Middleware/RoleMiddleware->handle(Object(Laravel/Lumen/Http/Request), Object(Closure), 'admin')
#13 C:/Freelance/EKRAF/ekraf-backend/vendor/laravel/lumen-framework/src/Routing/Pipeline.php(30): Illuminate/Pipeline/Pipeline->Illuminate/Pipeline/{closure}(Object(Laravel/Lumen/Http/Request))
#14 C:/Freelance/EKRAF/ekraf-backend/app/Http/Middleware/Authenticate.php(45): Laravel/Lumen/Routing/Pipeline->Laravel/Lumen/Routing/{closure}(Object(Laravel/Lumen/Http/Request))
#15 C:/Freelance/EKRAF/ekraf-backend/vendor/illuminate/pipeline/Pipeline.php(183): App/Http/Middleware/Authenticate->handle(Object(Laravel/Lumen/Http/Request), Object(Closure), 'api')
#16 C:/Freelance/EKRAF/ekraf-backend/vendor/laravel/lumen-framework/src/Routing/Pipeline.php(30): Illuminate/Pipeline/Pipeline->Illuminate/Pipeline/{closure}(Object(Laravel/Lumen/Http/Request))
#17 C:/Freelance/EKRAF/ekraf-backend/vendor/illuminate/pipeline/Pipeline.php(119): Laravel/Lumen/Routing/Pipeline->Laravel/Lumen/Routing/{closure}(Object(Laravel/Lumen/Http/Request))
#18 C:/Freelance/EKRAF/ekraf-backend/vendor/laravel/lumen-framework/src/Concerns/RoutesRequests.php(428): Illuminate/Pipeline/Pipeline->then(Object(Closure))
#19 C:/Freelance/EKRAF/ekraf-backend/vendor/laravel/lumen-framework/src/Concerns/RoutesRequests.php(263): Laravel/Lumen/Application->sendThroughPipeline(Array, Object(Closure))
#20 C:/Freelance/EKRAF/ekraf-backend/vendor/laravel/lumen-framework/src/Concerns/RoutesRequests.php(171): Laravel/Lumen/Application->handleFoundRoute(Array)
#21 C:/Freelance/EKRAF/ekraf-backend/vendor/laravel/lumen-framework/src/Routing/Pipeline.php(48): Laravel/Lumen/Application->Laravel/Lumen/Concerns/{closure}(Object(Laravel/Lumen/Http/Request))
#22 C:/Freelance/EKRAF/ekraf-backend/app/Http/Middleware/CorsMiddleware.php(30): Laravel/Lumen/Routing/Pipeline->Laravel/Lumen/Routing/{closure}(Object(Laravel/Lumen/Http/Request))
#23 C:/Freelance/EKRAF/ekraf-backend/vendor/illuminate/pipeline/Pipeline.php(183): App/Http/Middleware/CorsMiddleware->handle(Object(Laravel/Lumen/Http/Request), Object(Closure))
#24 C:/Freelance/EKRAF/ekraf-backend/vendor/laravel/lumen-framework/src/Routing/Pipeline.php(30): Illuminate/Pipeline/Pipeline->Illuminate/Pipeline/{closure}(Object(Laravel/Lumen/Http/Request))
#25 C:/Freelance/EKRAF/ekraf-backend/vendor/illuminate/pipeline/Pipeline.php(119): Laravel/Lumen/Routing/Pipeline->Laravel/Lumen/Routing/{closure}(Object(Laravel/Lumen/Http/Request))
#26 C:/Freelance/EKRAF/ekraf-backend/vendor/laravel/lumen-framework/src/Concerns/RoutesRequests.php(428): Illuminate/Pipeline/Pipeline->then(Object(Closure))
#27 C:/Freelance/EKRAF/ekraf-backend/vendor/laravel/lumen-framework/src/Concerns/RoutesRequests.php(167): Laravel/Lumen/Application->sendThroughPipeline(Array, Object(Closure))
#28 C:/Freelance/EKRAF/ekraf-backend/vendor/laravel/lumen-framework/src/Concerns/RoutesRequests.php(112): Laravel/Lumen/Application->dispatch(NULL)
#29 C:/Freelance/EKRAF/ekraf-backend/public/index.php(17): Laravel/Lumen/Application->run()
#30 {main}
"} 
[2026-02-13 13:07:44] local.ERROR: Command "serve" is not defined. {"exception":"[object] (Symfony\\Component\\Console\\Exception\\CommandNotFoundException(code: 0): Command \"serve\" is not defined. at C:/Freelance/EKRAF/ekraf-backend/vendor/symfony/console/Application.php:745)
[stacktrace]
#0 C:/Freelance/EKRAF/ekraf-backend/vendor/symfony/console/Application.php(266): Symfony/Component/Console/Application->find('serve')
#1 C:/Freelance/EKRAF/ekraf-backend/vendor/symfony/console/Application.php(175): Symfony/Component/Console/Application->doRun(Object(Symfony/Component/Console/Input/ArgvInput), Object(Symfony/Component/Console/Output/ConsoleOutput))
#2 C:/Freelance/EKRAF/ekraf-backend/vendor/laravel/lumen-framework/src/Console/Kernel.php(160): Symfony/Component/Console/Application->run(Object(Symfony/Component/Console/Input/ArgvInput), Object(Symfony/Component/Console/Output/ConsoleOutput))
#3 C:/Freelance/EKRAF/ekraf-backend/artisan(25): Laravel/Lumen/Console/Kernel->handle(Object(Symfony/Component/Console/Input/ArgvInput), Object(Symfony/Component/Console/Output/ConsoleOutput))
#4 {main}
"} 
[2026-02-13 13:08:25] local.ERROR: Command "serev" is not defined. {"exception":"[object] (Symfony\\Component\\Console\\Exception\\CommandNotFoundException(code: 0): Command \"serev\" is not defined. at C:/Freelance/EKRAF/ekraf-backend/vendor/symfony/console/Application.php:745)
[stacktrace]
#0 C:/Freelance/EKRAF/ekraf-backend/vendor/symfony/console/Application.php(266): Symfony/Component/Console/Application->find('serev')
#1 C:/Freelance/EKRAF/ekraf-backend/vendor/symfony/console/Application.php(175): Symfony/Component/Console/Application->doRun(Object(Symfony/Component/Console/Input/ArgvInput), Object(Symfony/Component/Console/Output/ConsoleOutput))
#2 C:/Freelance/EKRAF/ekraf-backend/vendor/laravel/lumen-framework/src/Console/Kernel.php(160): Symfony/Component/Console/Application->run(Object(Symfony/Component/Console/Input/ArgvInput), Object(Symfony/Component/Console/Output/ConsoleOutput))
#3 C:/Freelance/EKRAF/ekraf-backend/artisan(25): Laravel/Lumen/Console/Kernel->handle(Object(Symfony/Component/Console/Input/ArgvInput), Object(Symfony/Component/Console/Output/ConsoleOutput))
#4 {main}
"} 
[2026-02-13 13:08:30] local.ERROR: Command "serve" is not defined. {"exception":"[object] (Symfony\\Component\\Console\\Exception\\CommandNotFoundException(code: 0): Command \"serve\" is not defined. at C:/Freelance/EKRAF/ekraf-backend/vendor/symfony/console/Application.php:745)
[stacktrace]
#0 C:/Freelance/EKRAF/ekraf-backend/vendor/symfony/console/Application.php(266): Symfony/Component/Console/Application->find('serve')
#1 C:/Freelance/EKRAF/ekraf-backend/vendor/symfony/console/Application.php(175): Symfony/Component/Console/Application->doRun(Object(Symfony/Component/Console/Input/ArgvInput), Object(Symfony/Component/Console/Output/ConsoleOutput))
#2 C:/Freelance/EKRAF/ekraf-backend/vendor/laravel/lumen-framework/src/Console/Kernel.php(160): Symfony/Component/Console/Application->run(Object(Symfony/Component/Console/Input/ArgvInput), Object(Symfony/Component/Console/Output/ConsoleOutput))
#3 C:/Freelance/EKRAF/ekraf-backend/artisan(25): Laravel/Lumen/Console/Kernel->handle(Object(Symfony/Component/Console/Input/ArgvInput), Object(Symfony/Component/Console/Output/ConsoleOutput))
#4 {main}
"} 
[2026-02-13 15:47:02] local.ERROR: Command "tinker" is not defined. {"exception":"[object] (Symfony\\Component\\Console\\Exception\\CommandNotFoundException(code: 0): Command \"tinker\" is not defined. at C:/Freelance/EKRAF/ekraf-backend/vendor/symfony/console/Application.php:745)
[stacktrace]
#0 C:/Freelance/EKRAF/ekraf-backend/vendor/symfony/console/Application.php(266): Symfony/Component/Console/Application->find('tinker')
#1 C:/Freelance/EKRAF/ekraf-backend/vendor/symfony/console/Application.php(175): Symfony/Component/Console/Application->doRun(Object(Symfony/Component/Console/Input/ArgvInput), Object(Symfony/Component/Console/Output/ConsoleOutput))
#2 C:/Freelance/EKRAF/ekraf-backend/vendor/laravel/lumen-framework/src/Console/Kernel.php(160): Symfony/Component/Console/Application->run(Object(Symfony/Component/Console/Input/ArgvInput), Object(Symfony/Component/Console/Output/ConsoleOutput))
#3 C:/Freelance/EKRAF/ekraf-backend/artisan(25): Laravel/Lumen/Console/Kernel->handle(Object(Symfony/Component/Console/Input/ArgvInput), Object(Symfony/Component/Console/Output/ConsoleOutput))
#4 {main}
"} 
